<?xml version="1.0" encoding="UTF-8"?>
<!-- Generated by org.testng.reporters.JUnitXMLReporter -->
<testsuite ignored="0" hostname="ManiBeeee" failures="0" tests="10" name="Test" time="41.542" errors="0" timestamp="2024-09-01T22:13:31 IST">
  <testcase classname="API.E2E" name="GetAPIToken" time="5.386"/>
  <testcase classname="API.E2E" name="createFromAccount" time="2.599"/>
  <testcase classname="API.E2E" name="createToAccount" time="2.327"/>
  <testcase classname="API.E2E" name="GetAllAccounts" time="2.024"/>
  <testcase classname="API.E2E" name="CreateTransaction" time="2.927"/>
  <testcase classname="API.E2E" name="GetAllTransactions" time="3.379"/>
  <testcase classname="API.E2E" name="GetTransaction" time="2.645"/>
  <testcase classname="API.E2E" name="GetFromToAccountCurrentBalance" time="9.408"/>
  <testcase classname="API.E2E" name="InsufficientFundsTransaction" time="3.977"/>
  <testcase classname="API.E2E" name="DeleteFromToAccounts" time="6.763"/>
</testsuite> <!-- Test -->
