<?xml version="1.0" encoding="UTF-8"?>
<testsuite xmlns:xsi="http://www.w3.org/2001/XMLSchema-instance" xsi:noNamespaceSchemaLocation="https://maven.apache.org/surefire/maven-surefire-plugin/xsd/surefire-test-report-3.0.xsd" version="3.0" name="TestSuite" time="47.452" tests="40" errors="0" skipped="39" failures="1">
  <properties>
[...]
</properties>
  <testcase name="BrowserAssignment" classname="TestExecution.Runner" time="5.012">
    <failure message="Could not start a new session. Possible causes are invalid address of the remote server or browser start-up failure.&#10;Build info: version: &apos;4.1.0&apos;, revision: &apos;87802e897b&apos;&#10;System info: host: &apos;MANIBEEEE&apos;, ip: &apos;192.168.1.116&apos;, os.name: &apos;Windows 11&apos;, os.arch: &apos;amd64&apos;, os.version: &apos;10.0&apos;, java.version: &apos;21.0.3&apos;&#10;Driver info: org.openqa.selenium.firefox.FirefoxDriver&#10;Command: [null, newSession {capabilities=[Capabilities {acceptInsecureCerts: true, browserName: firefox, moz:debuggerAddress: true, moz:firefoxOptions: {}}], desiredCapabilities=Capabilities {acceptInsecureCerts: true, browserName: firefox, moz:debuggerAddress: true, moz:firefoxOptions: {}}}]" type="org.openqa.selenium.SessionNotCreatedException"><![CDATA[org.openqa.selenium.SessionNotCreatedException: 
Could not start a new session. Possible causes are invalid address of the remote server or browser start-up failure.
Build info: version: '4.1.0', revision: '87802e897b'
System info: host: 'MANIBEEEE', ip: '192.168.1.116', os.name: 'Windows 11', os.arch: 'amd64', os.version: '10.0', java.version: '21.0.3'
Driver info: org.openqa.selenium.firefox.FirefoxDriver
Command: [null, newSession {capabilities=[Capabilities {acceptInsecureCerts: true, browserName: firefox, moz:debuggerAddress: true, moz:firefoxOptions: {}}], desiredCapabilities=Capabilities {acceptInsecureCerts: true, browserName: firefox, moz:debuggerAddress: true, moz:firefoxOptions: {}}}]
	at TestExecution.Runner.BrowserAssignment(Runner.java:49)
Caused by: java.io.UncheckedIOException: java.net.ConnectException: Connection refused: getsockopt: localhost/[0:0:0:0:0:0:0:1]:63357
	at TestExecution.Runner.BrowserAssignment(Runner.java:49)
Caused by: java.net.ConnectException: Connection refused: getsockopt: localhost/[0:0:0:0:0:0:0:1]:63357
Caused by: io.netty.channel.AbstractChannel$AnnotatedConnectException: Connection refused: getsockopt: localhost/[0:0:0:0:0:0:0:1]:63357
Caused by: java.net.ConnectException: Connection refused: getsockopt
]]></failure>
    <system-out><![CDATA[2024-08-02T08:40:02.871662200Z TestNG-test=Test-1 ERROR Log4j2 could not find a logging implementation. Please add log4j-core to the classpath. Using SimpleLogger to log to the console...
]]></system-out>
    <system-err><![CDATA[SLF4J: Failed to load class "org.slf4j.impl.StaticLoggerBinder".
SLF4J: Defaulting to no-operation (NOP) logger implementation
SLF4J: See http://www.slf4j.org/codes.html#StaticLoggerBinder for further details.
1722588005306	geckodriver	INFO	Listening on 127.0.0.1:52174
1722588005321	geckodriver	INFO	Listening on 127.0.0.1:57287
1722588005652	geckodriver	INFO	Listening on 127.0.0.1:52308
1722588006215	geckodriver	INFO	Listening on 127.0.0.1:63357
1722588006227	geckodriver	INFO	Listening on 127.0.0.1:53071
1722588006263	mozrunner::runner	INFO	Running command: "C:\\Program Files\\Mozilla Firefox\\firefox.exe" "--marionette" "--remote-debugging-port" "50678" "--remote-allow-hosts" "localhost" "-no-remote" "-profile" "C:\\Users\\swats\\AppData\\Local\\Temp\\rust_mozprofilem5Ums9"
1722588006311	mozrunner::runner	INFO	Running command: "C:\\Program Files\\Mozilla Firefox\\firefox.exe" "--marionette" "--remote-debugging-port" "50986" "--remote-allow-hosts" "localhost" "-no-remote" "-profile" "C:\\Users\\swats\\AppData\\Local\\Temp\\rust_mozprofilepT5S4S"
1722588006349	mozrunner::runner	INFO	Running comm1722588006369	geckodriver	INFO	Listening on 127.0.0.1:53317
and: "C:\\Program Files\\Mozilla Firefox\\firefox.exe" "--marionette" "--remote-debugging-port" "64425" "--remote-allow-hosts" "localhost" "-no-remote" "-profile" "C:\\Users\\swats\\AppData\\Local\\Temp\\rust_mozprofile090xHz"
1722588006450	mozrunner::runner	INFO	Running command: "C:\\Program Files\\Mozilla Firefox\\fir]]></system-err>
  </testcase>
  <testcase name="BrowserAssignment" classname="TestExecution.Runner" time="0">
    <skipped/>
  </testcase>
  <testcase name="BrowserAssignment" classname="TestExecution.Runner" time="0">
    <skipped/>
  </testcase>
  <testcase name="BrowserAssignment" classname="TestExecution.Runner" time="0">
    <skipped/>
  </testcase>
  <testcase name="BrowserAssignment" classname="TestExecution.Runner" time="0">
    <skipped/>
  </testcase>
  <testcase name="BrowserAssignment" classname="TestExecution.Runner" time="0">
    <skipped/>
  </testcase>
  <testcase name="BrowserAssignment" classname="TestExecution.Runner" time="0">
    <skipped/>
  </testcase>
  <testcase name="BrowserAssignment" classname="TestExecution.Runner" time="0">
    <skipped/>
  </testcase>
  <testcase name="ActionsUsage" classname="TestExecution.Runner" time="0">
    <skipped message="Could not start a new session. Possible causes are invalid address of the remote server or browser start-up failure.&#10;Build info: version: &apos;4.1.0&apos;, revision: &apos;87802e897b&apos;&#10;System info: host: &apos;MANIBEEEE&apos;, ip: &apos;192.168.1.116&apos;, os.name: &apos;Windows 11&apos;, os.arch: &apos;amd64&apos;, os.version: &apos;10.0&apos;, java.version: &apos;21.0.3&apos;&#10;Driver info: org.openqa.selenium.firefox.FirefoxDriver&#10;Command: [null, newSession {capabilities=[Capabilities {acceptInsecureCerts: true, browserName: firefox, moz:debuggerAddress: true, moz:firefoxOptions: {}}], desiredCapabilities=Capabilities {acceptInsecureCerts: true, browserName: firefox, moz:debuggerAddress: true, moz:firefoxOptions: {}}}]"/>
    <system-err><![CDATA[efox.exe" "--marionette" "--remote-debugging-port" "52541" "--remote-allow-hosts" "localhost" "-no-remote" "-profile" "C:\\Users\\swats\\AppData\\Local\\Temp\\rust_mozprofile3CRi8a"
]]></system-err>
  </testcase>
  <testcase name="CloseBrowser" classname="TestExecution.Runner" time="0">
    <skipped/>
  </testcase>
  <testcase name="CloseBrowser" classname="TestExecution.Runner" time="0">
    <skipped/>
  </testcase>
  <testcase name="CloseBrowser" classname="TestExecution.Runner" time="0">
    <skipped/>
  </testcase>
  <testcase name="CloseBrowser" classname="TestExecution.Runner" time="0">
    <skipped/>
  </testcase>
  <testcase name="CloseBrowser" classname="TestExecution.Runner" time="0">
    <skipped/>
  </testcase>
  <testcase name="CloseBrowser" classname="TestExecution.Runner" time="0">
    <skipped/>
  </testcase>
  <testcase name="CloseBrowser" classname="TestExecution.Runner" time="0">
    <skipped/>
  </testcase>
  <testcase name="CloseBrowser" classname="TestExecution.Runner" time="0">
    <skipped/>
  </testcase>
  <testcase name="CloseBrowser" classname="TestExecution.Runner" time="0">
    <skipped/>
  </testcase>
  <testcase name="CloseBrowser" classname="TestExecution.Runner" time="0">
    <skipped/>
  </testcase>
  <testcase name="CloseBrowser" classname="TestExecution.Runner" time="0">
    <skipped/>
  </testcase>
  <testcase name="CloseBrowser" classname="TestExecution.Runner" time="0">
    <skipped/>
  </testcase>
  <testcase name="CloseBrowser" classname="TestExecution.Runner" time="0">
    <skipped/>
  </testcase>
  <testcase name="CloseBrowser" classname="TestExecution.Runner" time="0">
    <skipped/>
  </testcase>
  <testcase name="CloseBrowser" classname="TestExecution.Runner" time="0">
    <skipped/>
  </testcase>
  <testcase name="CloseBrowser" classname="TestExecution.Runner" time="0">
    <skipped/>
  </testcase>
  <testcase name="PageFactoryExample" classname="TestExecution.Runner" time="0">
    <skipped message="Could not start a new session. Possible causes are invalid address of the remote server or browser start-up failure.&#10;Build info: version: &apos;4.1.0&apos;, revision: &apos;87802e897b&apos;&#10;System info: host: &apos;MANIBEEEE&apos;, ip: &apos;192.168.1.116&apos;, os.name: &apos;Windows 11&apos;, os.arch: &apos;amd64&apos;, os.version: &apos;10.0&apos;, java.version: &apos;21.0.3&apos;&#10;Driver info: org.openqa.selenium.firefox.FirefoxDriver&#10;Command: [null, newSession {capabilities=[Capabilities {acceptInsecureCerts: true, browserName: firefox, moz:debuggerAddress: true, moz:firefoxOptions: {}}], desiredCapabilities=Capabilities {acceptInsecureCerts: true, browserName: firefox, moz:debuggerAddress: true, moz:firefoxOptions: {}}}]"/>
  </testcase>
  <testcase name="headless" classname="TestExecution.Runner" time="0">
    <skipped message="Could not start a new session. Possible causes are invalid address of the remote server or browser start-up failure.&#10;Build info: version: &apos;4.1.0&apos;, revision: &apos;87802e897b&apos;&#10;System info: host: &apos;MANIBEEEE&apos;, ip: &apos;192.168.1.116&apos;, os.name: &apos;Windows 11&apos;, os.arch: &apos;amd64&apos;, os.version: &apos;10.0&apos;, java.version: &apos;21.0.3&apos;&#10;Driver info: org.openqa.selenium.firefox.FirefoxDriver&#10;Command: [null, newSession {capabilities=[Capabilities {acceptInsecureCerts: true, browserName: firefox, moz:debuggerAddress: true, moz:firefoxOptions: {}}], desiredCapabilities=Capabilities {acceptInsecureCerts: true, browserName: firefox, moz:debuggerAddress: true, moz:firefoxOptions: {}}}]"/>
  </testcase>
  <testcase name="InvocationExample[Mani](1)" classname="TestExecution.Runner" time="0">
    <skipped message="Could not start a new session. Possible causes are invalid address of the remote server or browser start-up failure.&#10;Build info: version: &apos;4.1.0&apos;, revision: &apos;87802e897b&apos;&#10;System info: host: &apos;MANIBEEEE&apos;, ip: &apos;192.168.1.116&apos;, os.name: &apos;Windows 11&apos;, os.arch: &apos;amd64&apos;, os.version: &apos;10.0&apos;, java.version: &apos;21.0.3&apos;&#10;Driver info: org.openqa.selenium.firefox.FirefoxDriver&#10;Command: [null, newSession {capabilities=[Capabilities {acceptInsecureCerts: true, browserName: firefox, moz:debuggerAddress: true, moz:firefoxOptions: {}}], desiredCapabilities=Capabilities {acceptInsecureCerts: true, browserName: firefox, moz:debuggerAddress: true, moz:firefoxOptions: {}}}]"/>
    <system-err><![CDATA[1722588006543	mozrunner::runner	INFO	Running command: "C:\\Program Files\\Mozilla Firefox\\firefox.exe" "--marionette" "--remote-debugging-port" "53768" "--remote-allow-hosts" "localhost" "-no-remote" "-profile" "C:\\Users\\swats\\AppData\\Local\\Temp\\rust_mozprofile7a0mBs"
1722588006550	geckodriver	INFO	Listening on 127.0.0.1:63265
1722588006707	mozrunner::runner	INFO	Running command: "C:\\Program Files\\Mozilla Firefox\\firefox.exe" "--marionette" "--remote-debugging-port" "49188" "--remote-allow-hosts" "localhost" "-no-remote" "-profile" "C:\\Users\\swats\\AppData\\Local\\Temp\\rust_mozprofileseKDeu"
1722588006913	geckodriver	INFO	Listening on 127.0.0.1:54222
1722588006921	geckodriver	INFO	Listening on 127.0.0.1:54242
1722588007055	mozrunner::runner	INFO	Running command: "C:\\Program Files\\Mozilla Firefox\\firefox.exe" "--marionette" "--remote-debugging-port" "56431" "--remote-allow-hosts" "localhost" "-no-remote" "-profile" "C:\\Users\\swats\\AppData\\Local\\Temp\\rust_mozprofilePcguuq"
1722588007058	mozrunner::runner	INFO	Running command: "C:\\Program Files\\Mozilla Firefox\\firefox.exe" "--marionette" "--remote-debugging-port" "57022" "--remote-allow-hosts" "localhost" "-no-remote" "-profile" "C:\\Users\\swats\\AppData\\Local\\Temp\\rust_mozprofilenBolDg"
console.warn: services.settings: Ignoring preference override of remote settings server
console.warn: services.settings: Allow by setting MOZ_REMOTE_SETTINGS_DEVTOOLS=1 in the environment
console.warn: services.settings: Ignoring preference override of remote settings server
console.warn: services.settings: Allow by setting MOZ_REMOTE_SETTINGS_DEVTOOLS=1 in the environment
console.warn: services.settings: Ignoring preference override of remote settings server
console.warn: services.settings: Allow by setting MOZ_REMOTE_SETTINGS_DEVTOOLS=1 in the environment
console.warn: services.settings: Ignoring preference override of remote settings server
console.warn: services.settings: Allow by setting MOZ_REMOTE_SETTINGS_DEVTOOLS=1 in the environment
console.warn: services.settings: Ignoring preference override of remote settings server
console.warn: services.settings: Allow by setting MOZ_REMOTE_SETTINGS_DEVTOOLS=1 in the environment
console.warn: services.settings: Ignoring preference override of remote settings server
console.warn: services.settings: Allow by setting MOZ_REMOTE_SETTINGS_DEVTOOLS=1 in the environment
Dynamically enable window occlusion 0
1722588008836	Marionette	INFO	Marionette enabled
Dynamically enable window occlusion 0
1722588009061	Marionette	INFO	Marionette enabled
console.warn: services.settings: Ignoring preference override of remote settings server
console.warn: services.settings: Allow by setting MOZ_REMOTE_SETTINGS_DEVTOOLS=1 in the environment
Dynamically enable window occlusion 0
1722588009227	Marionette	INFO	Marionette enabled
Dynamically enable window occlusion 0
1722588009289	Marionette	INFO	Marionette enabled
console.warn: services.settings: Ignoring preference override of remote settings server
console.warn: services.settings: Allow by setting MOZ_REMOTE_SETTINGS_DEVTOOLS=1 in the environment
Dynamically enable window occlusion 0
Dynamically enable window occlusion 0
1722588009917	Marionette	INFO	Marionette enabled
1722588009929	Marionette	INFO	Marionette enabled
Dynamically enable window occlusion 0
1722588009935	Marionette	INFO	Marionette enabled
1722588010022	Marionette	INFO	Listening on port 50818
1722588010024	Marionette	INFO	Listening on port 50813
WebDriver BiDi listening on ws://127.0.0.1:49188
Read port: 50813
Read port: 
1722588010075	geckodriver::browser	WARN	Failed fo convert  to u16
WebDriver BiDi listening on ws://127.0.0.1:50986
1722588010112	Marionette	INFO	Listening on port 50820
WebDriver BiDi listening on ws://127.0.0.1:50678
Read port: 50820
Read port: 50818
1722588010816	RemoteAgent	WARN	TLS certificate errors will be ignored for this session
1722588010829	RemoteAgent	WARN	TLS certificate errors will be ignored for this session
1722588010866	RemoteAgent	WARN	TLS certificate errors will be ignored for this session
1722588011839	Marionette	INFO	Listening on port 50823
Read port: 50823
1722588011948	Marionette	INFO	Listening on port 50822
WebDriver BiDi listening on ws://127.0.0.1:57022
1722588012010	Marionette	INFO	Listening on port 50821
WebDriver BiDi listening on ws://127.0.0.1:52541
WebDriver BiDi listening on ws://127.0.0.1:64425
Read port: 50822
Read port: 50821
1722588012278	Marionette	INFO	Listening on port 50819
WebDriver BiDi listening on ws://127.0.0.1:53768
Read port: 
1722588012324	geckodriver::browser	WARN	Failed fo convert  to u16
1722588012347	RemoteAgent	WARN	TLS certificate errors will be ignored for this session
Read port: 50819
1722588013174	RemoteAgent	WARN	TLS certificate errors will be ignored for this session
Read port: 50821
1722588013388	RemoteAgent	WARN	TLS certificate errors will be ignored for this session
1722588014299	RemoteAgent	WARN	TLS certificate errors will be ignored for this session
DevTools listening on ws://127.0.0.1:53768/devtools/browser/136a7807-609f-4be5-aba9-96987f687181
Dynamically enable window occlusion 0
1722588026490	Marionette	INFO	Marionette enabled
Aug 02, 2024 2:10:30 PM org.openqa.selenium.remote.ProtocolHandshake createSession
INFO: Detected dialect: W3C
]]></system-err>
  </testcase>
  <testcase name="InvocationExample[Mani](2)" classname="TestExecution.Runner" time="0">
    <skipped message="Could not start a new session. Possible causes are invalid address of the remote server or browser start-up failure.&#10;Build info: version: &apos;4.1.0&apos;, revision: &apos;87802e897b&apos;&#10;System info: host: &apos;MANIBEEEE&apos;, ip: &apos;192.168.1.116&apos;, os.name: &apos;Windows 11&apos;, os.arch: &apos;amd64&apos;, os.version: &apos;10.0&apos;, java.version: &apos;21.0.3&apos;&#10;Driver info: org.openqa.selenium.firefox.FirefoxDriver&#10;Command: [null, newSession {capabilities=[Capabilities {acceptInsecureCerts: true, browserName: firefox, moz:debuggerAddress: true, moz:firefoxOptions: {}}], desiredCapabilities=Capabilities {acceptInsecureCerts: true, browserName: firefox, moz:debuggerAddress: true, moz:firefoxOptions: {}}}]"/>
  </testcase>
  <testcase name="InvocationExample[Mani](3)" classname="TestExecution.Runner" time="0">
    <skipped message="Could not start a new session. Possible causes are invalid address of the remote server or browser start-up failure.&#10;Build info: version: &apos;4.1.0&apos;, revision: &apos;87802e897b&apos;&#10;System info: host: &apos;MANIBEEEE&apos;, ip: &apos;192.168.1.116&apos;, os.name: &apos;Windows 11&apos;, os.arch: &apos;amd64&apos;, os.version: &apos;10.0&apos;, java.version: &apos;21.0.3&apos;&#10;Driver info: org.openqa.selenium.firefox.FirefoxDriver&#10;Command: [null, newSession {capabilities=[Capabilities {acceptInsecureCerts: true, browserName: firefox, moz:debuggerAddress: true, moz:firefoxOptions: {}}], desiredCapabilities=Capabilities {acceptInsecureCerts: true, browserName: firefox, moz:debuggerAddress: true, moz:firefoxOptions: {}}}]"/>
  </testcase>
  <testcase name="InvocationExample[Mani](4)" classname="TestExecution.Runner" time="0">
    <skipped message="Could not start a new session. Possible causes are invalid address of the remote server or browser start-up failure.&#10;Build info: version: &apos;4.1.0&apos;, revision: &apos;87802e897b&apos;&#10;System info: host: &apos;MANIBEEEE&apos;, ip: &apos;192.168.1.116&apos;, os.name: &apos;Windows 11&apos;, os.arch: &apos;amd64&apos;, os.version: &apos;10.0&apos;, java.version: &apos;21.0.3&apos;&#10;Driver info: org.openqa.selenium.firefox.FirefoxDriver&#10;Command: [null, newSession {capabilities=[Capabilities {acceptInsecureCerts: true, browserName: firefox, moz:debuggerAddress: true, moz:firefoxOptions: {}}], desiredCapabilities=Capabilities {acceptInsecureCerts: true, browserName: firefox, moz:debuggerAddress: true, moz:firefoxOptions: {}}}]"/>
  </testcase>
  <testcase name="InvocationExample[Mani](5)" classname="TestExecution.Runner" time="0">
    <skipped message="Could not start a new session. Possible causes are invalid address of the remote server or browser start-up failure.&#10;Build info: version: &apos;4.1.0&apos;, revision: &apos;87802e897b&apos;&#10;System info: host: &apos;MANIBEEEE&apos;, ip: &apos;192.168.1.116&apos;, os.name: &apos;Windows 11&apos;, os.arch: &apos;amd64&apos;, os.version: &apos;10.0&apos;, java.version: &apos;21.0.3&apos;&#10;Driver info: org.openqa.selenium.firefox.FirefoxDriver&#10;Command: [null, newSession {capabilities=[Capabilities {acceptInsecureCerts: true, browserName: firefox, moz:debuggerAddress: true, moz:firefoxOptions: {}}], desiredCapabilities=Capabilities {acceptInsecureCerts: true, browserName: firefox, moz:debuggerAddress: true, moz:firefoxOptions: {}}}]"/>
  </testcase>
  <testcase name="InvocationExample[Mani](6)" classname="TestExecution.Runner" time="0">
    <skipped message="Could not start a new session. Possible causes are invalid address of the remote server or browser start-up failure.&#10;Build info: version: &apos;4.1.0&apos;, revision: &apos;87802e897b&apos;&#10;System info: host: &apos;MANIBEEEE&apos;, ip: &apos;192.168.1.116&apos;, os.name: &apos;Windows 11&apos;, os.arch: &apos;amd64&apos;, os.version: &apos;10.0&apos;, java.version: &apos;21.0.3&apos;&#10;Driver info: org.openqa.selenium.firefox.FirefoxDriver&#10;Command: [null, newSession {capabilities=[Capabilities {acceptInsecureCerts: true, browserName: firefox, moz:debuggerAddress: true, moz:firefoxOptions: {}}], desiredCapabilities=Capabilities {acceptInsecureCerts: true, browserName: firefox, moz:debuggerAddress: true, moz:firefoxOptions: {}}}]"/>
  </testcase>
  <testcase name="InvocationExample[Mani](7)" classname="TestExecution.Runner" time="0">
    <skipped message="Could not start a new session. Possible causes are invalid address of the remote server or browser start-up failure.&#10;Build info: version: &apos;4.1.0&apos;, revision: &apos;87802e897b&apos;&#10;System info: host: &apos;MANIBEEEE&apos;, ip: &apos;192.168.1.116&apos;, os.name: &apos;Windows 11&apos;, os.arch: &apos;amd64&apos;, os.version: &apos;10.0&apos;, java.version: &apos;21.0.3&apos;&#10;Driver info: org.openqa.selenium.firefox.FirefoxDriver&#10;Command: [null, newSession {capabilities=[Capabilities {acceptInsecureCerts: true, browserName: firefox, moz:debuggerAddress: true, moz:firefoxOptions: {}}], desiredCapabilities=Capabilities {acceptInsecureCerts: true, browserName: firefox, moz:debuggerAddress: true, moz:firefoxOptions: {}}}]"/>
    <system-err><![CDATA[1722588033911	Marionette	INFO	Listening on port 50868
WebDriver BiDi listening on ws://127.0.0.1:56431
Read port: 50868
DevTools listening on ws://127.0.0.1:57022/devtools/browser/251292dd-16b4-4d32-86fe-a3af9ab8bed5
Aug 02, 2024 2:10:34 PM org.openqa.selenium.remote.ProtocolHandshake createSession
INFO: Detected dialect: W3C
]]></system-err>
  </testcase>
  <testcase name="InvocationExample[Mani](8)" classname="TestExecution.Runner" time="0">
    <skipped message="Could not start a new session. Possible causes are invalid address of the remote server or browser start-up failure.&#10;Build info: version: &apos;4.1.0&apos;, revision: &apos;87802e897b&apos;&#10;System info: host: &apos;MANIBEEEE&apos;, ip: &apos;192.168.1.116&apos;, os.name: &apos;Windows 11&apos;, os.arch: &apos;amd64&apos;, os.version: &apos;10.0&apos;, java.version: &apos;21.0.3&apos;&#10;Driver info: org.openqa.selenium.firefox.FirefoxDriver&#10;Command: [null, newSession {capabilities=[Capabilities {acceptInsecureCerts: true, browserName: firefox, moz:debuggerAddress: true, moz:firefoxOptions: {}}], desiredCapabilities=Capabilities {acceptInsecureCerts: true, browserName: firefox, moz:debuggerAddress: true, moz:firefoxOptions: {}}}]"/>
    <system-err><![CDATA[DevTools listening on ws://127.0.0.1:64425/devtools/browser/c84a1cd6-5d6b-40f9-aec7-5b4377e78b58
Aug 02, 2024 2:10:35 PM org.openqa.selenium.remote.ProtocolHandshake createSession
INFO: Detected dialect: W3C
]]></system-err>
  </testcase>
  <testcase name="HiddenElements" classname="TestExecution.Runner" time="0">
    <skipped message="Could not start a new session. Possible causes are invalid address of the remote server or browser start-up failure.&#10;Build info: version: &apos;4.1.0&apos;, revision: &apos;87802e897b&apos;&#10;System info: host: &apos;MANIBEEEE&apos;, ip: &apos;192.168.1.116&apos;, os.name: &apos;Windows 11&apos;, os.arch: &apos;amd64&apos;, os.version: &apos;10.0&apos;, java.version: &apos;21.0.3&apos;&#10;Driver info: org.openqa.selenium.firefox.FirefoxDriver&#10;Command: [null, newSession {capabilities=[Capabilities {acceptInsecureCerts: true, browserName: firefox, moz:debuggerAddress: true, moz:firefoxOptions: {}}], desiredCapabilities=Capabilities {acceptInsecureCerts: true, browserName: firefox, moz:debuggerAddress: true, moz:firefoxOptions: {}}}]"/>
    <system-err><![CDATA[DevTools listening on ws://127.0.0.1:52541/devtools/browser/cd608dec-a75a-45b9-b710-af5e26eb7336
1722588036317	RemoteAgent	WARN	TLS certificate errors will be ignored for this session
Aug 02, 2024 2:10:36 PM org.openqa.selenium.remote.ProtocolHandshake createSession
INFO: Detected dialect: W3C
]]></system-err>
  </testcase>
  <testcase name="CheckBrokenLink" classname="TestExecution.Runner" time="0">
    <skipped message="Could not start a new session. Possible causes are invalid address of the remote server or browser start-up failure.&#10;Build info: version: &apos;4.1.0&apos;, revision: &apos;87802e897b&apos;&#10;System info: host: &apos;MANIBEEEE&apos;, ip: &apos;192.168.1.116&apos;, os.name: &apos;Windows 11&apos;, os.arch: &apos;amd64&apos;, os.version: &apos;10.0&apos;, java.version: &apos;21.0.3&apos;&#10;Driver info: org.openqa.selenium.firefox.FirefoxDriver&#10;Command: [null, newSession {capabilities=[Capabilities {acceptInsecureCerts: true, browserName: firefox, moz:debuggerAddress: true, moz:firefoxOptions: {}}], desiredCapabilities=Capabilities {acceptInsecureCerts: true, browserName: firefox, moz:debuggerAddress: true, moz:firefoxOptions: {}}}]"/>
    <system-err><![CDATA[DevTools listening on ws://127.0.0.1:50986/devtools/browser/8ac79eaf-3261-4a9b-b7db-333c8b64aa01
Aug 02, 2024 2:10:37 PM org.openqa.selenium.remote.ProtocolHandshake createSession
INFO: Detected dialect: W3C
]]></system-err>
  </testcase>
  <testcase name="AlertHandling" classname="TestExecution.Runner" time="0">
    <skipped message="Could not start a new session. Possible causes are invalid address of the remote server or browser start-up failure.&#10;Build info: version: &apos;4.1.0&apos;, revision: &apos;87802e897b&apos;&#10;System info: host: &apos;MANIBEEEE&apos;, ip: &apos;192.168.1.116&apos;, os.name: &apos;Windows 11&apos;, os.arch: &apos;amd64&apos;, os.version: &apos;10.0&apos;, java.version: &apos;21.0.3&apos;&#10;Driver info: org.openqa.selenium.firefox.FirefoxDriver&#10;Command: [null, newSession {capabilities=[Capabilities {acceptInsecureCerts: true, browserName: firefox, moz:debuggerAddress: true, moz:firefoxOptions: {}}], desiredCapabilities=Capabilities {acceptInsecureCerts: true, browserName: firefox, moz:debuggerAddress: true, moz:firefoxOptions: {}}}]"/>
    <system-err><![CDATA[DevTools listening on ws://127.0.0.1:49188/devtools/browser/44d0894b-42f6-4e37-869e-56c946efcc3d
1722588039512	addons.xpi	ERROR	System addon update list error SyntaxError: XMLHttpRequest.open: 'http://%(server)s/dummy-system-addons.xml' is not a valid URL.
Aug 02, 2024 2:10:39 PM org.openqa.selenium.remote.ProtocolHandshake createSession
INFO: Detected dialect: W3C
1722588039643	addons.xpi	ERROR	System addon update list error SyntaxError: XMLHttpRequest.open: 'http://%(server)s/dummy-system-addons.xml' is not a valid URL.
1722588039682	addons.xpi	ERROR	System addon update list error SyntaxError: XMLHttpRequest.open: 'http://%(server)s/dummy-system-addons.xml' is not a valid URL.
DevTools listening on ws://127.0.0.1:50678/devtools/browser/7684e3ff-ab1b-4787-8889-95a7d3e8013b
]]></system-err>
  </testcase>
  <testcase name="InvocationExample[Mani](9)" classname="TestExecution.Runner" time="0">
    <skipped message="Could not start a new session. Possible causes are invalid address of the remote server or browser start-up failure.&#10;Build info: version: &apos;4.1.0&apos;, revision: &apos;87802e897b&apos;&#10;System info: host: &apos;MANIBEEEE&apos;, ip: &apos;192.168.1.116&apos;, os.name: &apos;Windows 11&apos;, os.arch: &apos;amd64&apos;, os.version: &apos;10.0&apos;, java.version: &apos;21.0.3&apos;&#10;Driver info: org.openqa.selenium.firefox.FirefoxDriver&#10;Command: [null, newSession {capabilities=[Capabilities {acceptInsecureCerts: true, browserName: firefox, moz:debuggerAddress: true, moz:firefoxOptions: {}}], desiredCapabilities=Capabilities {acceptInsecureCerts: true, browserName: firefox, moz:debuggerAddress: true, moz:firefoxOptions: {}}}]"/>
    <system-err><![CDATA[1722588039952	addons.xpi	ERROR	System addon update list error SyntaxError: XMLHttpRequest.open: 'http://%(server)s/dummy-system-addons.xml' is not a valid URL.
1722588039987	addons.xpi	ERROR	System addon update list error SyntaxError: XMLHttpRequest.open: 'http://%(server)s/dummy-system-addons.xml' is not a valid URL.
1722588040174	addons.xpi	ERROR	System addon update list error SyntaxError: XMLHttpRequest.open: 'http://%(server)s/dummy-system-addons.xml' is not a valid URL.
1722588040434	addons.xpi	ERROR	System addon update list error SyntaxError: XMLHttpRequest.open: 'http://%(server)s/dummy-system-addons.xml' is not a valid URL.
Aug 02, 2024 2:10:40 PM org.openqa.selenium.remote.ProtocolHandshake createSession
INFO: Detected dialect: W3C
]]></system-err>
  </testcase>
  <testcase name="InvocationExample[Mani](10)" classname="TestExecution.Runner" time="0">
    <skipped message="Could not start a new session. Possible causes are invalid address of the remote server or browser start-up failure.&#10;Build info: version: &apos;4.1.0&apos;, revision: &apos;87802e897b&apos;&#10;System info: host: &apos;MANIBEEEE&apos;, ip: &apos;192.168.1.116&apos;, os.name: &apos;Windows 11&apos;, os.arch: &apos;amd64&apos;, os.version: &apos;10.0&apos;, java.version: &apos;21.0.3&apos;&#10;Driver info: org.openqa.selenium.firefox.FirefoxDriver&#10;Command: [null, newSession {capabilities=[Capabilities {acceptInsecureCerts: true, browserName: firefox, moz:debuggerAddress: true, moz:firefoxOptions: {}}], desiredCapabilities=Capabilities {acceptInsecureCerts: true, browserName: firefox, moz:debuggerAddress: true, moz:firefoxOptions: {}}}]"/>
    <system-err><![CDATA[DevTools listening on ws://127.0.0.1:56431/devtools/browser/ff489d7b-c63c-40cf-bd35-dcc2301526eb
Aug 02, 2024 2:10:48 PM org.openqa.selenium.remote.ProtocolHandshake createSession
INFO: Detected dialect: W3C
]]></system-err>
  </testcase>
</testsuite>