<?xml version="1.0" encoding="UTF-8"?>
<testng-results ignored="0" total="4" passed="3" failed="1" skipped="0">
  <reporter-output>
    <line>
      <![CDATA[Initialized FireFox browser......!]]>
    </line>
    <line>
      <![CDATA[<p>[[FirefoxDriver: firefox on WINDOWS (025ec693-da1c-406c-aa75-ff1a44fa8642)] -> xpath: //*[@id = 'topcartlink']//preceding::a[1]] is clicked</p>]]>
    </line>
    <line>
      <![CDATA[Selected Login Tab.....!]]>
    </line>
    <line>
      <![CDATA[<p>[[FirefoxDriver: firefox on WINDOWS (025ec693-da1c-406c-aa75-ff1a44fa8642)] -> xpath: //*[@id = 'topcartlink']//preceding::a[1]] is clicked</p>]]>
    </line>
    <line>
      <![CDATA[Selected Login Tab.....!]]>
    </line>
    <line>
      <![CDATA[<p>ABC0047@gmail.com is Entered into the [[FirefoxDriver: firefox on WINDOWS (025ec693-da1c-406c-aa75-ff1a44fa8642)] -> id: Email] TextBox</p>]]>
    </line>
    <line>
      <![CDATA[UserID Enetered]]>
    </line>
    <line>
      <![CDATA[<p>mb@123 is Entered into the [[FirefoxDriver: firefox on WINDOWS (025ec693-da1c-406c-aa75-ff1a44fa8642)] -> id: Password] TextBox</p>]]>
    </line>
    <line>
      <![CDATA[Password Enetered]]>
    </line>
    <line>
      <![CDATA[<p>Proxy element for: DefaultElementLocator 'By.xpath: //*[@value ='Log in']' is clicked</p>]]>
    </line>
    <line>
      <![CDATA[Login Button is clicked]]>
    </line>
    <line>
      <![CDATA[Logged In to DemoWebshop]]>
    </line>
    <line>
      <![CDATA[<p>[[FirefoxDriver: firefox on WINDOWS (025ec693-da1c-406c-aa75-ff1a44fa8642)] -> xpath: //*[@href='/books']] is clicked</p>]]>
    </line>
    <line>
      <![CDATA[Books tab clicked.]]>
    </line>
    <line>
      <![CDATA[Book 1 selected (Computing and Internet).]]>
    </line>
    <line>
      <![CDATA[Price of Book 1: 10.00]]>
    </line>
    <line>
      <![CDATA[<p>[[FirefoxDriver: firefox on WINDOWS (025ec693-da1c-406c-aa75-ff1a44fa8642)] -> xpath: //*[@class = 'product-grid']//following::div[1]//div[2]//div[3]//div[2]//input] is clicked</p>]]>
    </line>
    <line>
      <![CDATA[Added Book 1 to the cart.]]>
    </line>
    <line>
      <![CDATA[Notification Bar: The product has been added to your shopping cart]]>
    </line>
    <line>
      <![CDATA[<p>[[FirefoxDriver: firefox on WINDOWS (025ec693-da1c-406c-aa75-ff1a44fa8642)] -> xpath: //*[@href='/books']] is clicked</p>]]>
    </line>
    <line>
      <![CDATA[Books tab clicked.]]>
    </line>
    <line>
      <![CDATA[Book 2 selected (Fiction).]]>
    </line>
    <line>
      <![CDATA[Price of Book 2: 24.00]]>
    </line>
    <line>
      <![CDATA[<p>[[FirefoxDriver: firefox on WINDOWS (025ec693-da1c-406c-aa75-ff1a44fa8642)] -> xpath: //*[@class = 'product-grid']//*[@class='item-box'][3]//div[@class='details']//div[3]//div[2]//input] is clicked</p>]]>
    </line>
    <line>
      <![CDATA[Added Book 2 to the cart.]]>
    </line>
    <line>
      <![CDATA[<p>[[FirefoxDriver: firefox on WINDOWS (025ec693-da1c-406c-aa75-ff1a44fa8642)] -> css selector: #topcartlink>a>span:nth-child(2)] is clicked</p>]]>
    </line>
    <line>
      <![CDATA[Navigated to the Shopping Cart.]]>
    </line>
    <line>
      <![CDATA[Books added to the cart and navigated to the Shopping Cart.]]>
    </line>
    <line>
      <![CDATA[<p>Computing and Internet is Fetched</p>]]>
    </line>
    <line>
      <![CDATA[<p>Fiction is Fetched</p>]]>
    </line>
    <line>
      <![CDATA[<p>10.00 is Fetched</p>]]>
    </line>
    <line>
      <![CDATA[<p>24.00 is Fetched</p>]]>
    </line>
    <line>
      <![CDATA[<p>10.00 is Fetched</p>]]>
    </line>
    <line>
      <![CDATA[<p>24.00 is Fetched</p>]]>
    </line>
    <line>
      <![CDATA[<p>34.00 is Fetched</p>]]>
    </line>
    <line>
      <![CDATA[<p>[[FirefoxDriver: firefox on WINDOWS (025ec693-da1c-406c-aa75-ff1a44fa8642)] -> id: termsofservice] is clicked</p>]]>
    </line>
    <line>
      <![CDATA[<p>Proxy element for: DefaultElementLocator 'By.id: checkout' is clicked</p>]]>
    </line>
    <line>
      <![CDATA[<p>[[FirefoxDriver: firefox on WINDOWS (025ec693-da1c-406c-aa75-ff1a44fa8642)] -> css selector: #billing-buttons-container input] is clicked</p>]]>
    </line>
  </reporter-output>
  <suite started-at="2024-09-15T12:51:38 IST" name="DemoWebShopE2E" finished-at="2024-09-15T12:52:18 IST" duration-ms="39446">
    <groups>
    </groups>
    <test started-at="2024-09-15T12:51:38 IST" name="Test" finished-at="2024-09-15T12:52:18 IST" duration-ms="39446">
      <class name="TestExecution.DemoWebShop_OrderItem">
        <test-method signature="Launch_And_Login()[pri:1, instance:TestExecution.DemoWebShop_OrderItem@4fb61f4a]" started-at="2024-09-15T12:51:38 IST" name="Launch_And_Login" description="Log In to Demo Workshop Portal" finished-at="2024-09-15T12:51:59 IST" duration-ms="20094" status="PASS">
          <reporter-output>
            <line>
              <![CDATA[Initialized FireFox browser......!]]>
            </line>
            <line>
              <![CDATA[<p>[[FirefoxDriver: firefox on WINDOWS (025ec693-da1c-406c-aa75-ff1a44fa8642)] -> xpath: //*[@id = 'topcartlink']//preceding::a[1]] is clicked</p>]]>
            </line>
            <line>
              <![CDATA[Selected Login Tab.....!]]>
            </line>
            <line>
              <![CDATA[<p>[[FirefoxDriver: firefox on WINDOWS (025ec693-da1c-406c-aa75-ff1a44fa8642)] -> xpath: //*[@id = 'topcartlink']//preceding::a[1]] is clicked</p>]]>
            </line>
            <line>
              <![CDATA[Selected Login Tab.....!]]>
            </line>
            <line>
              <![CDATA[<p>ABC0047@gmail.com is Entered into the [[FirefoxDriver: firefox on WINDOWS (025ec693-da1c-406c-aa75-ff1a44fa8642)] -> id: Email] TextBox</p>]]>
            </line>
            <line>
              <![CDATA[UserID Enetered]]>
            </line>
            <line>
              <![CDATA[<p>mb@123 is Entered into the [[FirefoxDriver: firefox on WINDOWS (025ec693-da1c-406c-aa75-ff1a44fa8642)] -> id: Password] TextBox</p>]]>
            </line>
            <line>
              <![CDATA[Password Enetered]]>
            </line>
            <line>
              <![CDATA[<p>Proxy element for: DefaultElementLocator 'By.xpath: //*[@value ='Log in']' is clicked</p>]]>
            </line>
            <line>
              <![CDATA[Login Button is clicked]]>
            </line>
            <line>
              <![CDATA[Logged In to DemoWebshop]]>
            </line>
          </reporter-output>
        </test-method> <!-- Launch_And_Login -->
        <test-method signature="AddToCart()[pri:0, instance:TestExecution.DemoWebShop_OrderItem@4fb61f4a]" started-at="2024-09-15T12:51:59 IST" name="AddToCart" description="Adding Items to the Shopping Cart" finished-at="2024-09-15T12:52:15 IST" depends-on-methods="TestExecution.DemoWebShop_OrderItem.Launch_And_Login" duration-ms="16586" status="PASS">
          <reporter-output>
            <line>
              <![CDATA[<p>[[FirefoxDriver: firefox on WINDOWS (025ec693-da1c-406c-aa75-ff1a44fa8642)] -> xpath: //*[@href='/books']] is clicked</p>]]>
            </line>
            <line>
              <![CDATA[Books tab clicked.]]>
            </line>
            <line>
              <![CDATA[Book 1 selected (Computing and Internet).]]>
            </line>
            <line>
              <![CDATA[Price of Book 1: 10.00]]>
            </line>
            <line>
              <![CDATA[<p>[[FirefoxDriver: firefox on WINDOWS (025ec693-da1c-406c-aa75-ff1a44fa8642)] -> xpath: //*[@class = 'product-grid']//following::div[1]//div[2]//div[3]//div[2]//input] is clicked</p>]]>
            </line>
            <line>
              <![CDATA[Added Book 1 to the cart.]]>
            </line>
            <line>
              <![CDATA[Notification Bar: The product has been added to your shopping cart]]>
            </line>
            <line>
              <![CDATA[<p>[[FirefoxDriver: firefox on WINDOWS (025ec693-da1c-406c-aa75-ff1a44fa8642)] -> xpath: //*[@href='/books']] is clicked</p>]]>
            </line>
            <line>
              <![CDATA[Books tab clicked.]]>
            </line>
            <line>
              <![CDATA[Book 2 selected (Fiction).]]>
            </line>
            <line>
              <![CDATA[Price of Book 2: 24.00]]>
            </line>
            <line>
              <![CDATA[<p>[[FirefoxDriver: firefox on WINDOWS (025ec693-da1c-406c-aa75-ff1a44fa8642)] -> xpath: //*[@class = 'product-grid']//*[@class='item-box'][3]//div[@class='details']//div[3]//div[2]//input] is clicked</p>]]>
            </line>
            <line>
              <![CDATA[Added Book 2 to the cart.]]>
            </line>
            <line>
              <![CDATA[<p>[[FirefoxDriver: firefox on WINDOWS (025ec693-da1c-406c-aa75-ff1a44fa8642)] -> css selector: #topcartlink>a>span:nth-child(2)] is clicked</p>]]>
            </line>
            <line>
              <![CDATA[Navigated to the Shopping Cart.]]>
            </line>
            <line>
              <![CDATA[Books added to the cart and navigated to the Shopping Cart.]]>
            </line>
          </reporter-output>
        </test-method> <!-- AddToCart -->
        <test-method signature="Checkout()[pri:0, instance:TestExecution.DemoWebShop_OrderItem@4fb61f4a]" started-at="2024-09-15T12:52:15 IST" name="Checkout" description="Checkout Items from Shopping Cart" finished-at="2024-09-15T12:52:18 IST" depends-on-methods="TestExecution.DemoWebShop_OrderItem.AddToCart" duration-ms="2288" status="PASS">
          <reporter-output>
            <line>
              <![CDATA[<p>Computing and Internet is Fetched</p>]]>
            </line>
            <line>
              <![CDATA[<p>Fiction is Fetched</p>]]>
            </line>
            <line>
              <![CDATA[<p>10.00 is Fetched</p>]]>
            </line>
            <line>
              <![CDATA[<p>24.00 is Fetched</p>]]>
            </line>
            <line>
              <![CDATA[<p>10.00 is Fetched</p>]]>
            </line>
            <line>
              <![CDATA[<p>24.00 is Fetched</p>]]>
            </line>
            <line>
              <![CDATA[<p>34.00 is Fetched</p>]]>
            </line>
            <line>
              <![CDATA[<p>[[FirefoxDriver: firefox on WINDOWS (025ec693-da1c-406c-aa75-ff1a44fa8642)] -> id: termsofservice] is clicked</p>]]>
            </line>
            <line>
              <![CDATA[<p>Proxy element for: DefaultElementLocator 'By.id: checkout' is clicked</p>]]>
            </line>
          </reporter-output>
        </test-method> <!-- Checkout -->
        <test-method signature="Payment_Shipping()[pri:0, instance:TestExecution.DemoWebShop_OrderItem@4fb61f4a]" started-at="2024-09-15T12:52:18 IST" name="Payment_Shipping" description="Payment details and shipping" finished-at="2024-09-15T12:52:18 IST" depends-on-methods="TestExecution.DemoWebShop_OrderItem.Checkout" duration-ms="332" status="FAIL">
          <exception class="org.openqa.selenium.ElementNotInteractableException">
            <message>
              <![CDATA[Element <input class="button-1 new-address-next-step-button" type="button"> could not be scrolled into view
Build info: version: '4.1.0', revision: '87802e897b'
System info: host: 'MANIBEEEE', ip: '192.168.99.242', os.name: 'Windows 11', os.arch: 'amd64', os.version: '10.0', java.version: '21.0.3'
Driver info: org.openqa.selenium.firefox.FirefoxDriver
Command: [025ec693-da1c-406c-aa75-ff1a44fa8642, clickElement {id=9cf97e0a-cd40-4bce-afb3-0af7f75d0ac3}]
Capabilities {acceptInsecureCerts: true, browserName: firefox, browserVersion: 130.0, javascriptEnabled: true, moz:accessibilityChecks: false, moz:buildID: 20240829075237, moz:geckodriverVersion: 0.34.0, moz:headless: false, moz:platformVersion: 10.0, moz:processID: 11196, moz:profile: C:\Users\swats\AppData\Loca..., moz:shutdownTimeout: 60000, moz:webdriverClick: true, moz:windowless: false, pageLoadStrategy: normal, platform: WINDOWS, platformName: WINDOWS, proxy: Proxy(), setWindowRect: true, strictFileInteractability: false, timeouts: {implicit: 0, pageLoad: 300000, script: 30000}, unhandledPromptBehavior: dismiss and notify, userAgent: Mozilla/5.0 (Windows NT 10....}
Element: [[FirefoxDriver: firefox on WINDOWS (025ec693-da1c-406c-aa75-ff1a44fa8642)] -> css selector: #shipping-buttons-container input]
Session ID: 025ec693-da1c-406c-aa75-ff1a44fa8642]]>
            </message>
            <full-stacktrace>
              <![CDATA[org.openqa.selenium.ElementNotInteractableException: Element <input class="button-1 new-address-next-step-button" type="button"> could not be scrolled into view
Build info: version: '4.1.0', revision: '87802e897b'
System info: host: 'MANIBEEEE', ip: '192.168.99.242', os.name: 'Windows 11', os.arch: 'amd64', os.version: '10.0', java.version: '21.0.3'
Driver info: org.openqa.selenium.firefox.FirefoxDriver
Command: [025ec693-da1c-406c-aa75-ff1a44fa8642, clickElement {id=9cf97e0a-cd40-4bce-afb3-0af7f75d0ac3}]
Capabilities {acceptInsecureCerts: true, browserName: firefox, browserVersion: 130.0, javascriptEnabled: true, moz:accessibilityChecks: false, moz:buildID: 20240829075237, moz:geckodriverVersion: 0.34.0, moz:headless: false, moz:platformVersion: 10.0, moz:processID: 11196, moz:profile: C:\Users\swats\AppData\Loca..., moz:shutdownTimeout: 60000, moz:webdriverClick: true, moz:windowless: false, pageLoadStrategy: normal, platform: WINDOWS, platformName: WINDOWS, proxy: Proxy(), setWindowRect: true, strictFileInteractability: false, timeouts: {implicit: 0, pageLoad: 300000, script: 30000}, unhandledPromptBehavior: dismiss and notify, userAgent: Mozilla/5.0 (Windows NT 10....}
Element: [[FirefoxDriver: firefox on WINDOWS (025ec693-da1c-406c-aa75-ff1a44fa8642)] -> css selector: #shipping-buttons-container input]
Session ID: 025ec693-da1c-406c-aa75-ff1a44fa8642
at java.base/jdk.internal.reflect.DirectConstructorHandleAccessor.newInstance(DirectConstructorHandleAccessor.java:62)
at java.base/java.lang.reflect.Constructor.newInstanceWithCaller(Constructor.java:502)
at java.base/java.lang.reflect.Constructor.newInstance(Constructor.java:486)
at org.openqa.selenium.remote.codec.w3c.W3CHttpResponseCodec.createException(W3CHttpResponseCodec.java:200)
at org.openqa.selenium.remote.codec.w3c.W3CHttpResponseCodec.decode(W3CHttpResponseCodec.java:133)
at org.openqa.selenium.remote.codec.w3c.W3CHttpResponseCodec.decode(W3CHttpResponseCodec.java:53)
at org.openqa.selenium.remote.HttpCommandExecutor.execute(HttpCommandExecutor.java:184)
at org.openqa.selenium.remote.service.DriverCommandExecutor.invokeExecute(DriverCommandExecutor.java:164)
at org.openqa.selenium.remote.service.DriverCommandExecutor.execute(DriverCommandExecutor.java:139)
at org.openqa.selenium.remote.RemoteWebDriver.execute(RemoteWebDriver.java:559)
at org.openqa.selenium.remote.RemoteWebElement.execute(RemoteWebElement.java:251)
at org.openqa.selenium.remote.RemoteWebElement.click(RemoteWebElement.java:77)
at java.base/jdk.internal.reflect.DirectMethodHandleAccessor.invoke(DirectMethodHandleAccessor.java:103)
at java.base/java.lang.reflect.Method.invoke(Method.java:580)
at org.openqa.selenium.support.pagefactory.internal.LocatingElementHandler.invoke(LocatingElementHandler.java:52)
at jdk.proxy2/jdk.proxy2.$Proxy12.click(Unknown Source)
at Utlilities.UserActions.Click(UserActions.java:22)
at POMs.DemoWebShop_Checkout.ClickShippingAddress_Continue(DemoWebShop_Checkout.java:35)
at TestExecution.DemoWebShop_OrderItem.Payment_Shipping(DemoWebShop_OrderItem.java:66)
at java.base/jdk.internal.reflect.DirectMethodHandleAccessor.invoke(DirectMethodHandleAccessor.java:103)
at java.base/java.lang.reflect.Method.invoke(Method.java:580)
at org.testng.internal.MethodInvocationHelper.invokeMethod(MethodInvocationHelper.java:133)
at org.testng.internal.TestInvoker.invokeMethod(TestInvoker.java:598)
at org.testng.internal.TestInvoker.invokeTestMethod(TestInvoker.java:173)
at org.testng.internal.MethodRunner.runInSequence(MethodRunner.java:46)
at org.testng.internal.TestInvoker$MethodInvocationAgent.invoke(TestInvoker.java:824)
at org.testng.internal.TestInvoker.invokeTestMethods(TestInvoker.java:146)
at org.testng.internal.TestMethodWorker.invokeTestMethods(TestMethodWorker.java:146)
at org.testng.internal.TestMethodWorker.run(TestMethodWorker.java:128)
at java.base/java.util.concurrent.ThreadPoolExecutor.runWorker(ThreadPoolExecutor.java:1144)
at java.base/java.util.concurrent.ThreadPoolExecutor$Worker.run(ThreadPoolExecutor.java:642)
at java.base/java.lang.Thread.run(Thread.java:1583)
]]>
            </full-stacktrace>
          </exception> <!-- org.openqa.selenium.ElementNotInteractableException -->
          <reporter-output>
            <line>
              <![CDATA[<p>[[FirefoxDriver: firefox on WINDOWS (025ec693-da1c-406c-aa75-ff1a44fa8642)] -> css selector: #billing-buttons-container input] is clicked</p>]]>
            </line>
          </reporter-output>
        </test-method> <!-- Payment_Shipping -->
      </class> <!-- TestExecution.DemoWebShop_OrderItem -->
    </test> <!-- Test -->
  </suite> <!-- DemoWebShopE2E -->
</testng-results>
