<?xml version="1.0" encoding="UTF-8"?>
<!-- Generated by org.testng.reporters.JUnitXMLReporter -->
<testsuite ignored="0" hostname="ManiBeeee" failures="0" tests="6" name="SanityTest" time="0.377" errors="0" timestamp="2024-08-28T13:38:13 IST">
  <testcase classname="PRACS.SanityTest" name="SmokeGroupMethod" time="0.017"/>
  <testcase classname="PRACS.SmokeTest" name="SmokeGroupMethod" time="0.02"/>
  <testcase classname="PRACS.SmokeTest" name="f" time="0.001"/>
  <testcase classname="PRACS.SanityTest" name="f" time="0.005"/>
  <testcase classname="PRACS.SanityTest" name="f" time="0.001"/>
  <testcase classname="PRACS.SmokeTest" name="f" time="0.0"/>
</testsuite> <!-- SanityTest -->
