<?xml version="1.0" encoding="UTF-8"?>
<testng-results ignored="0" total="1" passed="1" failed="0" skipped="0">
  <reporter-output>
    <line>
      <![CDATA[Initialized FireFox browser......!]]>
    </line>
    <line>
      <![CDATA[<p>[[FirefoxDriver: firefox on WINDOWS (9a31cb72-9f43-4b58-bf85-bb98d7c962f3)] -> xpath: //*[@id = 'topcartlink']//preceding::a[1]] is clicked</p>]]>
    </line>
    <line>
      <![CDATA[Selected Login Tab.....!]]>
    </line>
    <line>
      <![CDATA[<p>[[FirefoxDriver: firefox on WINDOWS (9a31cb72-9f43-4b58-bf85-bb98d7c962f3)] -> xpath: //*[@id = 'topcartlink']//preceding::a[1]] is clicked</p>]]>
    </line>
    <line>
      <![CDATA[Selected Login Tab.....!]]>
    </line>
    <line>
      <![CDATA[<p>ABC0047@gmail.com is Entered into the [[FirefoxDriver: firefox on WINDOWS (9a31cb72-9f43-4b58-bf85-bb98d7c962f3)] -> id: Email] TextBox</p>]]>
    </line>
    <line>
      <![CDATA[UserID Enetered]]>
    </line>
    <line>
      <![CDATA[<p>mb@123 is Entered into the [[FirefoxDriver: firefox on WINDOWS (9a31cb72-9f43-4b58-bf85-bb98d7c962f3)] -> id: Password] TextBox</p>]]>
    </line>
    <line>
      <![CDATA[Password Enetered]]>
    </line>
    <line>
      <![CDATA[<p>Proxy element for: DefaultElementLocator 'By.xpath: //*[@value ='Log in']' is clicked</p>]]>
    </line>
    <line>
      <![CDATA[Login Button is clicked]]>
    </line>
    <line>
      <![CDATA[Logged In to DemoWebshop]]>
    </line>
  </reporter-output>
  <suite started-at="2024-09-02T22:25:26 IST" name="DemoWebShopE2E" finished-at="2024-09-02T22:25:41 IST" duration-ms="14586">
    <groups>
    </groups>
    <test started-at="2024-09-02T22:25:26 IST" name="Test" finished-at="2024-09-02T22:25:41 IST" duration-ms="14586">
      <class name="TestExecution.DemoWebShop_OrderItem">
        <test-method signature="Launch_And_Login()[pri:0, instance:TestExecution.DemoWebShop_OrderItem@1c1bbc4e]" started-at="2024-09-02T22:25:26 IST" name="Launch_And_Login" description="Log In to Demo Workshop Portal" finished-at="2024-09-02T22:25:41 IST" duration-ms="14493" status="PASS">
          <reporter-output>
            <line>
              <![CDATA[Initialized FireFox browser......!]]>
            </line>
            <line>
              <![CDATA[<p>[[FirefoxDriver: firefox on WINDOWS (9a31cb72-9f43-4b58-bf85-bb98d7c962f3)] -> xpath: //*[@id = 'topcartlink']//preceding::a[1]] is clicked</p>]]>
            </line>
            <line>
              <![CDATA[Selected Login Tab.....!]]>
            </line>
            <line>
              <![CDATA[<p>[[FirefoxDriver: firefox on WINDOWS (9a31cb72-9f43-4b58-bf85-bb98d7c962f3)] -> xpath: //*[@id = 'topcartlink']//preceding::a[1]] is clicked</p>]]>
            </line>
            <line>
              <![CDATA[Selected Login Tab.....!]]>
            </line>
            <line>
              <![CDATA[<p>ABC0047@gmail.com is Entered into the [[FirefoxDriver: firefox on WINDOWS (9a31cb72-9f43-4b58-bf85-bb98d7c962f3)] -> id: Email] TextBox</p>]]>
            </line>
            <line>
              <![CDATA[UserID Enetered]]>
            </line>
            <line>
              <![CDATA[<p>mb@123 is Entered into the [[FirefoxDriver: firefox on WINDOWS (9a31cb72-9f43-4b58-bf85-bb98d7c962f3)] -> id: Password] TextBox</p>]]>
            </line>
            <line>
              <![CDATA[Password Enetered]]>
            </line>
            <line>
              <![CDATA[<p>Proxy element for: DefaultElementLocator 'By.xpath: //*[@value ='Log in']' is clicked</p>]]>
            </line>
            <line>
              <![CDATA[Login Button is clicked]]>
            </line>
            <line>
              <![CDATA[Logged In to DemoWebshop]]>
            </line>
          </reporter-output>
        </test-method> <!-- Launch_And_Login -->
      </class> <!-- TestExecution.DemoWebShop_OrderItem -->
    </test> <!-- Test -->
  </suite> <!-- DemoWebShopE2E -->
</testng-results>
