<?xml version="1.0" encoding="UTF-8"?>
<!-- Generated by org.testng.reporters.JUnitXMLReporter -->
<testsuite ignored="0" hostname="Mani_Bharathi_M" failures="1" tests="1" name="Test1" time="3.998" errors="0" timestamp="2024-10-13T13:21:58 IST">
  <testcase classname="InterviewPractice.Execution" name="Runner" time="3.936">
    <failure type="java.lang.NullPointerException" message="Cannot invoke &amp;quot;com.relevantcodes.extentreports.ExtentTest.log(com.relevantcodes.extentreports.LogStatus, String)&amp;quot; because &amp;quot;InterviewPractice.Reporting.test&amp;quot; is null">
      <![CDATA[java.lang.NullPointerException: Cannot invoke "com.relevantcodes.extentreports.ExtentTest.log(com.relevantcodes.extentreports.LogStatus, String)" because "InterviewPractice.Reporting.test" is null
at InterviewPractice.Reporting.Reporter(Reporting.java:38)
at InterviewPractice.driverAssignment.<init>(driverAssignment.java:29)
at InterviewPractice.Utils.<init>(Utils.java:22)
at InterviewPractice.Execution.Runner(Execution.java:14)
at java.base/java.util.concurrent.ThreadPoolExecutor.runWorker(ThreadPoolExecutor.java:1144)
at java.base/java.util.concurrent.ThreadPoolExecutor$Worker.run(ThreadPoolExecutor.java:642)
at java.base/java.lang.Thread.run(Thread.java:1583)
... Removed 10 stack frames]]>
    </failure>
  </testcase> <!-- Runner -->
</testsuite> <!-- Test1 -->
