<?xml version="1.0" encoding="UTF-8"?>
<testng-results ignored="0" total="1" passed="1" failed="0" skipped="0">
  <reporter-output>
  </reporter-output>
  <suite started-at="2024-08-27T21:46:22 IST" name="Default suite" finished-at="2024-08-27T21:46:27 IST" duration-ms="4810">
    <groups>
    </groups>
    <test started-at="2024-08-27T21:46:22 IST" name="Default test" finished-at="2024-08-27T21:46:27 IST" duration-ms="4810">
      <class name="Scenarios.PracticeAPIScenarios">
        <test-method signature="GetProductList()[pri:0, instance:Scenarios.PracticeAPIScenarios@fa4c865]" started-at="2024-08-27T21:46:22 IST" name="GetProductList" finished-at="2024-08-27T21:46:27 IST" duration-ms="4727" status="PASS">
          <reporter-output>
          </reporter-output>
        </test-method> <!-- GetProductList -->
      </class> <!-- Scenarios.PracticeAPIScenarios -->
    </test> <!-- Default test -->
  </suite> <!-- Default suite -->
</testng-results>
