<?xml version="1.0" encoding="UTF-8"?>
<!-- Generated by org.testng.reporters.JUnitXMLReporter -->
<testsuite ignored="9" hostname="ManiBeeee" failures="0" tests="1" name="Default test" time="6.382" errors="0" timestamp="2024-09-06T08:39:53 IST">
  <testcase classname="API.E2E" name="GetAPIToken" time="6.324"/>
  <testcase classname="API.E2E" name="GetAllAccounts" time="0.0">
    <ignored/>
  </testcase> <!-- GetAllAccounts -->
  <testcase classname="API.E2E" name="InsufficientFundsTransaction" time="0.0">
    <ignored/>
  </testcase> <!-- InsufficientFundsTransaction -->
  <testcase classname="API.E2E" name="DeleteFromToAccounts" time="0.0">
    <ignored/>
  </testcase> <!-- DeleteFromToAccounts -->
  <testcase classname="API.E2E" name="GetFromToAccountCurrentBalance" time="0.0">
    <ignored/>
  </testcase> <!-- GetFromToAccountCurrentBalance -->
  <testcase classname="API.E2E" name="CreateTransaction" time="0.0">
    <ignored/>
  </testcase> <!-- CreateTransaction -->
  <testcase classname="API.E2E" name="GetAllTransactions" time="0.0">
    <ignored/>
  </testcase> <!-- GetAllTransactions -->
  <testcase classname="API.E2E" name="GetTransaction" time="0.0">
    <ignored/>
  </testcase> <!-- GetTransaction -->
  <testcase classname="API.E2E" name="createFromAccount" time="0.0">
    <ignored/>
  </testcase> <!-- createFromAccount -->
  <testcase classname="API.E2E" name="createToAccount" time="0.0">
    <ignored/>
  </testcase> <!-- createToAccount -->
</testsuite> <!-- Default test -->
