<?xml version="1.0" encoding="UTF-8"?>
<!-- Generated by org.testng.reporters.JUnitXMLReporter -->
<testsuite ignored="8" hostname="ManiBeeee" failures="0" tests="1" name="Default test" time="23.247" errors="0" timestamp="2024-09-01T21:47:49 IST">
  <testcase classname="API.E2E" name="DeleteFromToAccounts" time="23.188"/>
  <testcase classname="API.E2E" name="GetAllAccounts" time="0.0">
    <ignored/>
  </testcase> <!-- GetAllAccounts -->
  <testcase classname="API.E2E" name="GetFromToAccountCurrentBalance" time="0.0">
    <ignored/>
  </testcase> <!-- GetFromToAccountCurrentBalance -->
  <testcase classname="API.E2E" name="CreateTransaction" time="0.0">
    <ignored/>
  </testcase> <!-- CreateTransaction -->
  <testcase classname="API.E2E" name="GetTransaction" time="0.0">
    <ignored/>
  </testcase> <!-- GetTransaction -->
  <testcase classname="API.E2E" name="GetAllTransactions" time="0.0">
    <ignored/>
  </testcase> <!-- GetAllTransactions -->
  <testcase classname="API.E2E" name="createFromAccount" time="0.0">
    <ignored/>
  </testcase> <!-- createFromAccount -->
  <testcase classname="API.E2E" name="GetAPIToken" time="0.0">
    <ignored/>
  </testcase> <!-- GetAPIToken -->
  <testcase classname="API.E2E" name="createToAccount" time="0.0">
    <ignored/>
  </testcase> <!-- createToAccount -->
</testsuite> <!-- Default test -->
