<?xml version="1.0" encoding="UTF-8"?>
<!-- Generated by org.testng.reporters.JUnitXMLReporter -->
<testsuite ignored="4" hostname="ManiBeeee" failures="0" tests="1" name="Test2" time="19.84" errors="0" timestamp="2024-08-25T19:19:34 IST">
  <testcase classname="TestExecution.Testing" name="AlertHandling" time="4.431"/>
  <testcase classname="TestExecution.Testing" name="Dropdown" time="0.0">
    <ignored/>
  </testcase> <!-- Dropdown -->
  <testcase classname="TestExecution.Testing" name="RadioButtons" time="0.0">
    <ignored/>
  </testcase> <!-- RadioButtons -->
  <testcase classname="TestExecution.Testing" name="AutoCompleteTextBox" time="0.0">
    <ignored/>
  </testcase> <!-- AutoCompleteTextBox -->
  <testcase classname="TestExecution.Testing" name="Checkboxes" time="0.0">
    <ignored/>
  </testcase> <!-- Checkboxes -->
</testsuite> <!-- Test2 -->
