<?xml version="1.0" encoding="UTF-8"?>
<!-- Generated by org.testng.reporters.JUnitXMLReporter -->
<testsuite ignored="0" hostname="ManiBeeee" failures="0" tests="6" name="SanityTest" time="0.546" errors="0" timestamp="2024-08-28T11:26:02 IST">
  <testcase classname="PRACS.SmokeTest" name="SmokeGroupMethod" time="0.025"/>
  <testcase classname="PRACS.SanityTest" name="SmokeGroupMethod" time="0.023"/>
  <testcase classname="PRACS.SmokeTest" name="f" time="0.007"/>
  <testcase classname="PRACS.SanityTest" name="f" time="0.021"/>
  <testcase classname="PRACS.SmokeTest" name="f" time="0.005"/>
  <testcase classname="PRACS.SanityTest" name="f" time="0.017"/>
</testsuite> <!-- SanityTest -->
