<?xml version="1.0" encoding="UTF-8"?>
<testsuite xmlns:xsi="http://www.w3.org/2001/XMLSchema-instance" xsi:noNamespaceSchemaLocation="https://maven.apache.org/surefire/maven-surefire-plugin/xsd/surefire-test-report-3.0.xsd" version="3.0" name="Tests.TestRunner" time="10.387" tests="1" errors="0" skipped="0" failures="0">
  <properties>
[...]
</properties>
  <testcase name="[1:2] Get Users" classname="Tests/Users" time="8.879">
    <system-out><![CDATA[21:55:37.165 [main] DEBUG org.apache.http.client.protocol.RequestAddCookies -- CookieSpec selected: karate
21:55:37.173 [main] DEBUG org.apache.http.client.protocol.RequestAuthCache -- Auth cache not set in the context
21:55:37.176 [main] DEBUG com.intuit.karate -- request:
1 > GET https://api.getpostman.com/collections
1 > X-API-Key: PMAK-66d3d47f1e5c5900010c7343-2de06fdb7de816c3270e681139b77660a3
1 > Host: api.getpostman.com
1 > Connection: Keep-Alive
1 > User-Agent: Apache-HttpClient/4.5.14 (Java/21.0.3)
1 > Accept-Encoding: gzip,deflate


21:55:37.181 [main] DEBUG org.apache.http.impl.conn.PoolingHttpClientConnectionManager -- Connection request: [route: {s}->https://api.getpostman.com:443][total available: 0; route allocated: 0 of 5; total allocated: 0 of 10]
21:55:37.207 [main] DEBUG org.apache.http.impl.conn.PoolingHttpClientConnectionManager -- Connection leased: [id: 0][route: {s}->https://api.getpostman.com:443][total available: 0; route allocated: 1 of 5; total allocated: 1 of 10]
21:55:37.210 [main] DEBUG org.apache.http.impl.execchain.MainClientExec -- Opening connection {s}->https://api.getpostman.com:443
21:55:37.400 [main] DEBUG org.apache.http.impl.conn.DefaultHttpClientConnectionOperator -- Connecting to api.getpostman.com/3.211.200.245:443
21:55:37.401 [main] DEBUG org.apache.http.conn.ssl.SSLConnectionSocketFactory -- Connecting socket to api.getpostman.com/3.211.200.245:443 with timeout 30000
21:55:38.190 [main] DEBUG org.apache.http.conn.ssl.SSLConnectionSocketFactory -- Enabled protocols: [TLSv1.3, TLSv1.2]
21:55:38.190 [main] DEBUG org.apache.http.conn.ssl.SSLConnectionSocketFactory -- Enabled cipher suites:[TLS_AES_256_GCM_SHA384, TLS_AES_128_GCM_SHA256, TLS_CHACHA20_POLY1305_SHA256, TLS_ECDHE_ECDSA_WITH_AES_256_GCM_SHA384, TLS_ECDHE_ECDSA_WITH_AES_128_GCM_SHA256, TLS_ECDHE_ECDSA_WITH_CHACHA20_POLY1305_SHA256, TLS_ECDHE_RSA_WITH_AES_256_GCM_SHA384, TLS_ECDHE_RSA_WITH_CHACHA20_POLY1305_SHA256, TLS_ECDHE_RSA_WITH_AES_128_GCM_SHA256, TLS_DHE_RSA_WITH_AES_256_GCM_SHA384, TLS_DHE_RSA_WITH_CHACHA20_POLY1305_SHA256, TLS_DHE_DSS_WITH_AES_256_GCM_SHA384, TLS_DHE_RSA_WITH_AES_128_GCM_SHA256, TLS_DHE_DSS_WITH_AES_128_GCM_SHA256, TLS_ECDHE_ECDSA_WITH_AES_256_CBC_SHA384, TLS_ECDHE_RSA_WITH_AES_256_CBC_SHA384, TLS_ECDHE_ECDSA_WITH_AES_128_CBC_SHA256, TLS_ECDHE_RSA_WITH_AES_128_CBC_SHA256, TLS_DHE_RSA_WITH_AES_256_CBC_SHA256, TLS_DHE_DSS_WITH_AES_256_CBC_SHA256, TLS_DHE_RSA_WITH_AES_128_CBC_SHA256, TLS_DHE_DSS_WITH_AES_128_CBC_SHA256, TLS_ECDHE_ECDSA_WITH_AES_256_CBC_SHA, TLS_ECDHE_RSA_WITH_AES_256_CBC_SHA, TLS_ECDHE_ECDSA_WITH_AES_128_CBC_SHA, TLS_ECDHE_RSA_WITH_AES_128_CBC_SHA, TLS_DHE_RSA_WITH_AES_256_CBC_SHA, TLS_DHE_DSS_WITH_AES_256_CBC_SHA, TLS_DHE_RSA_WITH_AES_128_CBC_SHA, TLS_DHE_DSS_WITH_AES_128_CBC_SHA, TLS_RSA_WITH_AES_256_GCM_SHA384, TLS_RSA_WITH_AES_128_GCM_SHA256, TLS_RSA_WITH_AES_256_CBC_SHA256, TLS_RSA_WITH_AES_128_CBC_SHA256, TLS_RSA_WITH_AES_256_CBC_SHA, TLS_RSA_WITH_AES_128_CBC_SHA, TLS_EMPTY_RENEGOTIATION_INFO_SCSV]
21:55:38.190 [main] DEBUG org.apache.http.conn.ssl.SSLConnectionSocketFactory -- Starting handshake
21:55:39.341 [main] DEBUG org.apache.http.conn.ssl.SSLConnectionSocketFactory -- Secure session established
21:55:39.342 [main] DEBUG org.apache.http.conn.ssl.SSLConnectionSocketFactory --  negotiated protocol: TLSv1.2
21:55:39.342 [main] DEBUG org.apache.http.conn.ssl.SSLConnectionSocketFactory --  negotiated cipher suite: TLS_ECDHE_RSA_WITH_AES_128_GCM_SHA256
21:55:39.342 [main] DEBUG org.apache.http.conn.ssl.SSLConnectionSocketFactory --  peer principal: CN=postman.com
21:55:39.343 [main] DEBUG org.apache.http.conn.ssl.SSLConnectionSocketFactory --  peer alternative names: [postman.com, *.postman.com, *.srv.postman.com, *.explore.postman.com, *.postman.co, *.cdn.postman.com, postman.co, *.mac.postman.com, *.id.postman.com, *.gw.postman.com, *.go.postman.com, *.getpostman.com, getpostman.com]
21:55:39.343 [main] DEBUG org.apache.http.conn.ssl.SSLConnectionSocketFactory --  issuer principal: CN=Amazon RSA 2048 M03, O=Amazon, C=US
21:55:39.354 [main] DEBUG org.apache.http.impl.conn.DefaultHttpClientConnectionOperator -- Connection established 192.168.99.242:56582<->3.211.200.245:443
21:55:39.354 [main] DEBUG org.apache.http.impl.conn.DefaultManagedHttpClientConnection -- http-outgoing-0: set socket timeout to 30000
21:55:39.355 [main] DEBUG org.apache.http.impl.execchain.MainClientExec -- Executing request GET /collections HTTP/1.1
21:55:39.355 [main] DEBUG org.apache.http.impl.execchain.MainClientExec -- Target auth state: UNCHALLENGED
21:55:39.356 [main] DEBUG org.apache.http.impl.execchain.MainClientExec -- Proxy auth state: UNCHALLENGED
21:55:39.359 [main] DEBUG org.apache.http.headers -- http-outgoing-0 >> GET /collections HTTP/1.1
21:55:39.360 [main] DEBUG org.apache.http.headers -- http-outgoing-0 >> X-API-Key: PMAK-66d3d47f1e5c5900010c7343-2de06fdb7de816c3270e681139b77660a3
21:55:39.360 [main] DEBUG org.apache.http.headers -- http-outgoing-0 >> Host: api.getpostman.com
21:55:39.360 [main] DEBUG org.apache.http.headers -- http-outgoing-0 >> Connection: Keep-Alive
21:55:39.360 [main] DEBUG org.apache.http.headers -- http-outgoing-0 >> User-Agent: Apache-HttpClient/4.5.14 (Java/21.0.3)
21:55:39.360 [main] DEBUG org.apache.http.headers -- http-outgoing-0 >> Accept-Encoding: gzip,deflate
21:55:39.361 [main] DEBUG org.apache.http.wire -- http-outgoing-0 >> "GET /collections HTTP/1.1[\r][\n]"
21:55:39.361 [main] DEBUG org.apache.http.wire -- http-outgoing-0 >> "X-API-Key: PMAK-66d3d47f1e5c5900010c7343-2de06fdb7de816c3270e681139b77660a3[\r][\n]"
21:55:39.361 [main] DEBUG org.apache.http.wire -- http-outgoing-0 >> "Host: api.getpostman.com[\r][\n]"
21:55:39.361 [main] DEBUG org.apache.http.wire -- http-outgoing-0 >> "Connection: Keep-Alive[\r][\n]"
21:55:39.362 [main] DEBUG org.apache.http.wire -- http-outgoing-0 >> "User-Agent: Apache-HttpClient/4.5.14 (Java/21.0.3)[\r][\n]"
21:55:39.362 [main] DEBUG org.apache.http.wire -- http-outgoing-0 >> "Accept-Encoding: gzip,deflate[\r][\n]"
21:55:39.362 [main] DEBUG org.apache.http.wire -- http-outgoing-0 >> "[\r][\n]"
21:55:40.115 [main] DEBUG org.apache.http.wire -- http-outgoing-0 << "HTTP/1.1 200[\r][\n]"
21:55:40.115 [main] DEBUG org.apache.http.wire -- http-outgoing-0 << "Date: Mon, 16 Sep 2024 16:25:39 GMT[\r][\n]"
21:55:40.116 [main] DEBUG org.apache.http.wire -- http-outgoing-0 << "Content-Type: application/json; charset=utf-8[\r][\n]"
21:55:40.116 [main] DEBUG org.apache.http.wire -- http-outgoing-0 << "Content-Length: 9534[\r][\n]"
21:55:40.116 [main] DEBUG org.apache.http.wire -- http-outgoing-0 << "Connection: keep-alive[\r][\n]"
21:55:40.116 [main] DEBUG org.apache.http.wire -- http-outgoing-0 << "Server: nginx/1.25.3[\r][\n]"
21:55:40.116 [main] DEBUG org.apache.http.wire -- http-outgoing-0 << "x-frame-options: deny[\r][\n]"
21:55:40.116 [main] DEBUG org.apache.http.wire -- http-outgoing-0 << "x-xss-protection: 1; mode=block[\r][\n]"
21:55:40.117 [main] DEBUG org.apache.http.wire -- http-outgoing-0 << "x-content-type-options: nosniff[\r][\n]"
21:55:40.117 [main] DEBUG org.apache.http.wire -- http-outgoing-0 << "referrer-policy: no-referrer-when-downgrade[\r][\n]"
21:55:40.117 [main] DEBUG org.apache.http.wire -- http-outgoing-0 << "access-control-allow-origin: *[\r][\n]"
21:55:40.117 [main] DEBUG org.apache.http.wire -- http-outgoing-0 << "access-control-allow-methods: GET,POST,PUT,DELETE[\r][\n]"
21:55:40.117 [main] DEBUG org.apache.http.wire -- http-outgoing-0 << "access-control-allow-headers: content-type,x-api-key[\r][\n]"
21:55:40.117 [main] DEBUG org.apache.http.wire -- http-outgoing-0 << "access-control-allow-credentials: false[\r][\n]"
21:55:40.118 [main] DEBUG org.apache.http.wire -- http-outgoing-0 << "x-ratelimit-limit: 10[\r][\n]"
21:55:40.118 [main] DEBUG org.apache.http.wire -- http-outgoing-0 << "x-ratelimit-reset: 1726503949000[\r][\n]"
21:55:40.118 [main] DEBUG org.apache.http.wire -- http-outgoing-0 << "x-ratelimit-remaining: 9[\r][\n]"
21:55:40.118 [main] DEBUG org.apache.http.wire -- http-outgoing-0 << "ratelimit: limit=10, remaining=9, reset=9[\r][\n]"
21:55:40.118 [main] DEBUG org.apache.http.wire -- http-outgoing-0 << "ratelimit-policy: 10;w=10[\r][\n]"
21:55:40.118 [main] DEBUG org.apache.http.wire -- http-outgoing-0 << "uWebSockets: 20[\r][\n]"
21:55:40.119 [main] DEBUG org.apache.http.wire -- http-outgoing-0 << "[\r][\n]"
21:55:40.121 [main] DEBUG org.apache.http.wire -- http-outgoing-0 << "{"collections":[{"id":"095217b1-41bb-4b57-b7f2-56e7ac817ddc","name":"","owner":"36603046","createdAt":"2024-09-01T02:50:17.000Z","updatedAt":"2024-09-01T02:50:17.000Z","uid":"36603046-095217b1-41bb-4b57-b7f2-56e7ac817ddc","isPublic":false},{"id":"e4735dbd-84a2-4c78-81be-11543048b50c","name":"","owner":"36603046","createdAt":"2024-09-01T02:48:47.000Z","updatedAt":"2024-09-01T02:48:47.000Z","uid":"36603046-e4735dbd-84a2-4c78-81be-11543048b50c","isPublic":false},{"id":"f2818af0-b595-416b-8c34-6fe0e5bd2623","name":"","owner":"36603046","createdAt":"2024-09-01T02:46:18.000Z","updatedAt":"2024-09-01T02:46:18.000Z","uid":"36603046-f2818af0-b595-416b-8c34-6fe0e5bd2623","isPublic":false},{"id":"57cfe1a5-464d-478a-835b-adc5b2c64ef3","name":"2T3Ti","owner":"36603046","createdAt":"2024-09-01T06:47:06.000Z","updatedAt":"2024-09-01T06:47:06.000Z","uid":"36603046-57cfe1a5-464d-478a-835b-adc5b2c64ef3","isPublic":false},{"id":"06b5c30c-4b0d-4f79-9a42-1e57e9a49129","name":"API Documentation #reference","owner":"36603046","createdAt":"2024-06-27T16:23:31.000Z","updatedAt":"2024-06-27T16:23:31.000Z","uid":"36603046-06b5c30c-4b0d-4f79-9a42-1e57e9a49129","isPublic":false},{"id":"2107259a-1fc3-42d6-9170-2b1fab738453","name":"AeooH","owner":"36603046","createdAt":"2024-09-01T07:07:31.000Z","updatedAt":"2024-09-01T07:07:35.000Z","uid":"36603046-2107259a-1fc3-42d6-9170-2b1fab738453","isPublic":false},{"id":"ce061cd8-d640-4b15-a1cd-cd0038c56161","name":"ContactListAPI","owner":"36603046","createdAt":"2024-07-18T17:04:48.000Z","updatedAt":"2024-08-26T15:46:02.000Z","uid":"36603046-ce061cd8-d640-4b15-a1cd-cd0038c56161","isPublic":false},{"id":"10188806-be86-430e-9670-a925e4e67830","name":"DAVID","owner":"36603046","createdAt":"2024-09-01T05:39:29.000Z","updatedAt":"2024-09-01T05:39:29.000Z","uid":"36603046-10188806-be86-430e-9670-a925e4e67830","isPublic":false},{"id":"06ac61ef-949f-4e7e-a88d-7826759c364a","name":"EEE","owner":"36603046","createdAt":"2024-09-01T06:23:01.000Z","updatedAt":"2024-09-01T06:23:01.000Z","uid":"36603046-06ac61ef-949f-4e7e-a88d-7826759c364a","isPublic":false},{"id":"d8c56988-5db4-42f5-b215-3f207011d139","name":"EcommerceAPI","owner":"36603046","createdAt":"2024-07-10T15:51:09.000Z","updatedAt":"2024-07-11T16:57:28.000Z","uid":"36603046-d8c56988-5db4-42f5-b215-3f207011d139","isPublic":false},{"id":"4baaea59-b1bb-4a15-9dad-057bb8ae76fb","name":"End-to-End Tests","owner":"36603046","createdAt":"2024-06-27T16:24:23.000Z","updatedAt":"2024-09-06T03:03:00.000Z","uid":"36603046-4baaea59-b1bb-4a15-9dad-057bb8ae76fb","isPublic":false},{"id":"f5b60a1d-833e-4b3a-b0fd-9a844e6308ae","name":"GGGG","owner":"36603046","createdAt":"2024-09-01T05:57:55.000Z","updatedAt":"2024-09-01T05:57:55.000Z","uid":"36603046-f5b60a1d-833e-4b3a-b0fd-9a844e6308ae","isPublic":false},{"id":"e45a3f6a-1c62-49b1-852a-c71e5d28a267","name":"GOOGLEMAP_APIs","owner":"36603046","createdAt":"2024-06-27T15:49:02.000Z","updatedAt":"2024-07-06T13:12:51.000Z","uid":"36603046-e45a3f6a-1c62-49b1-852a-c71e5d28a267","isPublic":false},{"id":"f2400a30-4e63-4e32-84ce-4bce64e8e013","name":"GraphQL_Practice","owner":"36603046","createdAt":"2024-07-21T11:16:28.000Z","updatedAt":"2024-09-02T03:57:49.000Z","uid":"36603046-f2400a30-4e63-4e32-84ce-4bce64e8e013","isPublic":false},{"id":"0cd32396-754c-495a-bc3b-01a60716533a","name":"GzoJw","owner":"36603046","createdAt":"2024-09-01T06:58:32.000Z","updatedAt":"2024-09-01T06:58:32.000Z","uid":"36603046-0cd32396-754c-495a-bc3b-01a60716533a","isPublic":false},{"id":"7b548437-baf9-4e2b-914e-4b483544b7e6","name":"JiraAPI","owner":"36603046","createdAt":"2024-07-02T16:29:03.000Z","updatedAt":"2024-07-02T16:29:18.000Z","uid":"36603046-7b548437-baf9-4e2b-914e-4b483544b7e6","isPublic":false},{"id":"66256f82-1e18-4a68-9b02-6d7178af9365","name":"KqbiU","owner":"36603046","createdAt":"2024-09-01T07:04:42.000Z","updatedAt":"2024-09-01T07:04:42.000Z","uid":"36603046-66256f82-1e18-4a68-9b02-6d7178af9365","isPublic":false},{"id":"cdb07915-adbf-4f62-a068-be34af3c8e1a","name":"LibraryAPI","owner":"36603046","createdAt":"2024-07-01T16:09:28.000Z","updatedAt":"2024-07-19T13:32:34.000Z","uid":"36603046-cdb07915-adbf-4f62-a068-be34af3c8e1a","isPublic":false},{"id":"de441ce3-8e78-4a92-aee5-0036e56ea2eb","name":"MNLyK","owner":"36603046","createdAt":"2024-09-01T07:31:02.000Z","updatedAt":"2024-09-01T07:31:06.000Z","uid":"36603046-de441ce3-8e78-4a92-aee5-0036e56ea2eb","isPublic":false},{"id":"a48e5d87-892f-4263-bf87-33ee71ea3f3d","name":"MOCK API TESTING","owner":"36603046","createdAt":"2024-09-14T13:16:14.000Z","updatedAt":"2024-09-14T13:34:31.000Z","uid":"36603046-a48e5d87-892f-4263-bf87-33ee71ea3f3d","isPublic":false},{"id":"cbfa8671-57d4-40c5-9a5d-697d2fcad2da","name":"OAuth2.0_Practice","owner":"36603046","createdAt":"2024-07-22T16:33:56.000Z","updatedAt":"2024-07-23T16:31:29.000Z","uid":"36603046-cbfa8671-57d4-40c5-9a5d-697d2fcad2da","isPublic":false},{"id":"7cb739bf-2550-496f-8677-25eb43e5c475","name":"OAuthPractice","owner":"36603046","createdAt":"2024-07-06T06:52:46.000Z","updatedAt":"2024-07-06T07:44:39.000Z","uid":"36603046-7cb739bf-2550-496f-8677-25eb43e5c475","isPublic":false},{"id":"193cfa95-0cd6-4dd0-8921-8c660870d040","name":"Practices","owner":"36603046","createdAt":"2024-07-03T16:54:20.000Z","updatedAt":"2024-07-21T06:00:47.000Z","uid":"36603046-193cfa95-0cd6-4dd0-8921-8c660870d040","isPublic":false},{"id":"fc152d72-5f7a-49b8-b0f2-bce5b73489f6","name":"RESTful API Basics #blueprint","owner":"36603046","createdAt":"2024-06-27T16:23:31.000Z","updatedAt":"2024-06-27T16:23:31.000Z","uid":"36603046-fc152d72-5f7a-49b8-b0f2-bce5b73489f6","isPublic":false},{"id":"0674067e-bf36-4df5-b01c-7922d914b423","name":"RFlNS","owner":"36603046","createdAt":"2024-09-01T07:20:26.000Z","updatedAt":"2024-09-01T07:20:34.000Z","uid":"36603046-0674067e-bf36-4df5-b01c-7922d914b423","isPublic":false},{"id":"a30a2598-e8c2-44bd-94e9-3a925131a504","name":"RRRR","owner":"36603046","createdAt":"2024-09-01T06:04:29.000Z","updatedAt":"2024-09-01T06:04:29.000Z","uid":"36603046-a30a2598-e8c2-44bd-94e9-3a925131a504","isPublic":false},{"id":"23e26df1-04df-483a-8a83-c1fa4241146e","name":"RestFulBooker","owner":"36603046","createdAt":"2024-07-19T13:21:40.000Z","updatedAt":"2024-07-19T13:23:37.000Z","uid":"36603046-23e26df1-04df-483a-8a83-c1fa4241146e","isPublic":false},{"id":"c8f3a3f6-7b91-46b0-a0e5-526717063a8e","name":"RqPSw","owner":"36603046","createdAt":"2024-09-01T06:58:36.000Z","updatedAt":"2024-09-01T06:58:41.000Z","uid":"36603046-c8f3a3f6-7b91-46b0-a0e5-526717063a8e","isPublic":false},{"id":"1316d75b-06ed-4bcb-9d45-e08927083a02","name":"UsersAPI","owner":"36603046","createdAt":"2024-06-29T13:42:01.000Z","updatedAt":"2024-06-29T13:43:23.000Z","uid":"36603046-1316d75b-06ed-4bcb-9d45-e08927083a02","isPublic":false},{"id":"7f0875ff-070c-43b6-a0f4-095e50a180f9","name":"VeBOv","owner":"36603046","createdAt":"2024-09-01T07:12:21.000Z","updatedAt":"2024-09-01T07:12:27.000Z","uid":"36603046-7f0875ff-070c-43b6-a0f4-095e50a180f9","isPublic":false},{"id":"b2b96503-eb2f-43de-8e7f-78769c6c666c","name":"XXXXX","owner":"36603046","createdAt":"2024-09-01T06:23:58.000Z","updatedAt":"2024-09-01T06:23:58.000Z","uid":"36603046-b2b96503-eb2f-43de-8e7f-78769c6c666c","isPublic":false},{"id":"1de4cede-9e6a-4851-b146-4ba9496fab58","name":"fwbbp","owner":"36603046","createdAt":"2024-09-01T07:37:53.000Z","updatedAt":"2024-09-01T07:37:53.000Z","uid":"36603046-1de4cede-9e6a-4851-b146-4ba9496fab58","isPublic":false},{"id":"3a35c617-4d80-481d-8858-36209b170e57","name":"fxgjD","owner":"3"
21:55:40.130 [main] DEBUG org.apache.http.headers -- http-outgoing-0 << HTTP/1.1 200 
21:55:40.131 [main] DEBUG org.apache.http.headers -- http-outgoing-0 << Date: Mon, 16 Sep 2024 16:25:39 GMT
21:55:40.131 [main] DEBUG org.apache.http.headers -- http-outgoing-0 << Content-Type: application/json; charset=utf-8
21:55:40.132 [main] DEBUG org.apache.http.headers -- http-outgoing-0 << Content-Length: 9534
21:55:40.132 [main] DEBUG org.apache.http.headers -- http-outgoing-0 << Connection: keep-alive
21:55:40.133 [main] DEBUG org.apache.http.headers -- http-outgoing-0 << Server: nginx/1.25.3
21:55:40.133 [main] DEBUG org.apache.http.headers -- http-outgoing-0 << x-frame-options: deny
21:55:40.133 [main] DEBUG org.apache.http.headers -- http-outgoing-0 << x-xss-protection: 1; mode=block
21:55:40.133 [main] DEBUG org.apache.http.headers -- http-outgoing-0 << x-content-type-options: nosniff
21:55:40.134 [main] DEBUG org.apache.http.headers -- http-outgoing-0 << referrer-policy: no-referrer-when-downgrade
21:55:40.134 [main] DEBUG org.apache.http.headers -- http-outgoing-0 << access-control-allow-origin: *
21:55:40.134 [main] DEBUG org.apache.http.headers -- http-outgoing-0 << access-control-allow-methods: GET,POST,PUT,DELETE
21:55:40.134 [main] DEBUG org.apache.http.headers -- http-outgoing-0 << access-control-allow-headers: content-type,x-api-key
21:55:40.135 [main] DEBUG org.apache.http.headers -- http-outgoing-0 << access-control-allow-credentials: false
21:55:40.135 [main] DEBUG org.apache.http.headers -- http-outgoing-0 << x-ratelimit-limit: 10
21:55:40.135 [main] DEBUG org.apache.http.headers -- http-outgoing-0 << x-ratelimit-reset: 1726503949000
21:55:40.135 [main] DEBUG org.apache.http.headers -- http-outgoing-0 << x-ratelimit-remaining: 9
21:55:40.135 [main] DEBUG org.apache.http.headers -- http-outgoing-0 << ratelimit: limit=10, remaining=9, reset=9
21:55:40.136 [main] DEBUG org.apache.http.headers -- http-outgoing-0 << ratelimit-policy: 10;w=10
21:55:40.136 [main] DEBUG org.apache.http.headers -- http-outgoing-0 << uWebSockets: 20
21:55:40.148 [main] DEBUG org.apache.http.impl.execchain.MainClientExec -- Connection can be kept alive indefinitely
21:55:40.153 [main] DEBUG org.apache.http.wire -- http-outgoing-0 << "6603046","createdAt":"2024-09-01T07:12:18.000Z","updatedAt":"2024-09-01T07:12:18.000Z","uid":"36603046-3a35c617-4d80-481d-8858-36209b170e57","isPublic":false},{"id":"304fa1af-5397-4e77-ba01-63c23a631c60","name":"gsgsd","owner":"36603046","createdAt":"2024-09-01T07:04:45.000Z","updatedAt":"2024-09-01T07:05:30.000Z","uid":"36603046-304fa1af-5397-4e77-ba01-63c23a631c60","isPublic":false},{"id":"8934e8f5-8498-459d-b57b-c51eb7f0262e","name":"gsgsd","owner":"36603046","createdAt":"2024-09-01T02:53:45.000Z","updatedAt":"2024-09-01T07:02:33.000Z","uid":"36603046-8934e8f5-8498-459d-b57b-c51eb7f0262e","isPublic":false},{"id":"c2af32a7-70dc-44b8-9966-c306d8ce5c43","name":"jOevZ","owner":"36603046","createdAt":"2024-09-01T07:07:28.000Z","updatedAt":"2024-09-01T07:07:28.000Z","uid":"36603046-c2af32a7-70dc-44b8-9966-c306d8ce5c43","isPublic":false},{"id":"57d80479-00fc-46d2-8c48-c9e7f45315c3","name":"loGWE","owner":"36603046","createdAt":"2024-09-01T07:07:38.000Z","updatedAt":"2024-09-01T07:07:38.000Z","uid":"36603046-57d80"
21:55:40.154 [main] DEBUG org.apache.http.wire -- http-outgoing-0 << "479-00fc-46d2-8c48-c9e7f45315c3","isPublic":false},{"id":"447ec2e3-9eb4-4b93-b5a0-00035fd03ec8","name":"ulqhn","owner":"36603046","createdAt":"2024-09-01T07:12:30.000Z","updatedAt":"2024-09-01T07:12:30.000Z","uid":"36603046-447ec2e3-9eb4-4b93-b5a0-00035fd03ec8","isPublic":false},{"id":"b26ccca2-2168-47ca-b917-cd0eacff68da","name":"unLsu","owner":"36603046","createdAt":"2024-09-01T07:04:53.000Z","updatedAt":"2024-09-01T07:04:53.000Z","uid":"36603046-b26ccca2-2168-47ca-b917-cd0eacff68da","isPublic":false},{"id":"7e5f7d98-6c77-4a3d-81d2-8742e7224f1a","name":"vraxg","owner":"36603046","createdAt":"2024-09-01T07:20:41.000Z","updatedAt":"2024-09-01T07:20:46.000Z","uid":"36603046-7e5f7d98-6c77-4a3d-81d2-8742e7224f1a","isPublic":false},{"id":"f571cf06-2845-463b-b461-b76568d5761b","name":"yUmAn","owner":"36603046","createdAt":"2024-09-01T06:47:11.000Z","updatedAt":"2024-09-01T06:56:30.000Z","uid":"36603046-f571cf06-2845-463b-b461-b76568d5761b","isPublic":false}]}"
21:55:40.155 [main] DEBUG org.apache.http.impl.conn.PoolingHttpClientConnectionManager -- Connection [id: 0][route: {s}->https://api.getpostman.com:443] can be kept alive indefinitely
21:55:40.155 [main] DEBUG org.apache.http.impl.conn.DefaultManagedHttpClientConnection -- http-outgoing-0: set socket timeout to 0
21:55:40.156 [main] DEBUG org.apache.http.impl.conn.PoolingHttpClientConnectionManager -- Connection released: [id: 0][route: {s}->https://api.getpostman.com:443][total available: 1; route allocated: 1 of 5; total allocated: 1 of 10]
21:55:40.156 [main] DEBUG org.apache.http.impl.conn.PoolingHttpClientConnectionManager -- Connection manager is shutting down
21:55:40.157 [main] DEBUG org.apache.http.impl.conn.DefaultManagedHttpClientConnection -- http-outgoing-0: Close connection
21:55:40.161 [main] DEBUG org.apache.http.impl.conn.PoolingHttpClientConnectionManager -- Connection manager shut down
21:55:40.172 [main] DEBUG com.intuit.karate -- response time in milliseconds: 2978
1 < 200
1 < Date: Mon, 16 Sep 2024 16:25:39 GMT
1 < Content-Type: application/json; charset=utf-8
1 < Content-Length: 9534
1 < Connection: keep-alive
1 < Server: nginx/1.25.3
1 < x-frame-options: deny
1 < x-xss-protection: 1; mode=block
1 < x-content-type-options: nosniff
1 < referrer-policy: no-referrer-when-downgrade
1 < access-control-allow-origin: *
1 < access-control-allow-methods: GET,POST,PUT,DELETE
1 < access-control-allow-headers: content-type,x-api-key
1 < access-control-allow-credentials: false
1 < x-ratelimit-limit: 10
1 < x-ratelimit-reset: 1726503949000
1 < x-ratelimit-remaining: 9
1 < ratelimit: limit=10, remaining=9, reset=9
1 < ratelimit-policy: 10;w=10
1 < uWebSockets: 20
{"collections":[{"id":"095217b1-41bb-4b57-b7f2-56e7ac817ddc","name":"","owner":"36603046","createdAt":"2024-09-01T02:50:17.000Z","updatedAt":"2024-09-01T02:50:17.000Z","uid":"36603046-095217b1-41bb-4b57-b7f2-56e7ac817ddc","isPublic":false},{"id":"e4735dbd-84a2-4c78-81be-11543048b50c","name":"","owner":"36603046","createdAt":"2024-09-01T02:48:47.000Z","updatedAt":"2024-09-01T02:48:47.000Z","uid":"36603046-e4735dbd-84a2-4c78-81be-11543048b50c","isPublic":false},{"id":"f2818af0-b595-416b-8c34-6fe0e5bd2623","name":"","owner":"36603046","createdAt":"2024-09-01T02:46:18.000Z","updatedAt":"2024-09-01T02:46:18.000Z","uid":"36603046-f2818af0-b595-416b-8c34-6fe0e5bd2623","isPublic":false},{"id":"57cfe1a5-464d-478a-835b-adc5b2c64ef3","name":"2T3Ti","owner":"36603046","createdAt":"2024-09-01T06:47:06.000Z","updatedAt":"2024-09-01T06:47:06.000Z","uid":"36603046-57cfe1a5-464d-478a-835b-adc5b2c64ef3","isPublic":false},{"id":"06b5c30c-4b0d-4f79-9a42-1e57e9a49129","name":"API Documentation #reference","owner":"36603046","createdAt":"2024-06-27T16:23:31.000Z","updatedAt":"2024-06-27T16:23:31.000Z","uid":"36603046-06b5c30c-4b0d-4f79-9a42-1e57e9a49129","isPublic":false},{"id":"2107259a-1fc3-42d6-9170-2b1fab738453","name":"AeooH","owner":"36603046","createdAt":"2024-09-01T07:07:31.000Z","updatedAt":"2024-09-01T07:07:35.000Z","uid":"36603046-2107259a-1fc3-42d6-9170-2b1fab738453","isPublic":false},{"id":"ce061cd8-d640-4b15-a1cd-cd0038c56161","name":"ContactListAPI","owner":"36603046","createdAt":"2024-07-18T17:04:48.000Z","updatedAt":"2024-08-26T15:46:02.000Z","uid":"36603046-ce061cd8-d640-4b15-a1cd-cd0038c56161","isPublic":false},{"id":"10188806-be86-430e-9670-a925e4e67830","name":"DAVID","owner":"36603046","createdAt":"2024-09-01T05:39:29.000Z","updatedAt":"2024-09-01T05:39:29.000Z","uid":"36603046-10188806-be86-430e-9670-a925e4e67830","isPublic":false},{"id":"06ac61ef-949f-4e7e-a88d-7826759c364a","name":"EEE","owner":"36603046","createdAt":"2024-09-01T06:23:01.000Z","updatedAt":"2024-09-01T06:23:01.000Z","uid":"36603046-06ac61ef-949f-4e7e-a88d-7826759c364a","isPublic":false},{"id":"d8c56988-5db4-42f5-b215-3f207011d139","name":"EcommerceAPI","owner":"36603046","createdAt":"2024-07-10T15:51:09.000Z","updatedAt":"2024-07-11T16:57:28.000Z","uid":"36603046-d8c56988-5db4-42f5-b215-3f207011d139","isPublic":false},{"id":"4baaea59-b1bb-4a15-9dad-057bb8ae76fb","name":"End-to-End Tests","owner":"36603046","createdAt":"2024-06-27T16:24:23.000Z","updatedAt":"2024-09-06T03:03:00.000Z","uid":"36603046-4baaea59-b1bb-4a15-9dad-057bb8ae76fb","isPublic":false},{"id":"f5b60a1d-833e-4b3a-b0fd-9a844e6308ae","name":"GGGG","owner":"36603046","createdAt":"2024-09-01T05:57:55.000Z","updatedAt":"2024-09-01T05:57:55.000Z","uid":"36603046-f5b60a1d-833e-4b3a-b0fd-9a844e6308ae","isPublic":false},{"id":"e45a3f6a-1c62-49b1-852a-c71e5d28a267","name":"GOOGLEMAP_APIs","owner":"36603046","createdAt":"2024-06-27T15:49:02.000Z","updatedAt":"2024-07-06T13:12:51.000Z","uid":"36603046-e45a3f6a-1c62-49b1-852a-c71e5d28a267","isPublic":false},{"id":"f2400a30-4e63-4e32-84ce-4bce64e8e013","name":"GraphQL_Practice","owner":"36603046","createdAt":"2024-07-21T11:16:28.000Z","updatedAt":"2024-09-02T03:57:49.000Z","uid":"36603046-f2400a30-4e63-4e32-84ce-4bce64e8e013","isPublic":false},{"id":"0cd32396-754c-495a-bc3b-01a60716533a","name":"GzoJw","owner":"36603046","createdAt":"2024-09-01T06:58:32.000Z","updatedAt":"2024-09-01T06:58:32.000Z","uid":"36603046-0cd32396-754c-495a-bc3b-01a60716533a","isPublic":false},{"id":"7b548437-baf9-4e2b-914e-4b483544b7e6","name":"JiraAPI","owner":"36603046","createdAt":"2024-07-02T16:29:03.000Z","updatedAt":"2024-07-02T16:29:18.000Z","uid":"36603046-7b548437-baf9-4e2b-914e-4b483544b7e6","isPublic":false},{"id":"66256f82-1e18-4a68-9b02-6d7178af9365","name":"KqbiU","owner":"36603046","createdAt":"2024-09-01T07:04:42.000Z","updatedAt":"2024-09-01T07:04:42.000Z","uid":"36603046-66256f82-1e18-4a68-9b02-6d7178af9365","isPublic":false},{"id":"cdb07915-adbf-4f62-a068-be34af3c8e1a","name":"LibraryAPI","owner":"36603046","createdAt":"2024-07-01T16:09:28.000Z","updatedAt":"2024-07-19T13:32:34.000Z","uid":"36603046-cdb07915-adbf-4f62-a068-be34af3c8e1a","isPublic":false},{"id":"de441ce3-8e78-4a92-aee5-0036e56ea2eb","name":"MNLyK","owner":"36603046","createdAt":"2024-09-01T07:31:02.000Z","updatedAt":"2024-09-01T07:31:06.000Z","uid":"36603046-de441ce3-8e78-4a92-aee5-0036e56ea2eb","isPublic":false},{"id":"a48e5d87-892f-4263-bf87-33ee71ea3f3d","name":"MOCK API TESTING","owner":"36603046","createdAt":"2024-09-14T13:16:14.000Z","updatedAt":"2024-09-14T13:34:31.000Z","uid":"36603046-a48e5d87-892f-4263-bf87-33ee71ea3f3d","isPublic":false},{"id":"cbfa8671-57d4-40c5-9a5d-697d2fcad2da","name":"OAuth2.0_Practice","owner":"36603046","createdAt":"2024-07-22T16:33:56.000Z","updatedAt":"2024-07-23T16:31:29.000Z","uid":"36603046-cbfa8671-57d4-40c5-9a5d-697d2fcad2da","isPublic":false},{"id":"7cb739bf-2550-496f-8677-25eb43e5c475","name":"OAuthPractice","owner":"36603046","createdAt":"2024-07-06T06:52:46.000Z","updatedAt":"2024-07-06T07:44:39.000Z","uid":"36603046-7cb739bf-2550-496f-8677-25eb43e5c475","isPublic":false},{"id":"193cfa95-0cd6-4dd0-8921-8c660870d040","name":"Practices","owner":"36603046","createdAt":"2024-07-03T16:54:20.000Z","updatedAt":"2024-07-21T06:00:47.000Z","uid":"36603046-193cfa95-0cd6-4dd0-8921-8c660870d040","isPublic":false},{"id":"fc152d72-5f7a-49b8-b0f2-bce5b73489f6","name":"RESTful API Basics #blueprint","owner":"36603046","createdAt":"2024-06-27T16:23:31.000Z","updatedAt":"2024-06-27T16:23:31.000Z","uid":"36603046-fc152d72-5f7a-49b8-b0f2-bce5b73489f6","isPublic":false},{"id":"0674067e-bf36-4df5-b01c-7922d914b423","name":"RFlNS","owner":"36603046","createdAt":"2024-09-01T07:20:26.000Z","updatedAt":"2024-09-01T07:20:34.000Z","uid":"36603046-0674067e-bf36-4df5-b01c-7922d914b423","isPublic":false},{"id":"a30a2598-e8c2-44bd-94e9-3a925131a504","name":"RRRR","owner":"36603046","createdAt":"2024-09-01T06:04:29.000Z","updatedAt":"2024-09-01T06:04:29.000Z","uid":"36603046-a30a2598-e8c2-44bd-94e9-3a925131a504","isPublic":false},{"id":"23e26df1-04df-483a-8a83-c1fa4241146e","name":"RestFulBooker","owner":"36603046","createdAt":"2024-07-19T13:21:40.000Z","updatedAt":"2024-07-19T13:23:37.000Z","uid":"36603046-23e26df1-04df-483a-8a83-c1fa4241146e","isPublic":false},{"id":"c8f3a3f6-7b91-46b0-a0e5-526717063a8e","name":"RqPSw","owner":"36603046","createdAt":"2024-09-01T06:58:36.000Z","updatedAt":"2024-09-01T06:58:41.000Z","uid":"36603046-c8f3a3f6-7b91-46b0-a0e5-526717063a8e","isPublic":false},{"id":"1316d75b-06ed-4bcb-9d45-e08927083a02","name":"UsersAPI","owner":"36603046","createdAt":"2024-06-29T13:42:01.000Z","updatedAt":"2024-06-29T13:43:23.000Z","uid":"36603046-1316d75b-06ed-4bcb-9d45-e08927083a02","isPublic":false},{"id":"7f0875ff-070c-43b6-a0f4-095e50a180f9","name":"VeBOv","owner":"36603046","createdAt":"2024-09-01T07:12:21.000Z","updatedAt":"2024-09-01T07:12:27.000Z","uid":"36603046-7f0875ff-070c-43b6-a0f4-095e50a180f9","isPublic":false},{"id":"b2b96503-eb2f-43de-8e7f-78769c6c666c","name":"XXXXX","owner":"36603046","createdAt":"2024-09-01T06:23:58.000Z","updatedAt":"2024-09-01T06:23:58.000Z","uid":"36603046-b2b96503-eb2f-43de-8e7f-78769c6c666c","isPublic":false},{"id":"1de4cede-9e6a-4851-b146-4ba9496fab58","name":"fwbbp","owner":"36603046","createdAt":"2024-09-01T07:37:53.000Z","updatedAt":"2024-09-01T07:37:53.000Z","uid":"36603046-1de4cede-9e6a-4851-b146-4ba9496fab58","isPublic":false},{"id":"3a35c617-4d80-481d-8858-36209b170e57","name":"fxgjD","owner":"36603046","createdAt":"2024-09-01T07:12:18.000Z","updatedAt":"2024-09-01T07:12:18.000Z","uid":"36603046-3a35c617-4d80-481d-8858-36209b170e57","isPublic":false},{"id":"304fa1af-5397-4e77-ba01-63c23a631c60","name":"gsgsd","owner":"36603046","createdAt":"2024-09-01T07:04:45.000Z","updatedAt":"2024-09-01T07:05:30.000Z","uid":"36603046-304fa1af-5397-4e77-ba01-63c23a631c60","isPublic":false},{"id":"8934e8f5-8498-459d-b57b-c51eb7f0262e","name":"gsgsd","owner":"36603046","createdAt":"2024-09-01T02:53:45.000Z","updatedAt":"2024-09-01T07:02:33.000Z","uid":"36603046-8934e8f5-8498-459d-b57b-c51eb7f0262e","isPublic":false},{"id":"c2af32a7-70dc-44b8-9966-c306d8ce5c43","name":"jOevZ","owner":"36603046","createdAt":"2024-09-01T07:07:28.000Z","updatedAt":"2024-09-01T07:07:28.000Z","uid":"36603046-c2af32a7-70dc-44b8-9966-c306d8ce5c43","isPublic":false},{"id":"57d80479-00fc-46d2-8c48-c9e7f45315c3","name":"loGWE","owner":"36603046","createdAt":"2024-09-01T07:07:38.000Z","updatedAt":"2024-09-01T07:07:38.000Z","uid":"36603046-57d80479-00fc-46d2-8c48-c9e7f45315c3","isPublic":false},{"id":"447ec2e3-9eb4-4b93-b5a0-00035fd03ec8","name":"ulqhn","owner":"36603046","createdAt":"2024-09-01T07:12:30.000Z","updatedAt":"2024-09-01T07:12:30.000Z","uid":"36603046-447ec2e3-9eb4-4b93-b5a0-00035fd03ec8","isPublic":false},{"id":"b26ccca2-2168-47ca-b917-cd0eacff68da","name":"unLsu","owner":"36603046","createdAt":"2024-09-01T07:04:53.000Z","updatedAt":"2024-09-01T07:04:53.000Z","uid":"36603046-b26ccca2-2168-47ca-b917-cd0eacff68da","isPublic":false},{"id":"7e5f7d98-6c77-4a3d-81d2-8742e7224f1a","name":"vraxg","owner":"36603046","createdAt":"2024-09-01T07:20:41.000Z","updatedAt":"2024-09-01T07:20:46.000Z","uid":"36603046-7e5f7d98-6c77-4a3d-81d2-8742e7224f1a","isPublic":false},{"id":"f571cf06-2845-463b-b461-b76568d5761b","name":"yUmAn","owner":"36603046","createdAt":"2024-09-01T06:47:11.000Z","updatedAt":"2024-09-01T06:56:30.000Z","uid":"36603046-f571cf06-2845-463b-b461-b76568d5761b","isPublic":false}]}

21:55:40.670 [main] INFO com.intuit.karate -- [print] {
  "collections": [
    {
      "id": "095217b1-41bb-4b57-b7f2-56e7ac817ddc",
      "name": "",
      "owner": "36603046",
      "createdAt": "2024-09-01T02:50:17.000Z",
      "updatedAt": "2024-09-01T02:50:17.000Z",
      "uid": "36603046-095217b1-41bb-4b57-b7f2-56e7ac817ddc",
      "isPublic": false
    },
    {
      "id": "e4735dbd-84a2-4c78-81be-11543048b50c",
      "name": "",
      "owner": "36603046",
      "createdAt": "2024-09-01T02:48:47.000Z",
      "updatedAt": "2024-09-01T02:48:47.000Z",
      "uid": "36603046-e4735dbd-84a2-4c78-81be-11543048b50c",
      "isPublic": false
    },
    {
      "id": "f2818af0-b595-416b-8c34-6fe0e5bd2623",
      "name": "",
      "owner": "36603046",
      "createdAt": "2024-09-01T02:46:18.000Z",
      "updatedAt": "2024-09-01T02:46:18.000Z",
      "uid": "36603046-f2818af0-b595-416b-8c34-6fe0e5bd2623",
      "isPublic": false
    },
    {
      "id": "57cfe1a5-464d-478a-835b-adc5b2c64ef3",
      "name": "2T3Ti",
      "owner": "36603046",
      "createdAt": "2024-09-01T06:47:06.000Z",
      "updatedAt": "2024-09-01T06:47:06.000Z",
      "uid": "36603046-57cfe1a5-464d-478a-835b-adc5b2c64ef3",
      "isPublic": false
    },
    {
      "id": "06b5c30c-4b0d-4f79-9a42-1e57e9a49129",
      "name": "API Documentation #reference",
      "owner": "36603046",
      "createdAt": "2024-06-27T16:23:31.000Z",
      "updatedAt": "2024-06-27T16:23:31.000Z",
      "uid": "36603046-06b5c30c-4b0d-4f79-9a42-1e57e9a49129",
      "isPublic": false
    },
    {
      "id": "2107259a-1fc3-42d6-9170-2b1fab738453",
      "name": "AeooH",
      "owner": "36603046",
      "createdAt": "2024-09-01T07:07:31.000Z",
      "updatedAt": "2024-09-01T07:07:35.000Z",
      "uid": "36603046-2107259a-1fc3-42d6-9170-2b1fab738453",
      "isPublic": false
    },
    {
      "id": "ce061cd8-d640-4b15-a1cd-cd0038c56161",
      "name": "ContactListAPI",
      "owner": "36603046",
      "createdAt": "2024-07-18T17:04:48.000Z",
      "updatedAt": "2024-08-26T15:46:02.000Z",
      "uid": "36603046-ce061cd8-d640-4b15-a1cd-cd0038c56161",
      "isPublic": false
    },
    {
      "id": "10188806-be86-430e-9670-a925e4e67830",
      "name": "DAVID",
      "owner": "36603046",
      "createdAt": "2024-09-01T05:39:29.000Z",
      "updatedAt": "2024-09-01T05:39:29.000Z",
      "uid": "36603046-10188806-be86-430e-9670-a925e4e67830",
      "isPublic": false
    },
    {
      "id": "06ac61ef-949f-4e7e-a88d-7826759c364a",
      "name": "EEE",
      "owner": "36603046",
      "createdAt": "2024-09-01T06:23:01.000Z",
      "updatedAt": "2024-09-01T06:23:01.000Z",
      "uid": "36603046-06ac61ef-949f-4e7e-a88d-7826759c364a",
      "isPublic": false
    },
    {
      "id": "d8c56988-5db4-42f5-b215-3f207011d139",
      "name": "EcommerceAPI",
      "owner": "36603046",
      "createdAt": "2024-07-10T15:51:09.000Z",
      "updatedAt": "2024-07-11T16:57:28.000Z",
      "uid": "36603046-d8c56988-5db4-42f5-b215-3f207011d139",
      "isPublic": false
    },
    {
      "id": "4baaea59-b1bb-4a15-9dad-057bb8ae76fb",
      "name": "End-to-End Tests",
      "owner": "36603046",
      "createdAt": "2024-06-27T16:24:23.000Z",
      "updatedAt": "2024-09-06T03:03:00.000Z",
      "uid": "36603046-4baaea59-b1bb-4a15-9dad-057bb8ae76fb",
      "isPublic": false
    },
    {
      "id": "f5b60a1d-833e-4b3a-b0fd-9a844e6308ae",
      "name": "GGGG",
      "owner": "36603046",
      "createdAt": "2024-09-01T05:57:55.000Z",
      "updatedAt": "2024-09-01T05:57:55.000Z",
      "uid": "36603046-f5b60a1d-833e-4b3a-b0fd-9a844e6308ae",
      "isPublic": false
    },
    {
      "id": "e45a3f6a-1c62-49b1-852a-c71e5d28a267",
      "name": "GOOGLEMAP_APIs",
      "owner": "36603046",
      "createdAt": "2024-06-27T15:49:02.000Z",
      "updatedAt": "2024-07-06T13:12:51.000Z",
      "uid": "36603046-e45a3f6a-1c62-49b1-852a-c71e5d28a267",
      "isPublic": false
    },
    {
      "id": "f2400a30-4e63-4e32-84ce-4bce64e8e013",
      "name": "GraphQL_Practice",
      "owner": "36603046",
      "createdAt": "2024-07-21T11:16:28.000Z",
      "updatedAt": "2024-09-02T03:57:49.000Z",
      "uid": "36603046-f2400a30-4e63-4e32-84ce-4bce64e8e013",
      "isPublic": false
    },
    {
      "id": "0cd32396-754c-495a-bc3b-01a60716533a",
      "name": "GzoJw",
      "owner": "36603046",
      "createdAt": "2024-09-01T06:58:32.000Z",
      "updatedAt": "2024-09-01T06:58:32.000Z",
      "uid": "36603046-0cd32396-754c-495a-bc3b-01a60716533a",
      "isPublic": false
    },
    {
      "id": "7b548437-baf9-4e2b-914e-4b483544b7e6",
      "name": "JiraAPI",
      "owner": "36603046",
      "createdAt": "2024-07-02T16:29:03.000Z",
      "updatedAt": "2024-07-02T16:29:18.000Z",
      "uid": "36603046-7b548437-baf9-4e2b-914e-4b483544b7e6",
      "isPublic": false
    },
    {
      "id": "66256f82-1e18-4a68-9b02-6d7178af9365",
      "name": "KqbiU",
      "owner": "36603046",
      "createdAt": "2024-09-01T07:04:42.000Z",
      "updatedAt": "2024-09-01T07:04:42.000Z",
      "uid": "36603046-66256f82-1e18-4a68-9b02-6d7178af9365",
      "isPublic": false
    },
    {
      "id": "cdb07915-adbf-4f62-a068-be34af3c8e1a",
      "name": "LibraryAPI",
      "owner": "36603046",
      "createdAt": "2024-07-01T16:09:28.000Z",
      "updatedAt": "2024-07-19T13:32:34.000Z",
      "uid": "36603046-cdb07915-adbf-4f62-a068-be34af3c8e1a",
      "isPublic": false
    },
    {
      "id": "de441ce3-8e78-4a92-aee5-0036e56ea2eb",
      "name": "MNLyK",
      "owner": "36603046",
      "createdAt": "2024-09-01T07:31:02.000Z",
      "updatedAt": "2024-09-01T07:31:06.000Z",
      "uid": "36603046-de441ce3-8e78-4a92-aee5-0036e56ea2eb",
      "isPublic": false
    },
    {
      "id": "a48e5d87-892f-4263-bf87-33ee71ea3f3d",
      "name": "MOCK API TESTING",
      "owner": "36603046",
      "createdAt": "2024-09-14T13:16:14.000Z",
      "updatedAt": "2024-09-14T13:34:31.000Z",
      "uid": "36603046-a48e5d87-892f-4263-bf87-33ee71ea3f3d",
      "isPublic": false
    },
    {
      "id": "cbfa8671-57d4-40c5-9a5d-697d2fcad2da",
      "name": "OAuth2.0_Practice",
      "owner": "36603046",
      "createdAt": "2024-07-22T16:33:56.000Z",
      "updatedAt": "2024-07-23T16:31:29.000Z",
      "uid": "36603046-cbfa8671-57d4-40c5-9a5d-697d2fcad2da",
      "isPublic": false
    },
    {
      "id": "7cb739bf-2550-496f-8677-25eb43e5c475",
      "name": "OAuthPractice",
      "owner": "36603046",
      "createdAt": "2024-07-06T06:52:46.000Z",
      "updatedAt": "2024-07-06T07:44:39.000Z",
      "uid": "36603046-7cb739bf-2550-496f-8677-25eb43e5c475",
      "isPublic": false
    },
    {
      "id": "193cfa95-0cd6-4dd0-8921-8c660870d040",
      "name": "Practices",
      "owner": "36603046",
      "createdAt": "2024-07-03T16:54:20.000Z",
      "updatedAt": "2024-07-21T06:00:47.000Z",
      "uid": "36603046-193cfa95-0cd6-4dd0-8921-8c660870d040",
      "isPublic": false
    },
    {
      "id": "fc152d72-5f7a-49b8-b0f2-bce5b73489f6",
      "name": "RESTful API Basics #blueprint",
      "owner": "36603046",
      "createdAt": "2024-06-27T16:23:31.000Z",
      "updatedAt": "2024-06-27T16:23:31.000Z",
      "uid": "36603046-fc152d72-5f7a-49b8-b0f2-bce5b73489f6",
      "isPublic": false
    },
    {
      "id": "0674067e-bf36-4df5-b01c-7922d914b423",
      "name": "RFlNS",
      "owner": "36603046",
      "createdAt": "2024-09-01T07:20:26.000Z",
      "updatedAt": "2024-09-01T07:20:34.000Z",
      "uid": "36603046-0674067e-bf36-4df5-b01c-7922d914b423",
      "isPublic": false
    },
    {
      "id": "a30a2598-e8c2-44bd-94e9-3a925131a504",
      "name": "RRRR",
      "owner": "36603046",
      "createdAt": "2024-09-01T06:04:29.000Z",
      "updatedAt": "2024-09-01T06:04:29.000Z",
      "uid": "36603046-a30a2598-e8c2-44bd-94e9-3a925131a504",
      "isPublic": false
    },
    {
      "id": "23e26df1-04df-483a-8a83-c1fa4241146e",
      "name": "RestFulBooker",
      "owner": "36603046",
      "createdAt": "2024-07-19T13:21:40.000Z",
      "updatedAt": "2024-07-19T13:23:37.000Z",
      "uid": "36603046-23e26df1-04df-483a-8a83-c1fa4241146e",
      "isPublic": false
    },
    {
      "id": "c8f3a3f6-7b91-46b0-a0e5-526717063a8e",
      "name": "RqPSw",
      "owner": "36603046",
      "createdAt": "2024-09-01T06:58:36.000Z",
      "updatedAt": "2024-09-01T06:58:41.000Z",
      "uid": "36603046-c8f3a3f6-7b91-46b0-a0e5-526717063a8e",
      "isPublic": false
    },
    {
      "id": "1316d75b-06ed-4bcb-9d45-e08927083a02",
      "name": "UsersAPI",
      "owner": "36603046",
      "createdAt": "2024-06-29T13:42:01.000Z",
      "updatedAt": "2024-06-29T13:43:23.000Z",
      "uid": "36603046-1316d75b-06ed-4bcb-9d45-e08927083a02",
      "isPublic": false
    },
    {
      "id": "7f0875ff-070c-43b6-a0f4-095e50a180f9",
      "name": "VeBOv",
      "owner": "36603046",
      "createdAt": "2024-09-01T07:12:21.000Z",
      "updatedAt": "2024-09-01T07:12:27.000Z",
      "uid": "36603046-7f0875ff-070c-43b6-a0f4-095e50a180f9",
      "isPublic": false
    },
    {
      "id": "b2b96503-eb2f-43de-8e7f-78769c6c666c",
      "name": "XXXXX",
      "owner": "36603046",
      "createdAt": "2024-09-01T06:23:58.000Z",
      "updatedAt": "2024-09-01T06:23:58.000Z",
      "uid": "36603046-b2b96503-eb2f-43de-8e7f-78769c6c666c",
      "isPublic": false
    },
    {
      "id": "1de4cede-9e6a-4851-b146-4ba9496fab58",
      "name": "fwbbp",
      "owner": "36603046",
      "createdAt": "2024-09-01T07:37:53.000Z",
      "updatedAt": "2024-09-01T07:37:53.000Z",
      "uid": "36603046-1de4cede-9e6a-4851-b146-4ba9496fab58",
      "isPublic": false
    },
    {
      "id": "3a35c617-4d80-481d-8858-36209b170e57",
      "name": "fxgjD",
      "owner": "36603046",
      "createdAt": "2024-09-01T07:12:18.000Z",
      "updatedAt": "2024-09-01T07:12:18.000Z",
      "uid": "36603046-3a35c617-4d80-481d-8858-36209b170e57",
      "isPublic": false
    },
    {
      "id": "304fa1af-5397-4e77-ba01-63c23a631c60",
      "name": "gsgsd",
      "owner": "36603046",
      "createdAt": "2024-09-01T07:04:45.000Z",
      "updatedAt": "2024-09-01T07:05:30.000Z",
      "uid": "36603046-304fa1af-5397-4e77-ba01-63c23a631c60",
      "isPublic": false
    },
    {
      "id": "8934e8f5-8498-459d-b57b-c51eb7f0262e",
      "name": "gsgsd",
      "owner": "36603046",
      "createdAt": "2024-09-01T02:53:45.000Z",
      "updatedAt": "2024-09-01T07:02:33.000Z",
      "uid": "36603046-8934e8f5-8498-459d-b57b-c51eb7f0262e",
      "isPublic": false
    },
    {
      "id": "c2af32a7-70dc-44b8-9966-c306d8ce5c43",
      "name": "jOevZ",
      "owner": "36603046",
      "createdAt": "2024-09-01T07:07:28.000Z",
      "updatedAt": "2024-09-01T07:07:28.000Z",
      "uid": "36603046-c2af32a7-70dc-44b8-9966-c306d8ce5c43",
      "isPublic": false
    },
    {
      "id": "57d80479-00fc-46d2-8c48-c9e7f45315c3",
      "name": "loGWE",
      "owner": "36603046",
      "createdAt": "2024-09-01T07:07:38.000Z",
      "updatedAt": "2024-09-01T07:07:38.000Z",
      "uid": "36603046-57d80479-00fc-46d2-8c48-c9e7f45315c3",
      "isPublic": false
    },
    {
      "id": "447ec2e3-9eb4-4b93-b5a0-00035fd03ec8",
      "name": "ulqhn",
      "owner": "36603046",
      "createdAt": "2024-09-01T07:12:30.000Z",
      "updatedAt": "2024-09-01T07:12:30.000Z",
      "uid": "36603046-447ec2e3-9eb4-4b93-b5a0-00035fd03ec8",
      "isPublic": false
    },
    {
      "id": "b26ccca2-2168-47ca-b917-cd0eacff68da",
      "name": "unLsu",
      "owner": "36603046",
      "createdAt": "2024-09-01T07:04:53.000Z",
      "updatedAt": "2024-09-01T07:04:53.000Z",
      "uid": "36603046-b26ccca2-2168-47ca-b917-cd0eacff68da",
      "isPublic": false
    },
    {
      "id": "7e5f7d98-6c77-4a3d-81d2-8742e7224f1a",
      "name": "vraxg",
      "owner": "36603046",
      "createdAt": "2024-09-01T07:20:41.000Z",
      "updatedAt": "2024-09-01T07:20:46.000Z",
      "uid": "36603046-7e5f7d98-6c77-4a3d-81d2-8742e7224f1a",
      "isPublic": false
    },
    {
      "id": "f571cf06-2845-463b-b461-b76568d5761b",
      "name": "yUmAn",
      "owner": "36603046",
      "createdAt": "2024-09-01T06:47:11.000Z",
      "updatedAt": "2024-09-01T06:56:30.000Z",
      "uid": "36603046-f571cf06-2845-463b-b461-b76568d5761b",
      "isPublic": false
    }
  ]
}
 
21:55:40.719 [main] INFO com.intuit.karate -- [print] 41 
21:55:40.892 [main] DEBUG org.thymeleaf.TemplateEngine -- [THYMELEAF] INITIALIZING TEMPLATE ENGINE
21:55:41.486 [main] DEBUG org.thymeleaf.TemplateEngine.CONFIG -- Initializing Thymeleaf Template engine configuration...
[THYMELEAF] TEMPLATE ENGINE CONFIGURATION:
[THYMELEAF] * Thymeleaf version: 3.1.2.RELEASE (built 2023-07-30T19:25:50+0000)
[THYMELEAF] * Cache Manager implementation: org.thymeleaf.cache.StandardCacheManager
[THYMELEAF] * Template resolvers:
[THYMELEAF]     * [1] com.intuit.karate.template.ResourceHtmlTemplateResolver
[THYMELEAF] * Message resolvers:
[THYMELEAF]     * org.thymeleaf.messageresolver.StandardMessageResolver
[THYMELEAF] * Link builders:
[THYMELEAF]     * org.thymeleaf.linkbuilder.StandardLinkBuilder
[THYMELEAF] * Dialect [1 of 2]: Standard (com.intuit.karate.template.KarateStandardDialect)
[THYMELEAF]     * Prefix: "th"
[THYMELEAF]     * Processors for Template Mode: HTML
[THYMELEAF]         * Element Tag Processors by [matching element and attribute name] [precedence]:
[THYMELEAF]             * [* {th:include,data-th-include}] [100]: org.thymeleaf.standard.processor.StandardIncludeTagProcessor
[THYMELEAF]             * [* {th:insert,data-th-insert}] [100]: org.thymeleaf.standard.processor.StandardInsertTagProcessor
[THYMELEAF]             * [* {th:replace,data-th-replace}] [100]: org.thymeleaf.standard.processor.StandardReplaceTagProcessor
[THYMELEAF]             * [* {th:each,data-th-each}] [200]: com.intuit.karate.template.KarateEachTagProcessor
[THYMELEAF]             * [* {th:switch,data-th-switch}] [250]: org.thymeleaf.standard.processor.StandardSwitchTagProcessor
[THYMELEAF]             * [* {th:case,data-th-case}] [275]: org.thymeleaf.standard.processor.StandardCaseTagProcessor
[THYMELEAF]             * [* {th:if,data-th-if}] [300]: org.thymeleaf.standard.processor.StandardIfTagProcessor
[THYMELEAF]             * [* {th:unless,data-th-unless}] [400]: org.thymeleaf.standard.processor.StandardUnlessTagProcessor
[THYMELEAF]             * [* {th:object,data-th-object}] [500]: org.thymeleaf.standard.processor.StandardObjectTagProcessor
[THYMELEAF]             * [* {th:with,data-th-with}] [600]: com.intuit.karate.template.KarateWithTagProcessor
[THYMELEAF]             * [* {th:attr,data-th-attr}] [700]: com.intuit.karate.template.KarateAttributeTagProcessor.KarateAttrTagProcessor
[THYMELEAF]             * [* {th:attrappend,data-th-attrappend}] [900]: com.intuit.karate.template.KarateAttributeTagProcessor.KarateAttrappendTagProcessor
[THYMELEAF]             * [* {th:attrprepend,data-th-attrprepend}] [900]: com.intuit.karate.template.KarateAttributeTagProcessor.KarateAttrprependTagProcessor
[THYMELEAF]             * [* {th:alt-title,data-th-alt-title}] [990]: org.thymeleaf.standard.processor.StandardAltTitleTagProcessor
[THYMELEAF]             * [* {th:lang-xmllang,data-th-lang-xmllang}] [990]: org.thymeleaf.standard.processor.StandardLangXmlLangTagProcessor
[THYMELEAF]             * [* {th:action,data-th-action}] [1000]: org.thymeleaf.standard.processor.StandardActionTagProcessor
[THYMELEAF]             * [* {th:novalidate,data-th-novalidate}] [1000]: org.thymeleaf.standard.processor.StandardConditionalFixedValueTagProcessor
[THYMELEAF]             * [* {th:pubdate,data-th-pubdate}] [1000]: org.thymeleaf.standard.processor.StandardConditionalFixedValueTagProcessor
[THYMELEAF]             * [* {th:scoped,data-th-scoped}] [1000]: org.thymeleaf.standard.processor.StandardConditionalFixedValueTagProcessor
[THYMELEAF]             * [* {th:declare,data-th-declare}] [1000]: org.thymeleaf.standard.processor.StandardConditionalFixedValueTagProcessor
[THYMELEAF]             * [* {th:hidden,data-th-hidden}] [1000]: org.thymeleaf.standard.processor.StandardConditionalFixedValueTagProcessor
[THYMELEAF]             * [* {th:async,data-th-async}] [1000]: org.thymeleaf.standard.processor.StandardConditionalFixedValueTagProcessor
[THYMELEAF]             * [* {th:seamless,data-th-seamless}] [1000]: org.thymeleaf.standard.processor.StandardConditionalFixedValueTagProcessor
[THYMELEAF]             * [* {th:reversed,data-th-reversed}] [1000]: org.thymeleaf.standard.processor.StandardConditionalFixedValueTagProcessor
[THYMELEAF]             * [* {th:required,data-th-required}] [1000]: org.thymeleaf.standard.processor.StandardConditionalFixedValueTagProcessor
[THYMELEAF]             * [* {th:open,data-th-open}] [1000]: org.thymeleaf.standard.processor.StandardConditionalFixedValueTagProcessor
[THYMELEAF]             * [* {th:default,data-th-default}] [1000]: org.thymeleaf.standard.processor.StandardConditionalFixedValueTagProcessor
[THYMELEAF]             * [* {th:autoplay,data-th-autoplay}] [1000]: org.thymeleaf.standard.processor.StandardConditionalFixedValueTagProcessor
[THYMELEAF]             * [* {th:controls,data-th-controls}] [1000]: org.thymeleaf.standard.processor.StandardConditionalFixedValueTagProcessor
[THYMELEAF]             * [* {th:disabled,data-th-disabled}] [1000]: org.thymeleaf.standard.processor.StandardConditionalFixedValueTagProcessor
[THYMELEAF]             * [* {th:nowrap,data-th-nowrap}] [1000]: org.thymeleaf.standard.processor.StandardConditionalFixedValueTagProcessor
[THYMELEAF]             * [* {th:selected,data-th-selected}] [1000]: org.thymeleaf.standard.processor.StandardConditionalFixedValueTagProcessor
[THYMELEAF]             * [* {th:ismap,data-th-ismap}] [1000]: org.thymeleaf.standard.processor.StandardConditionalFixedValueTagProcessor
[THYMELEAF]             * [* {th:multiple,data-th-multiple}] [1000]: org.thymeleaf.standard.processor.StandardConditionalFixedValueTagProcessor
[THYMELEAF]             * [* {th:formnovalidate,data-th-formnovalidate}] [1000]: org.thymeleaf.standard.processor.StandardConditionalFixedValueTagProcessor
[THYMELEAF]             * [* {th:readonly,data-th-readonly}] [1000]: org.thymeleaf.standard.processor.StandardConditionalFixedValueTagProcessor
[THYMELEAF]             * [* {th:loop,data-th-loop}] [1000]: org.thymeleaf.standard.processor.StandardConditionalFixedValueTagProcessor
[THYMELEAF]             * [* {th:autofocus,data-th-autofocus}] [1000]: org.thymeleaf.standard.processor.StandardConditionalFixedValueTagProcessor
[THYMELEAF]             * [* {th:defer,data-th-defer}] [1000]: org.thymeleaf.standard.processor.StandardConditionalFixedValueTagProcessor
[THYMELEAF]             * [* {th:checked,data-th-checked}] [1000]: org.thymeleaf.standard.processor.StandardConditionalFixedValueTagProcessor
[THYMELEAF]             * [* {th:onselect,data-th-onselect}] [1000]: org.thymeleaf.standard.processor.StandardDOMEventAttributeTagProcessor
[THYMELEAF]             * [* {th:onerror,data-th-onerror}] [1000]: org.thymeleaf.standard.processor.StandardDOMEventAttributeTagProcessor
[THYMELEAF]             * [* {th:ondragleave,data-th-ondragleave}] [1000]: org.thymeleaf.standard.processor.StandardDOMEventAttributeTagProcessor
[THYMELEAF]             * [* {th:onkeyup,data-th-onkeyup}] [1000]: org.thymeleaf.standard.processor.StandardDOMEventAttributeTagProcessor
[THYMELEAF]             * [* {th:onundo,data-th-onundo}] [1000]: org.thymeleaf.standard.processor.StandardDOMEventAttributeTagProcessor
[THYMELEAF]             * [* {th:onchange,data-th-onchange}] [1000]: org.thymeleaf.standard.processor.StandardDOMEventAttributeTagProcessor
[THYMELEAF]             * [* {th:onseeking,data-th-onseeking}] [1000]: org.thymeleaf.standard.processor.StandardDOMEventAttributeTagProcessor
[THYMELEAF]             * [* {th:onforminput,data-th-onforminput}] [1000]: org.thymeleaf.standard.processor.StandardDOMEventAttributeTagProcessor
[THYMELEAF]             * [* {th:onended,data-th-onended}] [1000]: org.thymeleaf.standard.processor.StandardDOMEventAttributeTagProcessor
[THYMELEAF]             * [* {th:oncanplaythrough,data-th-oncanplaythrough}] [1000]: org.thymeleaf.standard.processor.StandardDOMEventAttributeTagProcessor
[THYMELEAF]             * [* {th:onvolumechange,data-th-onvolumechange}] [1000]: org.thymeleaf.standard.processor.StandardDOMEventAttributeTagProcessor
[THYMELEAF]             * [* {th:onratechange,data-th-onratechange}] [1000]: org.thymeleaf.standard.processor.StandardDOMEventAttributeTagProcessor
[THYMELEAF]             * [* {th:onresize,data-th-onresize}] [1000]: org.thymeleaf.standard.processor.StandardDOMEventAttributeTagProcessor
[THYMELEAF]             * [* {th:onafterprint,data-th-onafterprint}] [1000]: org.thymeleaf.standard.processor.StandardDOMEventAttributeTagProcessor
[THYMELEAF]             * [* {th:onreset,data-th-onreset}] [1000]: org.thymeleaf.standard.processor.StandardDOMEventAttributeTagProcessor
[THYMELEAF]             * [* {th:onblur,data-th-onblur}] [1000]: org.thymeleaf.standard.processor.StandardDOMEventAttributeTagProcessor
[THYMELEAF]             * [* {th:onseeked,data-th-onseeked}] [1000]: org.thymeleaf.standard.processor.StandardDOMEventAttributeTagProcessor
[THYMELEAF]             * [* {th:ondurationchange,data-th-ondurationchange}] [1000]: org.thymeleaf.standard.processor.StandardDOMEventAttributeTagProcessor
[THYMELEAF]             * [* {th:onredo,data-th-onredo}] [1000]: org.thymeleaf.standard.processor.StandardDOMEventAttributeTagProcessor
[THYMELEAF]             * [* {th:onwaiting,data-th-onwaiting}] [1000]: org.thymeleaf.standard.processor.StandardDOMEventAttributeTagProcessor
[THYMELEAF]             * [* {th:onreadystatechange,data-th-onreadystatechange}] [1000]: org.thymeleaf.standard.processor.StandardDOMEventAttributeTagProcessor
[THYMELEAF]             * [* {th:onabort,data-th-onabort}] [1000]: org.thymeleaf.standard.processor.StandardDOMEventAttributeTagProcessor
[THYMELEAF]             * [* {th:onload,data-th-onload}] [1000]: org.thymeleaf.standard.processor.StandardDOMEventAttributeTagProcessor
[THYMELEAF]             * [* {th:onemptied,data-th-onemptied}] [1000]: org.thymeleaf.standard.processor.StandardDOMEventAttributeTagProcessor
[THYMELEAF]             * [* {th:onmessage,data-th-onmessage}] [1000]: org.thymeleaf.standard.processor.StandardDOMEventAttributeTagProcessor
[THYMELEAF]             * [* {th:ondragover,data-th-ondragover}] [1000]: org.thymeleaf.standard.processor.StandardDOMEventAttributeTagProcessor
[THYMELEAF]             * [* {th:onsubmit,data-th-onsubmit}] [1000]: org.thymeleaf.standard.processor.StandardDOMEventAttributeTagProcessor
[THYMELEAF]             * [* {th:onunload,data-th-onunload}] [1000]: org.thymeleaf.standard.processor.StandardDOMEventAttributeTagProcessor
[THYMELEAF]             * [* {th:onscroll,data-th-onscroll}] [1000]: org.thymeleaf.standard.processor.StandardDOMEventAttributeTagProcessor
[THYMELEAF]             * [* {th:onoffline,data-th-onoffline}] [1000]: org.thymeleaf.standard.processor.StandardDOMEventAttributeTagProcessor
[THYMELEAF]             * [* {th:onpopstate,data-th-onpopstate}] [1000]: org.thymeleaf.standard.processor.StandardDOMEventAttributeTagProcessor
[THYMELEAF]             * [* {th:ondragenter,data-th-ondragenter}] [1000]: org.thymeleaf.standard.processor.StandardDOMEventAttributeTagProcessor
[THYMELEAF]             * [* {th:onmouseup,data-th-onmouseup}] [1000]: org.thymeleaf.standard.processor.StandardDOMEventAttributeTagProcessor
[THYMELEAF]             * [* {th:ondrop,data-th-ondrop}] [1000]: org.thymeleaf.standard.processor.StandardDOMEventAttributeTagProcessor
[THYMELEAF]             * [* {th:oninput,data-th-oninput}] [1000]: org.thymeleaf.standard.processor.StandardDOMEventAttributeTagProcessor
[THYMELEAF]             * [* {th:oncanplay,data-th-oncanplay}] [1000]: org.thymeleaf.standard.processor.StandardDOMEventAttributeTagProcessor
[THYMELEAF]             * [* {th:oninvalid,data-th-oninvalid}] [1000]: org.thymeleaf.standard.processor.StandardDOMEventAttributeTagProcessor
[THYMELEAF]             * [* {th:onmousemove,data-th-onmousemove}] [1000]: org.thymeleaf.standard.processor.StandardDOMEventAttributeTagProcessor
[THYMELEAF]             * [* {th:onmousedown,data-th-onmousedown}] [1000]: org.thymeleaf.standard.processor.StandardDOMEventAttributeTagProcessor
[THYMELEAF]             * [* {th:onprogress,data-th-onprogress}] [1000]: org.thymeleaf.standard.processor.StandardDOMEventAttributeTagProcessor
[THYMELEAF]             * [* {th:onloadeddata,data-th-onloadeddata}] [1000]: org.thymeleaf.standard.processor.StandardDOMEventAttributeTagProcessor
[THYMELEAF]             * [* {th:onstalled,data-th-onstalled}] [1000]: org.thymeleaf.standard.processor.StandardDOMEventAttributeTagProcessor
[THYMELEAF]             * [* {th:onshow,data-th-onshow}] [1000]: org.thymeleaf.standard.processor.StandardDOMEventAttributeTagProcessor
[THYMELEAF]             * [* {th:onkeypress,data-th-onkeypress}] [1000]: org.thymeleaf.standard.processor.StandardDOMEventAttributeTagProcessor
[THYMELEAF]             * [* {th:onpause,data-th-onpause}] [1000]: org.thymeleaf.standard.processor.StandardDOMEventAttributeTagProcessor
[THYMELEAF]             * [* {th:onclick,data-th-onclick}] [1000]: org.thymeleaf.standard.processor.StandardDOMEventAttributeTagProcessor
[THYMELEAF]             * [* {th:onsuspend,data-th-onsuspend}] [1000]: org.thymeleaf.standard.processor.StandardDOMEventAttributeTagProcessor
[THYMELEAF]             * [* {th:onbeforeunload,data-th-onbeforeunload}] [1000]: org.thymeleaf.standard.processor.StandardDOMEventAttributeTagProcessor
[THYMELEAF]             * [* {th:ondragstart,data-th-ondragstart}] [1000]: org.thymeleaf.standard.processor.StandardDOMEventAttributeTagProcessor
[THYMELEAF]             * [* {th:onmousewheel,data-th-onmousewheel}] [1000]: org.thymeleaf.standard.processor.StandardDOMEventAttributeTagProcessor
[THYMELEAF]             * [* {th:onkeydown,data-th-onkeydown}] [1000]: org.thymeleaf.standard.processor.StandardDOMEventAttributeTagProcessor
[THYMELEAF]             * [* {th:ondblclick,data-th-ondblclick}] [1000]: org.thymeleaf.standard.processor.StandardDOMEventAttributeTagProcessor
[THYMELEAF]             * [* {th:onplaying,data-th-onplaying}] [1000]: org.thymeleaf.standard.processor.StandardDOMEventAttributeTagProcessor
[THYMELEAF]             * [* {th:ondrag,data-th-ondrag}] [1000]: org.thymeleaf.standard.processor.StandardDOMEventAttributeTagProcessor
[THYMELEAF]             * [* {th:onhashchange,data-th-onhashchange}] [1000]: org.thymeleaf.standard.processor.StandardDOMEventAttributeTagProcessor
[THYMELEAF]             * [* {th:onstorage,data-th-onstorage}] [1000]: org.thymeleaf.standard.processor.StandardDOMEventAttributeTagProcessor
[THYMELEAF]             * [* {th:ononline,data-th-ononline}] [1000]: org.thymeleaf.standard.processor.StandardDOMEventAttributeTagProcessor
[THYMELEAF]             * [* {th:onmouseout,data-th-onmouseout}] [1000]: org.thymeleaf.standard.processor.StandardDOMEventAttributeTagProcessor
[THYMELEAF]             * [* {th:onplay,data-th-onplay}] [1000]: org.thymeleaf.standard.processor.StandardDOMEventAttributeTagProcessor
[THYMELEAF]             * [* {th:onmouseover,data-th-onmouseover}] [1000]: org.thymeleaf.standard.processor.StandardDOMEventAttributeTagProcessor
[THYMELEAF]             * [* {th:oncontextmenu,data-th-oncontextmenu}] [1000]: org.thymeleaf.standard.processor.StandardDOMEventAttributeTagProcessor
[THYMELEAF]             * [* {th:onloadstart,data-th-onloadstart}] [1000]: org.thymeleaf.standard.processor.StandardDOMEventAttributeTagProcessor
[THYMELEAF]             * [* {th:ontimeupdate,data-th-ontimeupdate}] [1000]: org.thymeleaf.standard.processor.StandardDOMEventAttributeTagProcessor
[THYMELEAF]             * [* {th:onfocus,data-th-onfocus}] [1000]: org.thymeleaf.standard.processor.StandardDOMEventAttributeTagProcessor
[THYMELEAF]             * [* {th:ondragend,data-th-ondragend}] [1000]: org.thymeleaf.standard.processor.StandardDOMEventAttributeTagProcessor
[THYMELEAF]             * [* {th:onloadedmetadata,data-th-onloadedmetadata}] [1000]: org.thymeleaf.standard.processor.StandardDOMEventAttributeTagProcessor
[THYMELEAF]             * [* {th:onformchange,data-th-onformchange}] [1000]: org.thymeleaf.standard.processor.StandardDOMEventAttributeTagProcessor
[THYMELEAF]             * [* {th:onbeforeprint,data-th-onbeforeprint}] [1000]: org.thymeleaf.standard.processor.StandardDOMEventAttributeTagProcessor
[THYMELEAF]             * [* {th:href,data-th-href}] [1000]: org.thymeleaf.standard.processor.StandardHrefTagProcessor
[THYMELEAF]             * [* {th:inline,data-th-inline}] [1000]: org.thymeleaf.standard.processor.StandardInlineHTMLTagProcessor
[THYMELEAF]             * [* {th:method,data-th-method}] [1000]: org.thymeleaf.standard.processor.StandardMethodTagProcessor
[THYMELEAF]             * [* {th:name,data-th-name}] [1000]: org.thymeleaf.standard.processor.StandardNonRemovableAttributeTagProcessor
[THYMELEAF]             * [* {th:type,data-th-type}] [1000]: org.thymeleaf.standard.processor.StandardNonRemovableAttributeTagProcessor
[THYMELEAF]             * [* {th:headers,data-th-headers}] [1000]: org.thymeleaf.standard.processor.StandardRemovableAttributeTagProcessor
[THYMELEAF]             * [* {th:accept,data-th-accept}] [1000]: org.thymeleaf.standard.processor.StandardRemovableAttributeTagProcessor
[THYMELEAF]             * [* {th:spellcheck,data-th-spellcheck}] [1000]: org.thymeleaf.standard.processor.StandardRemovableAttributeTagProcessor
[THYMELEAF]             * [* {th:archive,data-th-archive}] [1000]: org.thymeleaf.standard.processor.StandardRemovableAttributeTagProcessor
[THYMELEAF]             * [* {th:accept-charset,data-th-accept-charset}] [1000]: org.thymeleaf.standard.processor.StandardRemovableAttributeTagProcessor
[THYMELEAF]             * [* {th:span,data-th-span}] [1000]: org.thymeleaf.standard.processor.StandardRemovableAttributeTagProcessor
[THYMELEAF]             * [* {th:placeholder,data-th-placeholder}] [1000]: org.thymeleaf.standard.processor.StandardRemovableAttributeTagProcessor
[THYMELEAF]             * [* {th:step,data-th-step}] [1000]: org.thymeleaf.standard.processor.StandardRemovableAttributeTagProcessor
[THYMELEAF]             * [* {th:formtarget,data-th-formtarget}] [1000]: org.thymeleaf.standard.processor.StandardRemovableAttributeTagProcessor
[THYMELEAF]             * [* {th:bgcolor,data-th-bgcolor}] [1000]: org.thymeleaf.standard.processor.StandardRemovableAttributeTagProcessor
[THYMELEAF]             * [* {th:audio,data-th-audio}] [1000]: org.thymeleaf.standard.processor.StandardRemovableAttributeTagProcessor
[THYMELEAF]             * [* {th:draggable,data-th-draggable}] [1000]: org.thymeleaf.standard.processor.StandardRemovableAttributeTagProcessor
[THYMELEAF]             * [* {th:background,data-th-background}] [1000]: org.thymeleaf.standard.processor.StandardRemovableAttributeTagProcessor
[THYMELEAF]             * [* {th:radiogroup,data-th-radiogroup}] [1000]: org.thymeleaf.standard.processor.StandardRemovableAttributeTagProcessor
[THYMELEAF]             * [* {th:list,data-th-list}] [1000]: org.thymeleaf.standard.processor.StandardRemovableAttributeTagProcessor
[THYMELEAF]             * [* {th:usemap,data-th-usemap}] [1000]: org.thymeleaf.standard.processor.StandardRemovableAttributeTagProcessor
[THYMELEAF]             * [* {th:align,data-th-align}] [1000]: org.thymeleaf.standard.processor.StandardRemovableAttributeTagProcessor
[THYMELEAF]             * [* {th:axis,data-th-axis}] [1000]: org.thymeleaf.standard.processor.StandardRemovableAttributeTagProcessor
[THYMELEAF]             * [* {th:manifest,data-th-manifest}] [1000]: org.thymeleaf.standard.processor.StandardRemovableAttributeTagProcessor
[THYMELEAF]             * [* {th:accesskey,data-th-accesskey}] [1000]: org.thymeleaf.standard.processor.StandardRemovableAttributeTagProcessor
[THYMELEAF]             * [* {th:sizes,data-th-sizes}] [1000]: org.thymeleaf.standard.processor.StandardRemovableAttributeTagProcessor
[THYMELEAF]             * [* {th:longdesc,data-th-longdesc}] [1000]: org.thymeleaf.standard.processor.StandardRemovableAttributeTagProcessor
[THYMELEAF]             * [* {th:summary,data-th-summary}] [1000]: org.thymeleaf.standard.processor.StandardRemovableAttributeTagProcessor
[THYMELEAF]             * [* {th:high,data-th-high}] [1000]: org.thymeleaf.standard.processor.StandardRemovableAttributeTagProcessor
[THYMELEAF]             * [* {th:lang,data-th-lang}] [1000]: org.thymeleaf.standard.processor.StandardRemovableAttributeTagProcessor
[THYMELEAF]             * [* {th:srclang,data-th-srclang}] [1000]: org.thymeleaf.standard.processor.StandardRemovableAttributeTagProcessor
[THYMELEAF]             * [* {th:sandbox,data-th-sandbox}] [1000]: org.thymeleaf.standard.processor.StandardRemovableAttributeTagProcessor
[THYMELEAF]             * [* {th:wrap,data-th-wrap}] [1000]: org.thymeleaf.standard.processor.StandardRemovableAttributeTagProcessor
[THYMELEAF]             * [* {th:style,data-th-style}] [1000]: org.thymeleaf.standard.processor.StandardRemovableAttributeTagProcessor
[THYMELEAF]             * [* {th:cellspacing,data-th-cellspacing}] [1000]: org.thymeleaf.standard.processor.StandardRemovableAttributeTagProcessor
[THYMELEAF]             * [* {th:media,data-th-media}] [1000]: org.thymeleaf.standard.processor.StandardRemovableAttributeTagProcessor
[THYMELEAF]             * [* {th:target,data-th-target}] [1000]: org.thymeleaf.standard.processor.StandardRemovableAttributeTagProcessor
[THYMELEAF]             * [* {th:title,data-th-title}] [1000]: org.thymeleaf.standard.processor.StandardRemovableAttributeTagProcessor
[THYMELEAF]             * [* {th:challenge,data-th-challenge}] [1000]: org.thymeleaf.standard.processor.StandardRemovableAttributeTagProcessor
[THYMELEAF]             * [* {th:formenctype,data-th-formenctype}] [1000]: org.thymeleaf.standard.processor.StandardRemovableAttributeTagProcessor
[THYMELEAF]             * [* {th:compact,data-th-compact}] [1000]: org.thymeleaf.standard.processor.StandardRemovableAttributeTagProcessor
[THYMELEAF]             * [* {th:codebase,data-th-codebase}] [1000]: org.thymeleaf.standard.processor.StandardRemovableAttributeTagProcessor
[THYMELEAF]             * [* {th:standby,data-th-standby}] [1000]: org.thymeleaf.standard.processor.StandardRemovableAttributeTagProcessor
[THYMELEAF]             * [* {th:enctype,data-th-enctype}] [1000]: org.thymeleaf.standard.processor.StandardRemovableAttributeTagProcessor
[THYMELEAF]             * [* {th:cols,data-th-cols}] [1000]: org.thymeleaf.standard.processor.StandardRemovableAttributeTagProcessor
[THYMELEAF]             * [* {th:codetype,data-th-codetype}] [1000]: org.thymeleaf.standard.processor.StandardRemovableAttributeTagProcessor
[THYMELEAF]             * [* {th:hspace,data-th-hspace}] [1000]: org.thymeleaf.standard.processor.StandardRemovableAttributeTagProcessor
[THYMELEAF]             * [* {th:data,data-th-data}] [1000]: org.thymeleaf.standard.processor.StandardRemovableAttributeTagProcessor
[THYMELEAF]             * [* {th:rows,data-th-rows}] [1000]: org.thymeleaf.standard.processor.StandardRemovableAttributeTagProcessor
[THYMELEAF]             * [* {th:cite,data-th-cite}] [1000]: org.thymeleaf.standard.processor.StandardRemovableAttributeTagProcessor
[THYMELEAF]             * [* {th:dir,data-th-dir}] [1000]: org.thymeleaf.standard.processor.StandardRemovableAttributeTagProcessor
[THYMELEAF]             * [* {th:optimum,data-th-optimum}] [1000]: org.thymeleaf.standard.processor.StandardRemovableAttributeTagProcessor
[THYMELEAF]             * [* {th:charset,data-th-charset}] [1000]: org.thymeleaf.standard.processor.StandardRemovableAttributeTagProcessor
[THYMELEAF]             * [* {th:contenteditable,data-th-contenteditable}] [1000]: org.thymeleaf.standard.processor.StandardRemovableAttributeTagProcessor
[THYMELEAF]             * [* {th:preload,data-th-preload}] [1000]: org.thymeleaf.standard.processor.StandardRemovableAttributeTagProcessor
[THYMELEAF]             * [* {th:hreflang,data-th-hreflang}] [1000]: org.thymeleaf.standard.processor.StandardRemovableAttributeTagProcessor
[THYMELEAF]             * [* {th:width,data-th-width}] [1000]: org.thymeleaf.standard.processor.StandardRemovableAttributeTagProcessor
[THYMELEAF]             * [* {th:autocomplete,data-th-autocomplete}] [1000]: org.thymeleaf.standard.processor.StandardRemovableAttributeTagProcessor
[THYMELEAF]             * [* {th:icon,data-th-icon}] [1000]: org.thymeleaf.standard.processor.StandardRemovableAttributeTagProcessor
[THYMELEAF]             * [* {th:rowspan,data-th-rowspan}] [1000]: org.thymeleaf.standard.processor.StandardRemovableAttributeTagProcessor
[THYMELEAF]             * [* {th:start,data-th-start}] [1000]: org.thymeleaf.standard.processor.StandardRemovableAttributeTagProcessor
[THYMELEAF]             * [* {th:marginwidth,data-th-marginwidth}] [1000]: org.thymeleaf.standard.processor.StandardRemovableAttributeTagProcessor
[THYMELEAF]             * [* {th:marginheight,data-th-marginheight}] [1000]: org.thymeleaf.standard.processor.StandardRemovableAttributeTagProcessor
[THYMELEAF]             * [* {th:scrolling,data-th-scrolling}] [1000]: org.thymeleaf.standard.processor.StandardRemovableAttributeTagProcessor
[THYMELEAF]             * [* {th:vspace,data-th-vspace}] [1000]: org.thymeleaf.standard.processor.StandardRemovableAttributeTagProcessor
[THYMELEAF]             * [* {th:scope,data-th-scope}] [1000]: org.thymeleaf.standard.processor.StandardRemovableAttributeTagProcessor
[THYMELEAF]             * [* {th:form,data-th-form}] [1000]: org.thymeleaf.standard.processor.StandardRemovableAttributeTagProcessor
[THYMELEAF]             * [* {th:kind,data-th-kind}] [1000]: org.thymeleaf.standard.processor.StandardRemovableAttributeTagProcessor
[THYMELEAF]             * [* {th:contextmenu,data-th-contextmenu}] [1000]: org.thymeleaf.standard.processor.StandardRemovableAttributeTagProcessor
[THYMELEAF]             * [* {th:tabindex,data-th-tabindex}] [1000]: org.thymeleaf.standard.processor.StandardRemovableAttributeTagProcessor
[THYMELEAF]             * [* {th:keytype,data-th-keytype}] [1000]: org.thymeleaf.standard.processor.StandardRemovableAttributeTagProcessor
[THYMELEAF]             * [* {th:size,data-th-size}] [1000]: org.thymeleaf.standard.processor.StandardRemovableAttributeTagProcessor
[THYMELEAF]             * [* {th:rules,data-th-rules}] [1000]: org.thymeleaf.standard.processor.StandardRemovableAttributeTagProcessor
[THYMELEAF]             * [* {th:class,data-th-class}] [1000]: org.thymeleaf.standard.processor.StandardRemovableAttributeTagProcessor
[THYMELEAF]             * [* {th:formaction,data-th-formaction}] [1000]: org.thymeleaf.standard.processor.StandardRemovableAttributeTagProcessor
[THYMELEAF]             * [* {th:http-equiv,data-th-http-equiv}] [1000]: org.thymeleaf.standard.processor.StandardRemovableAttributeTagProcessor
[THYMELEAF]             * [* {th:pattern,data-th-pattern}] [1000]: org.thymeleaf.standard.processor.StandardRemovableAttributeTagProcessor
[THYMELEAF]             * [* {th:border,data-th-border}] [1000]: org.thymeleaf.standard.processor.StandardRemovableAttributeTagProcessor
[THYMELEAF]             * [* {th:cellpadding,data-th-cellpadding}] [1000]: org.thymeleaf.standard.processor.StandardRemovableAttributeTagProcessor
[THYMELEAF]             * [* {th:rev,data-th-rev}] [1000]: org.thymeleaf.standard.processor.StandardRemovableAttributeTagProcessor
[THYMELEAF]             * [* {th:classid,data-th-classid}] [1000]: org.thymeleaf.standard.processor.StandardRemovableAttributeTagProcessor
[THYMELEAF]             * [* {th:formmethod,data-th-formmethod}] [1000]: org.thymeleaf.standard.processor.StandardRemovableAttributeTagProcessor
[THYMELEAF]             * [* {th:label,data-th-label}] [1000]: org.thymeleaf.standard.processor.StandardRemovableAttributeTagProcessor
[THYMELEAF]             * [* {th:maxlength,data-th-maxlength}] [1000]: org.thymeleaf.standard.processor.StandardRemovableAttributeTagProcessor
[THYMELEAF]             * [* {th:id,data-th-id}] [1000]: org.thymeleaf.standard.processor.StandardRemovableAttributeTagProcessor
[THYMELEAF]             * [* {th:min,data-th-min}] [1000]: org.thymeleaf.standard.processor.StandardRemovableAttributeTagProcessor
[THYMELEAF]             * [* {th:content,data-th-content}] [1000]: org.thymeleaf.standard.processor.StandardRemovableAttributeTagProcessor
[THYMELEAF]             * [* {th:abbr,data-th-abbr}] [1000]: org.thymeleaf.standard.processor.StandardRemovableAttributeTagProcessor
[THYMELEAF]             * [* {th:scheme,data-th-scheme}] [1000]: org.thymeleaf.standard.processor.StandardRemovableAttributeTagProcessor
[THYMELEAF]             * [* {th:alt,data-th-alt}] [1000]: org.thymeleaf.standard.processor.StandardRemovableAttributeTagProcessor
[THYMELEAF]             * [* {th:max,data-th-max}] [1000]: org.thymeleaf.standard.processor.StandardRemovableAttributeTagProcessor
[THYMELEAF]             * [* {th:dropzone,data-th-dropzone}] [1000]: org.thymeleaf.standard.processor.StandardRemovableAttributeTagProcessor
[THYMELEAF]             * [* {th:datetime,data-th-datetime}] [1000]: org.thymeleaf.standard.processor.StandardRemovableAttributeTagProcessor
[THYMELEAF]             * [* {th:frame,data-th-frame}] [1000]: org.thymeleaf.standard.processor.StandardRemovableAttributeTagProcessor
[THYMELEAF]             * [* {th:rel,data-th-rel}] [1000]: org.thymeleaf.standard.processor.StandardRemovableAttributeTagProcessor
[THYMELEAF]             * [* {th:for,data-th-for}] [1000]: org.thymeleaf.standard.processor.StandardRemovableAttributeTagProcessor
[THYMELEAF]             * [* {th:low,data-th-low}] [1000]: org.thymeleaf.standard.processor.StandardRemovableAttributeTagProcessor
[THYMELEAF]             * [* {th:valuetype,data-th-valuetype}] [1000]: org.thymeleaf.standard.processor.StandardRemovableAttributeTagProcessor
[THYMELEAF]             * [* {th:frameborder,data-th-frameborder}] [1000]: org.thymeleaf.standard.processor.StandardRemovableAttributeTagProcessor
[THYMELEAF]             * [* {th:colspan,data-th-colspan}] [1000]: org.thymeleaf.standard.processor.StandardRemovableAttributeTagProcessor
[THYMELEAF]             * [* {th:height,data-th-height}] [1000]: org.thymeleaf.standard.processor.StandardRemovableAttributeTagProcessor
[THYMELEAF]             * [* {th:poster,data-th-poster}] [1000]: org.thymeleaf.standard.processor.StandardRemovableAttributeTagProcessor
[THYMELEAF]             * [* {th:src,data-th-src}] [1000]: org.thymeleaf.standard.processor.StandardSrcTagProcessor
[THYMELEAF]             * [* {th:value,data-th-value}] [1000]: org.thymeleaf.standard.processor.StandardValueTagProcessor
[THYMELEAF]             * [* {th:xmlbase,data-th-xmlbase}] [1000]: org.thymeleaf.standard.processor.StandardXmlBaseTagProcessor
[THYMELEAF]             * [* {th:xmllang,data-th-xmllang}] [1000]: org.thymeleaf.standard.processor.StandardXmlLangTagProcessor
[THYMELEAF]             * [* {xmlns:th}] [1000]: org.thymeleaf.standard.processor.StandardXmlNsTagProcessor
[THYMELEAF]             * [* {th:xmlspace,data-th-xmlspace}] [1000]: org.thymeleaf.standard.processor.StandardXmlSpaceTagProcessor
[THYMELEAF]             * [* {th:classappend,data-th-classappend}] [1100]: org.thymeleaf.standard.processor.StandardClassappendTagProcessor
[THYMELEAF]             * [* {th:styleappend,data-th-styleappend}] [1100]: org.thymeleaf.standard.processor.StandardStyleappendTagProcessor
[THYMELEAF]             * [* {th:text,data-th-text}] [1300]: org.thymeleaf.standard.processor.StandardTextTagProcessor
[THYMELEAF]             * [* {th:utext,data-th-utext}] [1400]: org.thymeleaf.standard.processor.StandardUtextTagProcessor
[THYMELEAF]             * [* {th:fragment,data-th-fragment}] [1500]: org.thymeleaf.standard.processor.StandardFragmentTagProcessor
[THYMELEAF]             * [* {th:assert,data-th-assert}] [1550]: org.thymeleaf.standard.processor.StandardAssertTagProcessor
[THYMELEAF]             * [* {th:remove,data-th-remove}] [1600]: org.thymeleaf.standard.processor.StandardRemoveTagProcessor
[THYMELEAF]             * [* {th:ref,data-th-ref}] [10000]: org.thymeleaf.standard.processor.StandardRefAttributeTagProcessor
[THYMELEAF]             * [{th:block,th-block} *] [100000]: org.thymeleaf.standard.processor.StandardBlockTagProcessor
[THYMELEAF]             * [* th:*] [2147483647]: org.thymeleaf.standard.processor.StandardDefaultAttributesTagProcessor
[THYMELEAF]         * Text Processors by [precedence]:
[THYMELEAF]             * [1000]: org.thymeleaf.standard.processor.StandardInliningTextProcessor
[THYMELEAF]         * DOCTYPE Processors by [precedence]:
[THYMELEAF]             * [1000]: org.thymeleaf.standard.processor.StandardTranslationDocTypeProcessor
[THYMELEAF]         * CDATA Section Processors by [precedence]:
[THYMELEAF]             * [1000]: org.thymeleaf.standard.processor.StandardInliningCDATASectionProcessor
[THYMELEAF]         * Comment Processors by [precedence]:
[THYMELEAF]             * [1000]: org.thymeleaf.standard.processor.StandardInliningCommentProcessor
[THYMELEAF]             * [1100]: org.thymeleaf.standard.processor.StandardConditionalCommentProcessor
[THYMELEAF]     * Processors for Template Mode: XML
[THYMELEAF]         * Element Tag Processors by [matching element and attribute name] [precedence]:
[THYMELEAF]             * [* {th:include}] [100]: org.thymeleaf.standard.processor.StandardIncludeTagProcessor
[THYMELEAF]             * [* {th:insert}] [100]: org.thymeleaf.standard.processor.StandardInsertTagProcessor
[THYMELEAF]             * [* {th:replace}] [100]: org.thymeleaf.standard.processor.StandardReplaceTagProcessor
[THYMELEAF]             * [* {th:each}] [200]: com.intuit.karate.template.KarateEachTagProcessor
[THYMELEAF]             * [* {th:switch}] [250]: org.thymeleaf.standard.processor.StandardSwitchTagProcessor
[THYMELEAF]             * [* {th:case}] [275]: org.thymeleaf.standard.processor.StandardCaseTagProcessor
[THYMELEAF]             * [* {th:if}] [300]: org.thymeleaf.standard.processor.StandardIfTagProcessor
[THYMELEAF]             * [* {th:unless}] [400]: org.thymeleaf.standard.processor.StandardUnlessTagProcessor
[THYMELEAF]             * [* {th:object}] [500]: org.thymeleaf.standard.processor.StandardObjectTagProcessor
[THYMELEAF]             * [* {th:with}] [600]: com.intuit.karate.template.KarateWithTagProcessor
[THYMELEAF]             * [* {th:attr}] [700]: com.intuit.karate.template.KarateAttributeTagProcessor.KarateAttrTagProcessor
[THYMELEAF]             * [* {th:attrappend}] [900]: com.intuit.karate.template.KarateAttributeTagProcessor.KarateAttrappendTagProcessor
[THYMELEAF]             * [* {th:attrprepend}] [900]: com.intuit.karate.template.KarateAttributeTagProcessor.KarateAttrprependTagProcessor
[THYMELEAF]             * [* {th:inline}] [1000]: org.thymeleaf.standard.processor.StandardInlineXMLTagProcessor
[THYMELEAF]             * [* {xmlns:th}] [1000]: org.thymeleaf.standard.processor.StandardXmlNsTagProcessor
[THYMELEAF]             * [* {th:text}] [1300]: org.thymeleaf.standard.processor.StandardTextTagProcessor
[THYMELEAF]             * [* {th:utext}] [1400]: org.thymeleaf.standard.processor.StandardUtextTagProcessor
[THYMELEAF]             * [* {th:fragment}] [1500]: org.thymeleaf.standard.processor.StandardFragmentTagProcessor
[THYMELEAF]             * [* {th:assert}] [1550]: org.thymeleaf.standard.processor.StandardAssertTagProcessor
[THYMELEAF]             * [* {th:remove}] [1600]: org.thymeleaf.standard.processor.StandardRemoveTagProcessor
[THYMELEAF]             * [* {th:ref}] [10000]: org.thymeleaf.standard.processor.StandardRefAttributeTagProcessor
[...]
[THYMELEAF]             * [* {th:size,data-th-size}] [1000]: org.thymeleaf.standard.processor.StandardRemovableAttributeTagProcessor
[THYMELEAF]             * [* {th:start,data-th-start}] [1000]: org.thymeleaf.standard.processor.StandardRemovableAttributeTagProcessor
[THYMELEAF]             * [* {th:abbr,data-th-abbr}] [1000]: org.thymeleaf.standard.processor.StandardRemovableAttributeTagProcessor
[THYMELEAF]             * [* {th:enctype,data-th-enctype}] [1000]: org.thymeleaf.standard.processor.StandardRemovableAttributeTagProcessor
[THYMELEAF]             * [* {th:accept-charset,data-th-accept-charset}] [1000]: org.thymeleaf.standard.processor.StandardRemovableAttributeTagProcessor
[THYMELEAF]             * [* {th:marginheight,data-th-marginheight}] [1000]: org.thymeleaf.standard.processor.StandardRemovableAttributeTagProcessor
[THYMELEAF]             * [* {th:longdesc,data-th-longdesc}] [1000]: org.thymeleaf.standard.processor.StandardRemovableAttributeTagProcessor
[THYMELEAF]             * [* {th:formaction,data-th-formaction}] [1000]: org.thymeleaf.standard.processor.StandardRemovableAttributeTagProcessor
[THYMELEAF]             * [* {th:target,data-th-target}] [1000]: org.thymeleaf.standard.processor.StandardRemovableAttributeTagProcessor
[THYMELEAF]             * [* {th:lang,data-th-lang}] [1000]: org.thymeleaf.standard.processor.StandardRemovableAttributeTagProcessor
[THYMELEAF]             * [* {th:frameborder,data-th-frameborder}] [1000]: org.thymeleaf.standard.processor.StandardRemovableAttributeTagProcessor
[THYMELEAF]             * [* {th:rules,data-th-rules}] [1000]: org.thymeleaf.standard.processor.StandardRemovableAttributeTagProcessor
[THYMELEAF]             * [* {th:datetime,data-th-datetime}] [1000]: org.thymeleaf.standard.processor.StandardRemovableAttributeTagProcessor
[THYMELEAF]             * [* {th:scope,data-th-scope}] [1000]: org.thymeleaf.standard.processor.StandardRemovableAttributeTagProcessor
[THYMELEAF]             * [* {th:cols,data-th-cols}] [1000]: org.thymeleaf.standard.processor.StandardRemovableAttributeTagProcessor
[THYMELEAF]             * [* {th:alt,data-th-alt}] [1000]: org.thymeleaf.standard.processor.StandardRemovableAttributeTagProcessor
[THYMELEAF]             * [* {th:codetype,data-th-codetype}] [1000]: org.thymeleaf.standard.processor.StandardRemovableAttributeTagProcessor
[THYMELEAF]             * [* {th:formenctype,data-th-formenctype}] [1000]: org.thymeleaf.standard.processor.StandardRemovableAttributeTagProcessor
[THYMELEAF]             * [* {th:tabindex,data-th-tabindex}] [1000]: org.thymeleaf.standard.processor.StandardRemovableAttributeTagProcessor
[THYMELEAF]             * [* {th:title,data-th-title}] [1000]: org.thymeleaf.standard.processor.StandardRemovableAttributeTagProcessor
[THYMELEAF]             * [* {th:srclang,data-th-srclang}] [1000]: org.thymeleaf.standard.processor.StandardRemovableAttributeTagProcessor
[THYMELEAF]             * [* {th:step,data-th-step}] [1000]: org.thymeleaf.standard.processor.StandardRemovableAttributeTagProcessor
[THYMELEAF]             * [* {th:bgcolor,data-th-bgcolor}] [1000]: org.thymeleaf.standard.processor.StandardRemovableAttributeTagProcessor
[THYMELEAF]             * [* {th:placeholder,data-th-placeholder}] [1000]: org.thymeleaf.standard.processor.StandardRemovableAttributeTagProcessor
[THYMELEAF]             * [* {th:id,data-th-id}] [1000]: org.thymeleaf.standard.processor.StandardRemovableAttributeTagProcessor
[THYMELEAF]             * [* {th:valuetype,data-th-valuetype}] [1000]: org.thymeleaf.standard.processor.StandardRemovableAttributeTagProcessor
[THYMELEAF]             * [* {th:spellcheck,data-th-spellcheck}] [1000]: org.thymeleaf.standard.processor.StandardRemovableAttributeTagProcessor
[THYMELEAF]             * [* {th:align,data-th-align}] [1000]: org.thymeleaf.standard.processor.StandardRemovableAttributeTagProcessor
[THYMELEAF]             * [* {th:summary,data-th-summary}] [1000]: org.thymeleaf.standard.processor.StandardRemovableAttributeTagProcessor
[THYMELEAF]             * [* {th:colspan,data-th-colspan}] [1000]: org.thymeleaf.standard.processor.StandardRemovableAttributeTagProcessor
[THYMELEAF]             * [* {th:archive,data-th-archive}] [1000]: org.thymeleaf.standard.processor.StandardRemovableAttributeTagProcessor
[THYMELEAF]             * [* {th:background,data-th-background}] [1000]: org.thymeleaf.standard.processor.StandardRemovableAttributeTagProcessor
[THYMELEAF]             * [* {th:min,data-th-min}] [1000]: org.thymeleaf.standard.processor.StandardRemovableAttributeTagProcessor
[THYMELEAF]             * [* {th:content,data-th-content}] [1000]: org.thymeleaf.standard.processor.StandardRemovableAttributeTagProcessor
[THYMELEAF]             * [* {th:usemap,data-th-usemap}] [1000]: org.thymeleaf.standard.processor.StandardRemovableAttributeTagProcessor
[THYMELEAF]             * [* {th:label,data-th-label}] [1000]: org.thymeleaf.standard.processor.StandardRemovableAttributeTagProcessor
[THYMELEAF]             * [* {th:cellspacing,data-th-cellspacing}] [1000]: org.thymeleaf.standard.processor.StandardRemovableAttributeTagProcessor
[THYMELEAF]             * [* {th:compact,data-th-compact}] [1000]: org.thymeleaf.standard.processor.StandardRemovableAttributeTagProcessor
[THYMELEAF]             * [* {th:poster,data-th-poster}] [1000]: org.thymeleaf.standard.processor.StandardRemovableAttributeTagProcessor
[THYMELEAF]             * [* {th:src,data-th-src}] [1000]: org.thymeleaf.standard.processor.StandardSrcTagProcessor
[THYMELEAF]             * [* {th:value,data-th-value}] [1000]: org.thymeleaf.standard.processor.StandardValueTagProcessor
[THYMELEAF]             * [* {th:xmlbase,data-th-xmlbase}] [1000]: org.thymeleaf.standard.processor.StandardXmlBaseTagProcessor
[THYMELEAF]             * [* {th:xmllang,data-th-xmllang}] [1000]: org.thymeleaf.standard.processor.StandardXmlLangTagProcessor
[THYMELEAF]             * [* {xmlns:th}] [1000]: org.thymeleaf.standard.processor.StandardXmlNsTagProcessor
[THYMELEAF]             * [* {th:xmlspace,data-th-xmlspace}] [1000]: org.thymeleaf.standard.processor.StandardXmlSpaceTagProcessor
[THYMELEAF]             * [* {th:classappend,data-th-classappend}] [1100]: org.thymeleaf.standard.processor.StandardClassappendTagProcessor
[THYMELEAF]             * [* {th:styleappend,data-th-styleappend}] [1100]: org.thymeleaf.standard.processor.StandardStyleappendTagProcessor
[THYMELEAF]             * [* {th:text,data-th-text}] [1300]: org.thymeleaf.standard.processor.StandardTextTagProcessor
[THYMELEAF]             * [* {th:utext,data-th-utext}] [1400]: org.thymeleaf.standard.processor.StandardUtextTagProcessor
[THYMELEAF]             * [* {th:fragment,data-th-fragment}] [1500]: org.thymeleaf.standard.processor.StandardFragmentTagProcessor
[THYMELEAF]             * [* {th:assert,data-th-assert}] [1550]: org.thymeleaf.standard.processor.StandardAssertTagProcessor
[THYMELEAF]             * [* {th:remove,data-th-remove}] [1600]: org.thymeleaf.standard.processor.StandardRemoveTagProcessor
[THYMELEAF]             * [* {th:ref,data-th-ref}] [10000]: org.thymeleaf.standard.processor.StandardRefAttributeTagProcessor
[THYMELEAF]             * [{th:block,th-block} *] [100000]: org.thymeleaf.standard.processor.StandardBlockTagProcessor
[THYMELEAF]             * [* th:*] [2147483647]: org.thymeleaf.standard.processor.StandardDefaultAttributesTagProcessor
[THYMELEAF]         * Text Processors by [precedence]:
[THYMELEAF]             * [1000]: org.thymeleaf.standard.processor.StandardInliningTextProcessor
[THYMELEAF]         * DOCTYPE Processors by [precedence]:
[THYMELEAF]             * [1000]: org.thymeleaf.standard.processor.StandardTranslationDocTypeProcessor
[THYMELEAF]         * CDATA Section Processors by [precedence]:
[THYMELEAF]             * [1000]: org.thymeleaf.standard.processor.StandardInliningCDATASectionProcessor
[THYMELEAF]         * Comment Processors by [precedence]:
[THYMELEAF]             * [1000]: org.thymeleaf.standard.processor.StandardInliningCommentProcessor
[THYMELEAF]             * [1100]: org.thymeleaf.standard.processor.StandardConditionalCommentProcessor
[THYMELEAF]     * Processors for Template Mode: XML
[THYMELEAF]         * Element Tag Processors by [matching element and attribute name] [precedence]:
[THYMELEAF]             * [* {th:include}] [100]: org.thymeleaf.standard.processor.StandardIncludeTagProcessor
[THYMELEAF]             * [* {th:insert}] [100]: org.thymeleaf.standard.processor.StandardInsertTagProcessor
[THYMELEAF]             * [* {th:replace}] [100]: org.thymeleaf.standard.processor.StandardReplaceTagProcessor
[THYMELEAF]             * [* {th:each}] [200]: com.intuit.karate.template.KarateEachTagProcessor
[THYMELEAF]             * [* {th:switch}] [250]: org.thymeleaf.standard.processor.StandardSwitchTagProcessor
[THYMELEAF]             * [* {th:case}] [275]: org.thymeleaf.standard.processor.StandardCaseTagProcessor
[THYMELEAF]             * [* {th:if}] [300]: org.thymeleaf.standard.processor.StandardIfTagProcessor
[THYMELEAF]             * [* {th:unless}] [400]: org.thymeleaf.standard.processor.StandardUnlessTagProcessor
[THYMELEAF]             * [* {th:object}] [500]: org.thymeleaf.standard.processor.StandardObjectTagProcessor
[THYMELEAF]             * [* {th:with}] [600]: com.intuit.karate.template.KarateWithTagProcessor
[THYMELEAF]             * [* {th:attr}] [700]: com.intuit.karate.template.KarateAttributeTagProcessor.KarateAttrTagProcessor
[THYMELEAF]             * [* {th:attrappend}] [900]: com.intuit.karate.template.KarateAttributeTagProcessor.KarateAttrappendTagProcessor
[THYMELEAF]             * [* {th:attrprepend}] [900]: com.intuit.karate.template.KarateAttributeTagProcessor.KarateAttrprependTagProcessor
[THYMELEAF]             * [* {th:inline}] [1000]: org.thymeleaf.standard.processor.StandardInlineXMLTagProcessor
[THYMELEAF]             * [* {xmlns:th}] [1000]: org.thymeleaf.standard.processor.StandardXmlNsTagProcessor
[THYMELEAF]             * [* {th:text}] [1300]: org.thymeleaf.standard.processor.StandardTextTagProcessor
[THYMELEAF]             * [* {th:utext}] [1400]: org.thymeleaf.standard.processor.StandardUtextTagProcessor
[THYMELEAF]             * [* {th:fragment}] [1500]: org.thymeleaf.standard.processor.StandardFragmentTagProcessor
[THYMELEAF]             * [* {th:assert}] [1550]: org.thymeleaf.standard.processor.StandardAssertTagProcessor
[THYMELEAF]             * [* {th:remove}] [1600]: org.thymeleaf.standard.processor.StandardRemoveTagProcessor
[THYMELEAF]             * [* {th:ref}] [10000]: org.thymeleaf.standard.processor.StandardRefAttributeTagProcessor
[THYMELEAF]             * [{th:block} *] [100000]: org.thymeleaf.standard.processor.StandardBlockTagProcessor
[THYMELEAF]             * [* th:*] [2147483647]: org.thymeleaf.standard.processor.StandardDefaultAttributesTagProcessor
[THYMELEAF]         * Text Processors by [precedence]:
[THYMELEAF]             * [1000]: org.thymeleaf.standard.processor.StandardInliningTextProcessor
[THYMELEAF]         * CDATA Section Processors by [precedence]:
[THYMELEAF]             * [1000]: org.thymeleaf.standard.processor.StandardInliningCDATASectionProcessor
[THYMELEAF]         * Comment Processors by [precedence]:
[THYMELEAF]             * [1000]: org.thymeleaf.standard.processor.StandardInliningCommentProcessor
[THYMELEAF]     * Processors for Template Mode: TEXT
[THYMELEAF]         * Element Tag Processors by [matching element and attribute name] [precedence]:
[THYMELEAF]             * [* {th:insert}] [100]: org.thymeleaf.standard.processor.StandardInsertTagProcessor
[THYMELEAF]             * [* {th:replace}] [100]: org.thymeleaf.standard.processor.StandardReplaceTagProcessor
[THYMELEAF]             * [* {th:each}] [200]: com.intuit.karate.template.KarateEachTagProcessor
[THYMELEAF]             * [* {th:switch}] [250]: org.thymeleaf.standard.processor.StandardSwitchTagProcessor
[THYMELEAF]             * [* {th:case}] [275]: org.thymeleaf.standard.processor.StandardCaseTagProcessor
[THYMELEAF]             * [* {th:if}] [300]: org.thymeleaf.standard.processor.StandardIfTagProcessor
[THYMELEAF]             * [* {th:unless}] [400]: org.thymeleaf.standard.processor.StandardUnlessTagProcessor
[THYMELEAF]             * [* {th:object}] [500]: org.thymeleaf.standard.processor.StandardObjectTagProcessor
[THYMELEAF]             * [* {th:with}] [600]: com.intuit.karate.template.KarateWithTagProcessor
[THYMELEAF]             * [* {th:inline}] [1000]: org.thymeleaf.standard.processor.StandardInlineTextualTagProcessor
[THYMELEAF]             * [* {th:text}] [1300]: org.thymeleaf.standard.processor.StandardTextTagProcessor
[THYMELEAF]             * [* {th:utext}] [1400]: org.thymeleaf.standard.processor.StandardUtextTagProcessor
[THYMELEAF]             * [* {th:assert}] [1550]: org.thymeleaf.standard.processor.StandardAssertTagProcessor
[THYMELEAF]             * [* {th:remove}] [1600]: org.thymeleaf.standard.processor.StandardRemoveTagProcessor
[THYMELEAF]             * [* 100000] [org.thymeleaf.standard.processor.StandardBlockTagProcessor]: {}
[THYMELEAF]             * [{th:block} *] [100000]: org.thymeleaf.standard.processor.StandardBlockTagProcessor
[THYMELEAF]         * Text Processors by [precedence]:
[THYMELEAF]             * [1000]: org.thymeleaf.standard.processor.StandardInliningTextProcessor
[THYMELEAF]     * Processors for Template Mode: JAVASCRIPT
[THYMELEAF]         * Element Tag Processors by [matching element and attribute name] [precedence]:
[THYMELEAF]             * [* {th:insert}] [100]: org.thymeleaf.standard.processor.StandardInsertTagProcessor
[THYMELEAF]             * [* {th:replace}] [100]: org.thymeleaf.standard.processor.StandardReplaceTagProcessor
[THYMELEAF]             * [* {th:each}] [200]: com.intuit.karate.template.KarateEachTagProcessor
[THYMELEAF]             * [* {th:switch}] [250]: org.thymeleaf.standard.processor.StandardSwitchTagProcessor
[THYMELEAF]             * [* {th:case}] [275]: org.thymeleaf.standard.processor.StandardCaseTagProcessor
[THYMELEAF]             * [* {th:if}] [300]: org.thymeleaf.standard.processor.StandardIfTagProcessor
[THYMELEAF]             * [* {th:unless}] [400]: org.thymeleaf.standard.processor.StandardUnlessTagProcessor
[THYMELEAF]             * [* {th:object}] [500]: org.thymeleaf.standard.processor.StandardObjectTagProcessor
[THYMELEAF]             * [* {th:with}] [600]: com.intuit.karate.template.KarateWithTagProcessor
[THYMELEAF]             * [* {th:inline}] [1000]: org.thymeleaf.standard.processor.StandardInlineTextualTagProcessor
[THYMELEAF]             * [* {th:text}] [1300]: org.thymeleaf.standard.processor.StandardTextTagProcessor
[THYMELEAF]             * [* {th:utext}] [1400]: org.thymeleaf.standard.processor.StandardUtextTagProcessor
[THYMELEAF]             * [* {th:assert}] [1550]: org.thymeleaf.standard.processor.StandardAssertTagProcessor
[THYMELEAF]             * [* {th:remove}] [1600]: org.thymeleaf.standard.processor.StandardRemoveTagProcessor
[THYMELEAF]             * [* 100000] [org.thymeleaf.standard.processor.StandardBlockTagProcessor]: {}
[THYMELEAF]             * [{th:block} *] [100000]: org.thymeleaf.standard.processor.StandardBlockTagProcessor
[THYMELEAF]         * Text Processors by [precedence]:
[THYMELEAF]             * [1000]: org.thymeleaf.standard.processor.StandardInliningTextProcessor
[THYMELEAF]     * Processors for Template Mode: CSS
[THYMELEAF]         * Element Tag Processors by [matching element and attribute name] [precedence]:
[THYMELEAF]             * [* {th:insert}] [100]: org.thymeleaf.standard.processor.StandardInsertTagProcessor
[THYMELEAF]             * [* {th:replace}] [100]: org.thymeleaf.standard.processor.StandardReplaceTagProcessor
[THYMELEAF]             * [* {th:each}] [200]: com.intuit.karate.template.KarateEachTagProcessor
[THYMELEAF]             * [* {th:switch}] [250]: org.thymeleaf.standard.processor.StandardSwitchTagProcessor
[THYMELEAF]             * [* {th:case}] [275]: org.thymeleaf.standard.processor.StandardCaseTagProcessor
[THYMELEAF]             * [* {th:if}] [300]: org.thymeleaf.standard.processor.StandardIfTagProcessor
[THYMELEAF]             * [* {th:unless}] [400]: org.thymeleaf.standard.processor.StandardUnlessTagProcessor
[THYMELEAF]             * [* {th:object}] [500]: org.thymeleaf.standard.processor.StandardObjectTagProcessor
[THYMELEAF]             * [* {th:with}] [600]: com.intuit.karate.template.KarateWithTagProcessor
[THYMELEAF]             * [* {th:inline}] [1000]: org.thymeleaf.standard.processor.StandardInlineTextualTagProcessor
[THYMELEAF]             * [* {th:text}] [1300]: org.thymeleaf.standard.processor.StandardTextTagProcessor
[THYMELEAF]             * [* {th:utext}] [1400]: org.thymeleaf.standard.processor.StandardUtextTagProcessor
[THYMELEAF]             * [* {th:assert}] [1550]: org.thymeleaf.standard.processor.StandardAssertTagProcessor
[THYMELEAF]             * [* {th:remove}] [1600]: org.thymeleaf.standard.processor.StandardRemoveTagProcessor
[THYMELEAF]             * [{th:block} *] [100000]: org.thymeleaf.standard.processor.StandardBlockTagProcessor
[THYMELEAF]             * [* 100000] [org.thymeleaf.standard.processor.StandardBlockTagProcessor]: {}
[THYMELEAF]         * Text Processors by [precedence]:
[THYMELEAF]             * [1000]: org.thymeleaf.standard.processor.StandardInliningTextProcessor
[THYMELEAF]     * Expression Objects:
[THYMELEAF]         * #ctx
[THYMELEAF]         * #root
[THYMELEAF]         * #vars
[THYMELEAF]         * #object
[THYMELEAF]         * #locale
[THYMELEAF]         * #conversions
[THYMELEAF]         * #uris
[THYMELEAF]         * #temporals
[THYMELEAF]         * #calendars
[THYMELEAF]         * #dates
[THYMELEAF]         * #bools
[THYMELEAF]         * #numbers
[THYMELEAF]         * #objects
[THYMELEAF]         * #strings
[THYMELEAF]         * #arrays
[THYMELEAF]         * #lists
[THYMELEAF]         * #sets
[THYMELEAF]         * #maps
[THYMELEAF]         * #aggregates
[THYMELEAF]         * #messages
[THYMELEAF]         * #ids
[THYMELEAF]         * #execInfo
[THYMELEAF]         * #request
[THYMELEAF]         * #response
[THYMELEAF]         * #session
[THYMELEAF]         * #servletContext
[THYMELEAF]     * Execution Attributes:
[THYMELEAF]         * "StandardExpressionParser": com.intuit.karate.template.KarateStandardDialect@7b4b8199
[THYMELEAF]         * "StandardJavaScriptSerializer": org.thymeleaf.standard.serializer.StandardJavaScriptSerializer@1ad1b737
[THYMELEAF]         * "StandardCSSSerializer": org.thymeleaf.standard.serializer.StandardCSSSerializer@342a1f84
[THYMELEAF]         * "StandardVariableExpressionEvaluator": com.intuit.karate.template.KarateStandardDialect@7b4b8199
[THYMELEAF]         * "StandardConversionService": org.thymeleaf.standard.expression.StandardConversionService@77d0dbba
[THYMELEAF] * Dialect [2 of 2]: karate (com.intuit.karate.template.KarateScriptDialect)
[THYMELEAF]     * Prefix: "ka"
[THYMELEAF]     * Processors for Template Mode: HTML
[THYMELEAF]         * Element Tag Processors by [matching element and attribute name] [precedence]:
[THYMELEAF]             * [* {src}] [1000]: com.intuit.karate.template.KaScriptAttrProcessor
[THYMELEAF]         * Element Model Processors by [matching element and attribute name] [precedence]:
[THYMELEAF]             * [{script} {ka:scope,data-ka-scope}] [1000]: com.intuit.karate.template.KaScriptElemProcessor
[THYMELEAF]             * [* {ka:set,data-ka-set}] [1000]: com.intuit.karate.template.KaSetElemProcessor
[THYMELEAF] TEMPLATE ENGINE CONFIGURED OK
21:55:43.534 [main] DEBUG org.thymeleaf.TemplateEngine -- [THYMELEAF] TEMPLATE ENGINE INITIALIZED

HTML report: (paste into browser to view) | Karate version: 1.4.1
file:///C:/Users/swats/Mani%20Eclipse%20New%20Workspace/Karate/target/karate-reports/karate-summary.html
===================================================================

]]></system-out>
  </testcase>
</testsuite>