<?xml version="1.0" encoding="UTF-8"?>
<testsuite xmlns:xsi="http://www.w3.org/2001/XMLSchema-instance" xsi:noNamespaceSchemaLocation="https://maven.apache.org/surefire/maven-surefire-plugin/xsd/surefire-test-report-3.0.xsd" version="3.0" name="Tests.TestRunner" time="52.497" tests="1" errors="0" skipped="0" failures="0">
  <properties>
[...]
</properties>
  <testcase name="[1:12] try to login to github" classname="Tests/demo-01" time="51.508">
    <system-out><![CDATA[09:48:33.351 [main] INFO com.intuit.karate.Runner -- using system property 'karate.options': classpath:Tests/demo-01.feature
09:48:34.886 [main] DEBUG com.jayway.jsonpath.internal.path.CompiledPath -- Evaluating path: $
09:48:35.005 [main] DEBUG com.intuit.karate.shell.Command -- found / verified free local port: 9222
09:48:35.006 [chrome_1725596314988] DEBUG com.intuit.karate.driver.chrome_1725596314988 -- command: [C:\Program Files\Google\Chrome\Application\chrome.exe, --remote-debugging-port=9222, --remote-allow-origins=*, --no-first-run, --user-data-dir=C:\Users\swats\Mani Eclipse New Workspace\Karate\target\chrome_1725596314988, --disable-popup-blocking], working dir: target\chrome_1725596314988
09:48:35.014 [main] DEBUG com.intuit.karate.driver.chrome_1725596314988 -- poll attempt #0 for port to be ready - localhost:9222
09:48:35.271 [main] DEBUG com.intuit.karate.driver.chrome_1725596314988 -- poll attempt #1 for port to be ready - localhost:9222
09:48:35.437 [chrome_1725596314988-out] DEBUG com.intuit.karate.driver.chrome_1725596314988 -- 
09:48:35.437 [chrome_1725596314988-out] DEBUG com.intuit.karate.driver.chrome_1725596314988 -- DevTools listening on ws://127.0.0.1:9222/devtools/browser/54928f1b-d832-4ebe-b9f2-b31c310e60c7
09:48:35.542 [main] DEBUG com.intuit.karate.driver.chrome_1725596314988 -- poll attempt #2 for port to be ready - localhost:9222
09:48:37.536 [main] DEBUG org.apache.http.client.protocol.RequestAddCookies -- CookieSpec selected: karate
09:48:37.547 [main] DEBUG org.apache.http.client.protocol.RequestAuthCache -- Auth cache not set in the context
09:48:37.550 [main] DEBUG com.intuit.karate -- request:
1 > GET http://localhost:9222/json
1 > Host: localhost:9222
1 > Connection: Keep-Alive
1 > User-Agent: Apache-HttpClient/4.5.14 (Java/21.0.3)
1 > Accept-Encoding: gzip,deflate


09:48:37.552 [main] DEBUG org.apache.http.impl.conn.PoolingHttpClientConnectionManager -- Connection request: [route: {}->http://localhost:9222][total available: 0; route allocated: 0 of 5; total allocated: 0 of 10]
09:48:37.579 [main] DEBUG org.apache.http.impl.conn.PoolingHttpClientConnectionManager -- Connection leased: [id: 0][route: {}->http://localhost:9222][total available: 0; route allocated: 1 of 5; total allocated: 1 of 10]
09:48:37.581 [main] DEBUG org.apache.http.impl.execchain.MainClientExec -- Opening connection {}->http://localhost:9222
09:48:37.594 [main] DEBUG org.apache.http.impl.conn.DefaultHttpClientConnectionOperator -- Connecting to localhost/127.0.0.1:9222
09:48:37.598 [main] DEBUG org.apache.http.impl.conn.DefaultHttpClientConnectionOperator -- Connection established 127.0.0.1:63960<->127.0.0.1:9222
09:48:37.598 [main] DEBUG org.apache.http.impl.conn.DefaultManagedHttpClientConnection -- http-outgoing-0: set socket timeout to 30000
09:48:37.598 [main] DEBUG org.apache.http.impl.execchain.MainClientExec -- Executing request GET /json HTTP/1.1
09:48:37.598 [main] DEBUG org.apache.http.impl.execchain.MainClientExec -- Target auth state: UNCHALLENGED
09:48:37.599 [main] DEBUG org.apache.http.impl.execchain.MainClientExec -- Proxy auth state: UNCHALLENGED
09:48:37.602 [main] DEBUG org.apache.http.headers -- http-outgoing-0 >> GET /json HTTP/1.1
09:48:37.602 [main] DEBUG org.apache.http.headers -- http-outgoing-0 >> Host: localhost:9222
09:48:37.603 [main] DEBUG org.apache.http.headers -- http-outgoing-0 >> Connection: Keep-Alive
09:48:37.603 [main] DEBUG org.apache.http.headers -- http-outgoing-0 >> User-Agent: Apache-HttpClient/4.5.14 (Java/21.0.3)
09:48:37.603 [main] DEBUG org.apache.http.headers -- http-outgoing-0 >> Accept-Encoding: gzip,deflate
09:48:37.603 [main] DEBUG org.apache.http.wire -- http-outgoing-0 >> "GET /json HTTP/1.1[\r][\n]"
09:48:37.603 [main] DEBUG org.apache.http.wire -- http-outgoing-0 >> "Host: localhost:9222[\r][\n]"
09:48:37.604 [main] DEBUG org.apache.http.wire -- http-outgoing-0 >> "Connection: Keep-Alive[\r][\n]"
09:48:37.605 [main] DEBUG org.apache.http.wire -- http-outgoing-0 >> "User-Agent: Apache-HttpClient/4.5.14 (Java/21.0.3)[\r][\n]"
09:48:37.606 [main] DEBUG org.apache.http.wire -- http-outgoing-0 >> "Accept-Encoding: gzip,deflate[\r][\n]"
09:48:37.606 [main] DEBUG org.apache.http.wire -- http-outgoing-0 >> "[\r][\n]"
09:48:37.608 [main] DEBUG org.apache.http.wire -- http-outgoing-0 << "HTTP/1.1 200 OK[\r][\n]"
09:48:37.609 [main] DEBUG org.apache.http.wire -- http-outgoing-0 << "Content-Security-Policy:frame-ancestors 'none'[\r][\n]"
09:48:37.609 [main] DEBUG org.apache.http.wire -- http-outgoing-0 << "Content-Length:1267[\r][\n]"
09:48:37.609 [main] DEBUG org.apache.http.wire -- http-outgoing-0 << "Content-Type:application/json; charset=UTF-8[\r][\n]"
09:48:37.609 [main] DEBUG org.apache.http.wire -- http-outgoing-0 << "[\r][\n]"
09:48:37.609 [main] DEBUG org.apache.http.wire -- http-outgoing-0 << "[ {[\r][\n]"
09:48:37.609 [main] DEBUG org.apache.http.wire -- http-outgoing-0 << "   "description": "",[\r][\n]"
09:48:37.610 [main] DEBUG org.apache.http.wire -- http-outgoing-0 << "   "devtoolsFrontendUrl": "/devtools/inspector.html?ws=localhost:9222/devtools/page/6E82695EDF744A9E9D4DA119C5839653",[\r][\n]"
09:48:37.610 [main] DEBUG org.apache.http.wire -- http-outgoing-0 << "   "id": "6E82695EDF744A9E9D4DA119C5839653",[\r][\n]"
09:48:37.610 [main] DEBUG org.apache.http.wire -- http-outgoing-0 << "   "title": "Google Network Speech",[\r][\n]"
09:48:37.610 [main] DEBUG org.apache.http.wire -- http-outgoing-0 << "   "type": "background_page",[\r][\n]"
09:48:37.610 [main] DEBUG org.apache.http.wire -- http-outgoing-0 << "   "url": "chrome-extension://neajdppkdcdipfabeoofebfddakdcjhd/_generated_background_page.html",[\r][\n]"
09:48:37.610 [main] DEBUG org.apache.http.wire -- http-outgoing-0 << "   "webSocketDebuggerUrl": "ws://localhost:9222/devtools/page/6E82695EDF744A9E9D4DA119C5839653"[\r][\n]"
09:48:37.611 [main] DEBUG org.apache.http.wire -- http-outgoing-0 << "}, {[\r][\n]"
09:48:37.612 [main] DEBUG org.apache.http.wire -- http-outgoing-0 << "   "description": "",[\r][\n]"
09:48:37.612 [main] DEBUG org.apache.http.wire -- http-outgoing-0 << "   "devtoolsFrontendUrl": "/devtools/inspector.html?ws=localhost:9222/devtools/page/FF08899BDDD3AF3F9F0AD11A02E5E573",[\r][\n]"
09:48:37.612 [main] DEBUG org.apache.http.wire -- http-outgoing-0 << "   "id": "FF08899BDDD3AF3F9F0AD11A02E5E573",[\r][\n]"
09:48:37.612 [main] DEBUG org.apache.http.wire -- http-outgoing-0 << "   "title": "Google Hangouts",[\r][\n]"
09:48:37.612 [main] DEBUG org.apache.http.wire -- http-outgoing-0 << "   "type": "background_page",[\r][\n]"
09:48:37.613 [main] DEBUG org.apache.http.wire -- http-outgoing-0 << "   "url": "chrome-extension://nkeimhogjdpnpccoofpliimaahmaaome/background.html",[\r][\n]"
09:48:37.617 [main] DEBUG org.apache.http.wire -- http-outgoing-0 << "   "webSocketDebuggerUrl": "ws://localhost:9222/devtools/page/FF08899BDDD3AF3F9F0AD11A02E5E573"[\r][\n]"
09:48:37.617 [main] DEBUG org.apache.http.wire -- http-outgoing-0 << "}, {[\r][\n]"
09:48:37.617 [main] DEBUG org.apache.http.wire -- http-outgoing-0 << "   "description": "",[\r][\n]"
09:48:37.617 [main] DEBUG org.apache.http.wire -- http-outgoing-0 << "   "devtoolsFrontendUrl": "/devtools/inspector.html?ws=localhost:9222/devtools/page/34AEB298D3BC54437D6A571F4AD4D6C3",[\r][\n]"
09:48:37.617 [main] DEBUG org.apache.http.wire -- http-outgoing-0 << "   "id": "34AEB298D3BC54437D6A571F4AD4D6C3",[\r][\n]"
09:48:37.617 [main] DEBUG org.apache.http.wire -- http-outgoing-0 << "   "title": "New Tab",[\r][\n]"
09:48:37.617 [main] DEBUG org.apache.http.wire -- http-outgoing-0 << "   "type": "page",[\r][\n]"
09:48:37.617 [main] DEBUG org.apache.http.wire -- http-outgoing-0 << "   "url": "chrome://newtab/",[\r][\n]"
09:48:37.617 [main] DEBUG org.apache.http.wire -- http-outgoing-0 << "   "webSocketDebuggerUrl": "ws://localhost:9222/devtools/page/34AEB298D3BC54437D6A571F4AD4D6C3"[\r][\n]"
09:48:37.617 [main] DEBUG org.apache.http.wire -- http-outgoing-0 << "} ][\r][\n]"
09:48:37.621 [main] DEBUG org.apache.http.headers -- http-outgoing-0 << HTTP/1.1 200 OK
09:48:37.621 [main] DEBUG org.apache.http.headers -- http-outgoing-0 << Content-Security-Policy:frame-ancestors 'none'
09:48:37.624 [main] DEBUG org.apache.http.headers -- http-outgoing-0 << Content-Length:1267
09:48:37.624 [main] DEBUG org.apache.http.headers -- http-outgoing-0 << Content-Type:application/json; charset=UTF-8
09:48:37.629 [main] DEBUG org.apache.http.impl.execchain.MainClientExec -- Connection can be kept alive indefinitely
09:48:37.632 [main] DEBUG org.apache.http.impl.conn.PoolingHttpClientConnectionManager -- Connection [id: 0][route: {}->http://localhost:9222] can be kept alive indefinitely
09:48:37.632 [main] DEBUG org.apache.http.impl.conn.DefaultManagedHttpClientConnection -- http-outgoing-0: set socket timeout to 0
09:48:37.632 [main] DEBUG org.apache.http.impl.conn.PoolingHttpClientConnectionManager -- Connection released: [id: 0][route: {}->http://localhost:9222][total available: 1; route allocated: 1 of 5; total allocated: 1 of 10]
09:48:37.632 [main] DEBUG org.apache.http.impl.conn.PoolingHttpClientConnectionManager -- Connection manager is shutting down
09:48:37.643 [main] DEBUG org.apache.http.impl.conn.DefaultManagedHttpClientConnection -- http-outgoing-0: Close connection
09:48:37.645 [main] DEBUG org.apache.http.impl.conn.PoolingHttpClientConnectionManager -- Connection manager shut down
09:48:37.660 [main] DEBUG com.intuit.karate -- response time in milliseconds: 81
1 < 200
1 < Content-Security-Policy: frame-ancestors 'none'
1 < Content-Length: 1267
1 < Content-Type: application/json; charset=UTF-8
[ {
   "description": "",
   "devtoolsFrontendUrl": "/devtools/inspector.html?ws=localhost:9222/devtools/page/6E82695EDF744A9E9D4DA119C5839653",
   "id": "6E82695EDF744A9E9D4DA119C5839653",
   "title": "Google Network Speech",
   "type": "background_page",
   "url": "chrome-extension://neajdppkdcdipfabeoofebfddakdcjhd/_generated_background_page.html",
   "webSocketDebuggerUrl": "ws://localhost:9222/devtools/page/6E82695EDF744A9E9D4DA119C5839653"
}, {
   "description": "",
   "devtoolsFrontendUrl": "/devtools/inspector.html?ws=localhost:9222/devtools/page/FF08899BDDD3AF3F9F0AD11A02E5E573",
   "id": "FF08899BDDD3AF3F9F0AD11A02E5E573",
   "title": "Google Hangouts",
   "type": "background_page",
   "url": "chrome-extension://nkeimhogjdpnpccoofpliimaahmaaome/background.html",
   "webSocketDebuggerUrl": "ws://localhost:9222/devtools/page/FF08899BDDD3AF3F9F0AD11A02E5E573"
}, {
   "description": "",
   "devtoolsFrontendUrl": "/devtools/inspector.html?ws=localhost:9222/devtools/page/34AEB298D3BC54437D6A571F4AD4D6C3",
   "id": "34AEB298D3BC54437D6A571F4AD4D6C3",
   "title": "New Tab",
   "type": "page",
   "url": "chrome://newtab/",
   "webSocketDebuggerUrl": "ws://localhost:9222/devtools/page/34AEB298D3BC54437D6A571F4AD4D6C3"
} ]


09:48:37.689 [main] DEBUG com.jayway.jsonpath.internal.path.CompiledPath -- Evaluating path: $
09:48:37.690 [main] DEBUG com.intuit.karate.shell.Command -- ready to accept http connections after 2029 ms - http://localhost:9222/json
09:48:37.692 [main] DEBUG org.apache.http.client.protocol.RequestAddCookies -- CookieSpec selected: karate
09:48:37.693 [main] DEBUG org.apache.http.client.protocol.RequestAuthCache -- Auth cache not set in the context
09:48:37.693 [main] DEBUG com.intuit.karate -- request:
1 > GET http://localhost:9222/json
1 > Host: localhost:9222
1 > Connection: Keep-Alive
1 > User-Agent: Apache-HttpClient/4.5.14 (Java/21.0.3)
1 > Accept-Encoding: gzip,deflate


09:48:37.694 [main] DEBUG org.apache.http.impl.conn.PoolingHttpClientConnectionManager -- Connection request: [route: {}->http://localhost:9222][total available: 0; route allocated: 0 of 5; total allocated: 0 of 10]
09:48:37.694 [main] DEBUG org.apache.http.impl.conn.PoolingHttpClientConnectionManager -- Connection leased: [id: 1][route: {}->http://localhost:9222][total available: 0; route allocated: 1 of 5; total allocated: 1 of 10]
09:48:37.694 [main] DEBUG org.apache.http.impl.execchain.MainClientExec -- Opening connection {}->http://localhost:9222
09:48:37.694 [main] DEBUG org.apache.http.impl.conn.DefaultHttpClientConnectionOperator -- Connecting to localhost/127.0.0.1:9222
09:48:37.695 [main] DEBUG org.apache.http.impl.conn.DefaultHttpClientConnectionOperator -- Connection established 127.0.0.1:63961<->127.0.0.1:9222
09:48:37.695 [main] DEBUG org.apache.http.impl.conn.DefaultManagedHttpClientConnection -- http-outgoing-1: set socket timeout to 30000
09:48:37.695 [main] DEBUG org.apache.http.impl.execchain.MainClientExec -- Executing request GET /json HTTP/1.1
09:48:37.695 [main] DEBUG org.apache.http.impl.execchain.MainClientExec -- Target auth state: UNCHALLENGED
09:48:37.695 [main] DEBUG org.apache.http.impl.execchain.MainClientExec -- Proxy auth state: UNCHALLENGED
09:48:37.696 [main] DEBUG org.apache.http.headers -- http-outgoing-1 >> GET /json HTTP/1.1
09:48:37.696 [main] DEBUG org.apache.http.headers -- http-outgoing-1 >> Host: localhost:9222
09:48:37.696 [main] DEBUG org.apache.http.headers -- http-outgoing-1 >> Connection: Keep-Alive
09:48:37.696 [main] DEBUG org.apache.http.headers -- http-outgoing-1 >> User-Agent: Apache-HttpClient/4.5.14 (Java/21.0.3)
09:48:37.696 [main] DEBUG org.apache.http.headers -- http-outgoing-1 >> Accept-Encoding: gzip,deflate
09:48:37.696 [main] DEBUG org.apache.http.wire -- http-outgoing-1 >> "GET /json HTTP/1.1[\r][\n]"
09:48:37.696 [main] DEBUG org.apache.http.wire -- http-outgoing-1 >> "Host: localhost:9222[\r][\n]"
09:48:37.696 [main] DEBUG org.apache.http.wire -- http-outgoing-1 >> "Connection: Keep-Alive[\r][\n]"
09:48:37.696 [main] DEBUG org.apache.http.wire -- http-outgoing-1 >> "User-Agent: Apache-HttpClient/4.5.14 (Java/21.0.3)[\r][\n]"
09:48:37.696 [main] DEBUG org.apache.http.wire -- http-outgoing-1 >> "Accept-Encoding: gzip,deflate[\r][\n]"
09:48:37.696 [main] DEBUG org.apache.http.wire -- http-outgoing-1 >> "[\r][\n]"
09:48:37.699 [main] DEBUG org.apache.http.wire -- http-outgoing-1 << "HTTP/1.1 200 OK[\r][\n]"
09:48:37.699 [main] DEBUG org.apache.http.wire -- http-outgoing-1 << "Content-Security-Policy:frame-ancestors 'none'[\r][\n]"
09:48:37.699 [main] DEBUG org.apache.http.wire -- http-outgoing-1 << "Content-Length:1267[\r][\n]"
09:48:37.699 [main] DEBUG org.apache.http.wire -- http-outgoing-1 << "Content-Type:application/json; charset=UTF-8[\r][\n]"
09:48:37.699 [main] DEBUG org.apache.http.wire -- http-outgoing-1 << "[\r][\n]"
09:48:37.699 [main] DEBUG org.apache.http.wire -- http-outgoing-1 << "[ {[\r][\n]"
09:48:37.699 [main] DEBUG org.apache.http.wire -- http-outgoing-1 << "   "description": "",[\r][\n]"
09:48:37.699 [main] DEBUG org.apache.http.wire -- http-outgoing-1 << "   "devtoolsFrontendUrl": "/devtools/inspector.html?ws=localhost:9222/devtools/page/6E82695EDF744A9E9D4DA119C5839653",[\r][\n]"
09:48:37.699 [main] DEBUG org.apache.http.wire -- http-outgoing-1 << "   "id": "6E82695EDF744A9E9D4DA119C5839653",[\r][\n]"
09:48:37.699 [main] DEBUG org.apache.http.wire -- http-outgoing-1 << "   "title": "Google Network Speech",[\r][\n]"
09:48:37.699 [main] DEBUG org.apache.http.wire -- http-outgoing-1 << "   "type": "background_page",[\r][\n]"
09:48:37.699 [main] DEBUG org.apache.http.wire -- http-outgoing-1 << "   "url": "chrome-extension://neajdppkdcdipfabeoofebfddakdcjhd/_generated_background_page.html",[\r][\n]"
09:48:37.699 [main] DEBUG org.apache.http.wire -- http-outgoing-1 << "   "webSocketDebuggerUrl": "ws://localhost:9222/devtools/page/6E82695EDF744A9E9D4DA119C5839653"[\r][\n]"
09:48:37.699 [main] DEBUG org.apache.http.wire -- http-outgoing-1 << "}, {[\r][\n]"
09:48:37.699 [main] DEBUG org.apache.http.wire -- http-outgoing-1 << "   "description": "",[\r][\n]"
09:48:37.699 [main] DEBUG org.apache.http.wire -- http-outgoing-1 << "   "devtoolsFrontendUrl": "/devtools/inspector.html?ws=localhost:9222/devtools/page/FF08899BDDD3AF3F9F0AD11A02E5E573",[\r][\n]"
09:48:37.699 [main] DEBUG org.apache.http.wire -- http-outgoing-1 << "   "id": "FF08899BDDD3AF3F9F0AD11A02E5E573",[\r][\n]"
09:48:37.700 [main] DEBUG org.apache.http.wire -- http-outgoing-1 << "   "title": "Google Hangouts",[\r][\n]"
09:48:37.700 [main] DEBUG org.apache.http.wire -- http-outgoing-1 << "   "type": "background_page",[\r][\n]"
09:48:37.700 [main] DEBUG org.apache.http.wire -- http-outgoing-1 << "   "url": "chrome-extension://nkeimhogjdpnpccoofpliimaahmaaome/background.html",[\r][\n]"
09:48:37.700 [main] DEBUG org.apache.http.wire -- http-outgoing-1 << "   "webSocketDebuggerUrl": "ws://localhost:9222/devtools/page/FF08899BDDD3AF3F9F0AD11A02E5E573"[\r][\n]"
09:48:37.700 [main] DEBUG org.apache.http.wire -- http-outgoing-1 << "}, {[\r][\n]"
09:48:37.700 [main] DEBUG org.apache.http.wire -- http-outgoing-1 << "   "description": "",[\r][\n]"
09:48:37.700 [main] DEBUG org.apache.http.wire -- http-outgoing-1 << "   "devtoolsFrontendUrl": "/devtools/inspector.html?ws=localhost:9222/devtools/page/34AEB298D3BC54437D6A571F4AD4D6C3",[\r][\n]"
09:48:37.700 [main] DEBUG org.apache.http.wire -- http-outgoing-1 << "   "id": "34AEB298D3BC54437D6A571F4AD4D6C3",[\r][\n]"
09:48:37.700 [main] DEBUG org.apache.http.wire -- http-outgoing-1 << "   "title": "New Tab",[\r][\n]"
09:48:37.700 [main] DEBUG org.apache.http.wire -- http-outgoing-1 << "   "type": "page",[\r][\n]"
09:48:37.700 [main] DEBUG org.apache.http.wire -- http-outgoing-1 << "   "url": "chrome://newtab/",[\r][\n]"
09:48:37.700 [main] DEBUG org.apache.http.wire -- http-outgoing-1 << "   "webSocketDebuggerUrl": "ws://localhost:9222/devtools/page/34AEB298D3BC54437D6A571F4AD4D6C3"[\r][\n]"
09:48:37.701 [main] DEBUG org.apache.http.wire -- http-outgoing-1 << "} ][\r][\n]"
09:48:37.701 [main] DEBUG org.apache.http.headers -- http-outgoing-1 << HTTP/1.1 200 OK
09:48:37.701 [main] DEBUG org.apache.http.headers -- http-outgoing-1 << Content-Security-Policy:frame-ancestors 'none'
09:48:37.701 [main] DEBUG org.apache.http.headers -- http-outgoing-1 << Content-Length:1267
09:48:37.701 [main] DEBUG org.apache.http.headers -- http-outgoing-1 << Content-Type:application/json; charset=UTF-8
09:48:37.701 [main] DEBUG org.apache.http.impl.execchain.MainClientExec -- Connection can be kept alive indefinitely
09:48:37.701 [main] DEBUG org.apache.http.impl.conn.PoolingHttpClientConnectionManager -- Connection [id: 1][route: {}->http://localhost:9222] can be kept alive indefinitely
09:48:37.701 [main] DEBUG org.apache.http.impl.conn.DefaultManagedHttpClientConnection -- http-outgoing-1: set socket timeout to 0
09:48:37.701 [main] DEBUG org.apache.http.impl.conn.PoolingHttpClientConnectionManager -- Connection released: [id: 1][route: {}->http://localhost:9222][total available: 1; route allocated: 1 of 5; total allocated: 1 of 10]
09:48:37.701 [main] DEBUG org.apache.http.impl.conn.PoolingHttpClientConnectionManager -- Connection manager is shutting down
09:48:37.701 [main] DEBUG org.apache.http.impl.conn.DefaultManagedHttpClientConnection -- http-outgoing-1: Close connection
09:48:37.702 [main] DEBUG org.apache.http.impl.conn.PoolingHttpClientConnectionManager -- Connection manager shut down
09:48:37.702 [main] DEBUG com.intuit.karate -- response time in milliseconds: 7
1 < 200
1 < Content-Security-Policy: frame-ancestors 'none'
1 < Content-Length: 1267
1 < Content-Type: application/json; charset=UTF-8
[ {
   "description": "",
   "devtoolsFrontendUrl": "/devtools/inspector.html?ws=localhost:9222/devtools/page/6E82695EDF744A9E9D4DA119C5839653",
   "id": "6E82695EDF744A9E9D4DA119C5839653",
   "title": "Google Network Speech",
   "type": "background_page",
   "url": "chrome-extension://neajdppkdcdipfabeoofebfddakdcjhd/_generated_background_page.html",
   "webSocketDebuggerUrl": "ws://localhost:9222/devtools/page/6E82695EDF744A9E9D4DA119C5839653"
}, {
   "description": "",
   "devtoolsFrontendUrl": "/devtools/inspector.html?ws=localhost:9222/devtools/page/FF08899BDDD3AF3F9F0AD11A02E5E573",
   "id": "FF08899BDDD3AF3F9F0AD11A02E5E573",
   "title": "Google Hangouts",
   "type": "background_page",
   "url": "chrome-extension://nkeimhogjdpnpccoofpliimaahmaaome/background.html",
   "webSocketDebuggerUrl": "ws://localhost:9222/devtools/page/FF08899BDDD3AF3F9F0AD11A02E5E573"
}, {
   "description": "",
   "devtoolsFrontendUrl": "/devtools/inspector.html?ws=localhost:9222/devtools/page/34AEB298D3BC54437D6A571F4AD4D6C3",
   "id": "34AEB298D3BC54437D6A571F4AD4D6C3",
   "title": "New Tab",
   "type": "page",
   "url": "chrome://newtab/",
   "webSocketDebuggerUrl": "ws://localhost:9222/devtools/page/34AEB298D3BC54437D6A571F4AD4D6C3"
} ]


09:48:37.704 [main] DEBUG com.jayway.jsonpath.internal.path.CompiledPath -- Evaluating path: $
09:48:37.704 [main] DEBUG com.jayway.jsonpath.internal.path.CompiledPath -- Evaluating path: $
09:48:37.711 [main] DEBUG com.intuit.karate.driver.DriverOptions -- root frame id: 34AEB298D3BC54437D6A571F4AD4D6C3
09:48:37.779 [main] DEBUG io.netty.util.internal.logging.InternalLoggerFactory -- Using SLF4J as the default logging framework
09:48:37.781 [main] DEBUG io.netty.channel.MultithreadEventLoopGroup -- -Dio.netty.eventLoopThreads: 8
09:48:37.835 [main] DEBUG io.netty.util.concurrent.GlobalEventExecutor -- -Dio.netty.globalEventExecutor.quietPeriodSeconds: 1
09:48:37.856 [main] DEBUG io.netty.util.internal.InternalThreadLocalMap -- -Dio.netty.threadLocalMap.stringBuilder.initialSize: 1024
09:48:37.857 [main] DEBUG io.netty.util.internal.InternalThreadLocalMap -- -Dio.netty.threadLocalMap.stringBuilder.maxSize: 4096
09:48:37.917 [main] DEBUG io.netty.util.internal.PlatformDependent0 -- -Dio.netty.noUnsafe: false
09:48:37.920 [main] DEBUG io.netty.util.internal.PlatformDependent0 -- Java version: 21
09:48:37.924 [main] DEBUG io.netty.util.internal.PlatformDependent0 -- sun.misc.Unsafe.theUnsafe: available
09:48:37.926 [main] DEBUG io.netty.util.internal.PlatformDependent0 -- sun.misc.Unsafe.copyMemory: available
09:48:37.927 [main] DEBUG io.netty.util.internal.PlatformDependent0 -- sun.misc.Unsafe.storeFence: available
09:48:37.930 [main] DEBUG io.netty.util.internal.PlatformDependent0 -- java.nio.Buffer.address: available
09:48:37.931 [main] DEBUG io.netty.util.internal.PlatformDependent0 -- direct buffer constructor: unavailable: Reflective setAccessible(true) disabled
09:48:37.932 [main] DEBUG io.netty.util.internal.PlatformDependent0 -- java.nio.Bits.unaligned: available, true
09:48:37.933 [main] DEBUG io.netty.util.internal.PlatformDependent0 -- jdk.internal.misc.Unsafe.allocateUninitializedArray(int): unavailable: class io.netty.util.internal.PlatformDependent0$7 cannot access class jdk.internal.misc.Unsafe (in module java.base) because module java.base does not export jdk.internal.misc to unnamed module @281e3708
09:48:37.935 [main] DEBUG io.netty.util.internal.PlatformDependent0 -- java.nio.DirectByteBuffer.<init>(long, {int,long}): unavailable
09:48:37.935 [main] DEBUG io.netty.util.internal.PlatformDependent -- sun.misc.Unsafe: available
09:48:37.940 [main] DEBUG io.netty.util.internal.PlatformDependent -- maxDirectMemory: 2076180480 bytes (maybe)
09:48:37.940 [main] DEBUG io.netty.util.internal.PlatformDependent -- -Dio.netty.tmpdir: C:\Users\swats\AppData\Local\Temp (java.io.tmpdir)
09:48:37.940 [main] DEBUG io.netty.util.internal.PlatformDependent -- -Dio.netty.bitMode: 64 (sun.arch.data.model)
09:48:37.941 [main] DEBUG io.netty.util.internal.PlatformDependent -- Platform: Windows
09:48:37.943 [main] DEBUG io.netty.util.internal.PlatformDependent -- -Dio.netty.maxDirectMemory: -1 bytes
09:48:37.943 [main] DEBUG io.netty.util.internal.PlatformDependent -- -Dio.netty.uninitializedArrayAllocationThreshold: -1
09:48:37.944 [main] DEBUG io.netty.util.internal.CleanerJava9 -- java.nio.ByteBuffer.cleaner(): available
09:48:37.944 [main] DEBUG io.netty.util.internal.PlatformDependent -- -Dio.netty.noPreferDirect: false
09:48:37.945 [main] DEBUG io.netty.channel.nio.NioEventLoop -- -Dio.netty.noKeySetOptimization: false
09:48:37.945 [main] DEBUG io.netty.channel.nio.NioEventLoop -- -Dio.netty.selectorAutoRebuildThreshold: 512
09:48:37.959 [main] DEBUG io.netty.util.internal.PlatformDependent -- org.jctools-core.MpscChunkedArrayQueue: available
09:48:38.164 [main] DEBUG io.netty.channel.DefaultChannelId -- -Dio.netty.processId: 12412 (auto-detected)
09:48:38.170 [main] DEBUG io.netty.util.NetUtil -- -Djava.net.preferIPv4Stack: false
09:48:38.170 [main] DEBUG io.netty.util.NetUtil -- -Djava.net.preferIPv6Addresses: false
09:48:38.178 [main] DEBUG io.netty.util.NetUtilInitializations -- Loopback interface: loopback_0 (Software Loopback Interface 1, 0:0:0:0:0:0:0:1)
09:48:38.180 [main] DEBUG io.netty.util.NetUtil -- Failed to get SOMAXCONN from sysctl and file \proc\sys\net\core\somaxconn. Default: 200
09:48:38.185 [main] DEBUG io.netty.channel.DefaultChannelId -- -Dio.netty.machineId: 04:bf:1b:ff:fe:89:50:5a (auto-detected)
09:48:38.204 [main] DEBUG io.netty.util.ResourceLeakDetector -- -Dio.netty.leakDetection.level: simple
09:48:38.205 [main] DEBUG io.netty.util.ResourceLeakDetector -- -Dio.netty.leakDetection.targetRecords: 4
09:48:38.245 [main] DEBUG io.netty.buffer.PooledByteBufAllocator -- -Dio.netty.allocator.numHeapArenas: 8
09:48:38.245 [main] DEBUG io.netty.buffer.PooledByteBufAllocator -- -Dio.netty.allocator.numDirectArenas: 8
09:48:38.245 [main] DEBUG io.netty.buffer.PooledByteBufAllocator -- -Dio.netty.allocator.pageSize: 8192
09:48:38.246 [main] DEBUG io.netty.buffer.PooledByteBufAllocator -- -Dio.netty.allocator.maxOrder: 9
09:48:38.246 [main] DEBUG io.netty.buffer.PooledByteBufAllocator -- -Dio.netty.allocator.chunkSize: 4194304
09:48:38.246 [main] DEBUG io.netty.buffer.PooledByteBufAllocator -- -Dio.netty.allocator.smallCacheSize: 256
09:48:38.246 [main] DEBUG io.netty.buffer.PooledByteBufAllocator -- -Dio.netty.allocator.normalCacheSize: 64
09:48:38.246 [main] DEBUG io.netty.buffer.PooledByteBufAllocator -- -Dio.netty.allocator.maxCachedBufferCapacity: 32768
09:48:38.246 [main] DEBUG io.netty.buffer.PooledByteBufAllocator -- -Dio.netty.allocator.cacheTrimInterval: 8192
09:48:38.246 [main] DEBUG io.netty.buffer.PooledByteBufAllocator -- -Dio.netty.allocator.cacheTrimIntervalMillis: 0
09:48:38.246 [main] DEBUG io.netty.buffer.PooledByteBufAllocator -- -Dio.netty.allocator.useCacheForAllThreads: false
09:48:38.246 [main] DEBUG io.netty.buffer.PooledByteBufAllocator -- -Dio.netty.allocator.maxCachedByteBuffersPerChunk: 1023
09:48:38.262 [main] DEBUG io.netty.buffer.ByteBufUtil -- -Dio.netty.allocator.type: pooled
09:48:38.263 [main] DEBUG io.netty.buffer.ByteBufUtil -- -Dio.netty.threadLocalDirectBufferSize: 0
09:48:38.263 [main] DEBUG io.netty.buffer.ByteBufUtil -- -Dio.netty.maxThreadLocalCharBufferSize: 16384
09:48:38.305 [nioEventLoopGroup-2-1] DEBUG io.netty.buffer.AbstractByteBuf -- -Dio.netty.buffer.checkAccessible: true
09:48:38.305 [nioEventLoopGroup-2-1] DEBUG io.netty.buffer.AbstractByteBuf -- -Dio.netty.buffer.checkBounds: true
09:48:38.307 [nioEventLoopGroup-2-1] DEBUG io.netty.util.ResourceLeakDetectorFactory -- Loaded default ResourceLeakDetector: io.netty.util.ResourceLeakDetector@5b785e3d
09:48:38.353 [nioEventLoopGroup-2-1] DEBUG io.netty.handler.codec.compression.ZlibCodecFactory -- -Dio.netty.noJdkZlibDecoder: false
09:48:38.353 [nioEventLoopGroup-2-1] DEBUG io.netty.handler.codec.compression.ZlibCodecFactory -- -Dio.netty.noJdkZlibEncoder: false
09:48:38.373 [nioEventLoopGroup-2-1] DEBUG io.netty.handler.codec.http.websocketx.WebSocketClientHandshaker13 -- WebSocket version 13 client handshake key: ocQZBNw6e26XbYChVvcQtA==, expected response: jndPU2mMu8tdSJzx/rw4nt22oMw=
09:48:38.386 [nioEventLoopGroup-2-1] DEBUG io.netty.util.Recycler -- -Dio.netty.recycler.maxCapacityPerThread: 4096
09:48:38.386 [nioEventLoopGroup-2-1] DEBUG io.netty.util.Recycler -- -Dio.netty.recycler.ratio: 8
09:48:38.386 [nioEventLoopGroup-2-1] DEBUG io.netty.util.Recycler -- -Dio.netty.recycler.chunkSize: 32
09:48:38.386 [nioEventLoopGroup-2-1] DEBUG io.netty.util.Recycler -- -Dio.netty.recycler.blocking: false
09:48:38.386 [nioEventLoopGroup-2-1] DEBUG io.netty.util.Recycler -- -Dio.netty.recycler.batchFastThreadLocalOnly: true
09:48:38.429 [nioEventLoopGroup-2-1] DEBUG com.intuit.karate.http.WebSocketClientHandler -- websocket client connected
09:48:38.431 [main] DEBUG com.jayway.jsonpath.internal.path.CompiledPath -- Evaluating path: $['targetId']
09:48:38.432 [main] DEBUG com.jayway.jsonpath.internal.path.CompiledPath -- Evaluating path: $
09:48:38.432 [main] DEBUG com.jayway.jsonpath.internal.path.CompiledPath -- Evaluating path: $
09:48:38.432 [main] DEBUG com.jayway.jsonpath.internal.JsonContext -- Put path $ key targetId value {}
09:48:38.433 [main] DEBUG com.jayway.jsonpath.internal.path.CompiledPath -- Evaluating path: $
09:48:38.433 [main] DEBUG com.jayway.jsonpath.internal.JsonContext -- Put path $ key targetId value 34AEB298D3BC54437D6A571F4AD4D6C3
09:48:38.433 [main] DEBUG com.jayway.jsonpath.internal.path.CompiledPath -- Evaluating path: $['flatten']
09:48:38.433 [main] DEBUG com.jayway.jsonpath.internal.path.CompiledPath -- Evaluating path: $
09:48:38.433 [main] DEBUG com.jayway.jsonpath.internal.path.CompiledPath -- Evaluating path: $
09:48:38.433 [main] DEBUG com.jayway.jsonpath.internal.JsonContext -- Put path $ key flatten value {}
09:48:38.433 [main] DEBUG com.jayway.jsonpath.internal.path.CompiledPath -- Evaluating path: $
09:48:38.433 [main] DEBUG com.jayway.jsonpath.internal.JsonContext -- Put path $ key flatten value true
09:48:38.433 [main] DEBUG com.jayway.jsonpath.internal.path.CompiledPath -- Evaluating path: $
09:48:38.434 [main] DEBUG com.intuit.karate.driver.DriverOptions -- >> {"id":1,"method":"Target.attachToTarget","params":{"targetId":"34AEB298D3BC54437D6A571F4AD4D6C3","flatten":true}}
09:48:38.439 [nioEventLoopGroup-2-1] DEBUG io.netty.handler.codec.compression.JdkZlibEncoder -- -Dio.netty.jdkzlib.encoder.maxInitialOutputBufferSize=65536
09:48:38.439 [nioEventLoopGroup-2-1] DEBUG io.netty.handler.codec.compression.JdkZlibEncoder -- -Dio.netty.jdkzlib.encoder.maxInputBufferSize=65536
09:48:38.458 [nioEventLoopGroup-2-1] DEBUG com.intuit.karate.driver.DriverOptions -- << {"method":"Target.attachedToTarget","params":{"sessionId":"10F3B8FC195A95782EDFA19C4085692A","targetInfo":{"targetId":"34AEB298D3BC54437D6A571F4AD4D6C3","type":"page","title":"New Tab","url":"chrome://newtab/","attached":true,"canAccessOpener":false,"browserContextId":"F8249C45A9160D14E16BA33614BC7CAC"},"waitingForDebugger":false}}
09:48:38.458 [nioEventLoopGroup-2-1] DEBUG com.jayway.jsonpath.internal.path.CompiledPath -- Evaluating path: $
09:48:38.459 [nioEventLoopGroup-2-1] DEBUG com.jayway.jsonpath.internal.path.CompiledPath -- Evaluating path: $['targetInfo']['type']
09:48:38.459 [nioEventLoopGroup-2-1] DEBUG com.intuit.karate.driver.DriverOptions -- << {"id":1,"result":{"sessionId":"10F3B8FC195A95782EDFA19C4085692A"}}
09:48:38.459 [nioEventLoopGroup-2-1] DEBUG com.jayway.jsonpath.internal.path.CompiledPath -- Evaluating path: $
09:48:38.460 [main] DEBUG com.jayway.jsonpath.internal.path.CompiledPath -- Evaluating path: $['sessionId']
09:48:38.460 [main] DEBUG com.jayway.jsonpath.internal.path.CompiledPath -- Evaluating path: $['targetId']
09:48:38.460 [main] DEBUG com.jayway.jsonpath.internal.path.CompiledPath -- Evaluating path: $
09:48:38.460 [main] DEBUG com.jayway.jsonpath.internal.path.CompiledPath -- Evaluating path: $
09:48:38.460 [main] DEBUG com.jayway.jsonpath.internal.JsonContext -- Put path $ key targetId value {}
09:48:38.460 [main] DEBUG com.jayway.jsonpath.internal.path.CompiledPath -- Evaluating path: $
09:48:38.460 [main] DEBUG com.jayway.jsonpath.internal.JsonContext -- Put path $ key targetId value 34AEB298D3BC54437D6A571F4AD4D6C3
09:48:38.460 [main] DEBUG com.jayway.jsonpath.internal.path.CompiledPath -- Evaluating path: $
09:48:38.460 [main] DEBUG com.intuit.karate.driver.DriverOptions -- >> {"id":2,"sessionId":"10F3B8FC195A95782EDFA19C4085692A","method":"Target.activateTarget","params":{"targetId":"34AEB298D3BC54437D6A571F4AD4D6C3"}}
09:48:38.464 [nioEventLoopGroup-2-1] DEBUG com.intuit.karate.driver.DriverOptions -- << {"id":2,"result":{},"sessionId":"10F3B8FC195A95782EDFA19C4085692A"}
09:48:38.464 [nioEventLoopGroup-2-1] DEBUG com.jayway.jsonpath.internal.path.CompiledPath -- Evaluating path: $
09:48:38.464 [main] DEBUG com.jayway.jsonpath.internal.path.CompiledPath -- Evaluating path: $['discover']
09:48:38.465 [main] DEBUG com.jayway.jsonpath.internal.path.CompiledPath -- Evaluating path: $
09:48:38.465 [main] DEBUG com.jayway.jsonpath.internal.path.CompiledPath -- Evaluating path: $
09:48:38.465 [main] DEBUG com.jayway.jsonpath.internal.JsonContext -- Put path $ key discover value {}
09:48:38.465 [main] DEBUG com.jayway.jsonpath.internal.path.CompiledPath -- Evaluating path: $
09:48:38.465 [main] DEBUG com.jayway.jsonpath.internal.JsonContext -- Put path $ key discover value true
09:48:38.465 [main] DEBUG com.jayway.jsonpath.internal.path.CompiledPath -- Evaluating path: $
09:48:38.465 [main] DEBUG com.intuit.karate.driver.DriverOptions -- >> {"id":3,"sessionId":"10F3B8FC195A95782EDFA19C4085692A","method":"Target.setDiscoverTargets","params":{"discover":true}}
09:48:38.468 [nioEventLoopGroup-2-1] DEBUG com.intuit.karate.driver.DriverOptions -- << {"method":"Target.targetCreated","params":{"targetInfo":{"targetId":"34AEB298D3BC54437D6A571F4AD4D6C3","type":"page","title":"New Tab","url":"chrome://newtab/","attached":true,"canAccessOpener":false,"browserContextId":"F8249C45A9160D14E16BA33614BC7CAC"}},"sessionId":"10F3B8FC195A95782EDFA19C4085692A"}
09:48:38.468 [nioEventLoopGroup-2-1] DEBUG com.jayway.jsonpath.internal.path.CompiledPath -- Evaluating path: $
09:48:38.469 [nioEventLoopGroup-2-1] DEBUG com.intuit.karate.driver.DriverOptions -- << {"method":"Target.targetCreated","params":{"targetInfo":{"targetId":"3E284AF07571E276C47A6E1223DF5791","type":"iframe","title":"chrome-untrusted://new-tab-page/one-google-bar?paramsencoded=","url":"chrome-untrusted://new-tab-page/one-google-bar?paramsencoded=","attached":false,"canAccessOpener":false,"browserContextId":"F8249C45A9160D14E16BA33614BC7CAC"}},"sessionId":"10F3B8FC195A95782EDFA19C4085692A"}
09:48:38.469 [nioEventLoopGroup-2-1] DEBUG com.jayway.jsonpath.internal.path.CompiledPath -- Evaluating path: $
09:48:38.470 [nioEventLoopGroup-2-1] DEBUG com.intuit.karate.driver.DriverOptions -- << {"method":"Target.targetCreated","params":{"targetInfo":{"targetId":"6E82695EDF744A9E9D4DA119C5839653","type":"background_page","title":"Google Network Speech","url":"chrome-extension://neajdppkdcdipfabeoofebfddakdcjhd/_generated_background_page.html","attached":false,"canAccessOpener":false,"browserContextId":"F8249C45A9160D14E16BA33614BC7CAC"}},"sessionId":"10F3B8FC195A95782EDFA19C4085692A"}
09:48:38.470 [nioEventLoopGroup-2-1] DEBUG com.jayway.jsonpath.internal.path.CompiledPath -- Evaluating path: $
09:48:38.470 [nioEventLoopGroup-2-1] DEBUG com.intuit.karate.driver.DriverOptions -- << {"method":"Target.targetCreated","params":{"targetInfo":{"targetId":"FF08899BDDD3AF3F9F0AD11A02E5E573","type":"background_page","title":"Google Hangouts","url":"chrome-extension://nkeimhogjdpnpccoofpliimaahmaaome/background.html","attached":false,"canAccessOpener":false,"browserContextId":"F8249C45A9160D14E16BA33614BC7CAC"}},"sessionId":"10F3B8FC195A95782EDFA19C4085692A"}
09:48:38.471 [nioEventLoopGroup-2-1] DEBUG com.jayway.jsonpath.internal.path.CompiledPath -- Evaluating path: $
09:48:38.471 [nioEventLoopGroup-2-1] DEBUG com.intuit.karate.driver.DriverOptions -- << {"id":3,"result":{},"sessionId":"10F3B8FC195A95782EDFA19C4085692A"}
09:48:38.471 [nioEventLoopGroup-2-1] DEBUG com.jayway.jsonpath.internal.path.CompiledPath -- Evaluating path: $
09:48:38.471 [main] DEBUG com.intuit.karate.driver.DriverOptions -- >> {"id":4,"sessionId":"10F3B8FC195A95782EDFA19C4085692A","method":"Page.enable"}
09:48:38.475 [nioEventLoopGroup-2-1] DEBUG com.intuit.karate.driver.DriverOptions -- << {"id":4,"result":{},"sessionId":"10F3B8FC195A95782EDFA19C4085692A"}
09:48:38.475 [nioEventLoopGroup-2-1] DEBUG com.jayway.jsonpath.internal.path.CompiledPath -- Evaluating path: $
09:48:38.475 [main] DEBUG com.intuit.karate.driver.DriverOptions -- >> {"id":5,"sessionId":"10F3B8FC195A95782EDFA19C4085692A","method":"Runtime.enable"}
09:48:38.481 [nioEventLoopGroup-2-1] DEBUG com.intuit.karate.driver.DriverOptions -- << {"method":"Runtime.executionContextCreated","params":{"context":{"id":2,"origin":"chrome://new-tab-page","name":"","uniqueId":"-2140716902659861815.1166475846570109711","auxData":{"isDefault":true,"type":"default","frameId":"3C0CD692FE8DE373C44A07D3006A4E0B"}}},"sessionId":"10F3B8FC195A95782EDFA19C4085692A"}
09:48:38.481 [nioEventLoopGroup-2-1] DEBUG com.jayway.jsonpath.internal.path.CompiledPath -- Evaluating path: $
09:48:38.481 [nioEventLoopGroup-2-1] DEBUG com.jayway.jsonpath.internal.path.CompiledPath -- Evaluating path: $['context']['auxData']['frameId']
09:48:38.482 [nioEventLoopGroup-2-1] DEBUG com.jayway.jsonpath.internal.path.CompiledPath -- Evaluating path: $['context']['id']
09:48:38.482 [nioEventLoopGroup-2-1] DEBUG com.intuit.karate.driver.DriverOptions -- << {"method":"Runtime.executionContextCreated","params":{"context":{"id":1,"origin":"chrome://new-tab-page","name":"","uniqueId":"-3145720047977147553.-5020339536197553284","auxData":{"isDefault":true,"type":"default","frameId":"34AEB298D3BC54437D6A571F4AD4D6C3"}}},"sessionId":"10F3B8FC195A95782EDFA19C4085692A"}
09:48:38.482 [nioEventLoopGroup-2-1] DEBUG com.jayway.jsonpath.internal.path.CompiledPath -- Evaluating path: $
09:48:38.482 [nioEventLoopGroup-2-1] DEBUG com.jayway.jsonpath.internal.path.CompiledPath -- Evaluating path: $['context']['auxData']['frameId']
09:48:38.482 [nioEventLoopGroup-2-1] DEBUG com.jayway.jsonpath.internal.path.CompiledPath -- Evaluating path: $['context']['id']
09:48:38.483 [nioEventLoopGroup-2-1] DEBUG com.intuit.karate.driver.DriverOptions -- << {"id":5,"result":{},"sessionId":"10F3B8FC195A95782EDFA19C4085692A"}
09:48:38.483 [nioEventLoopGroup-2-1] DEBUG com.jayway.jsonpath.internal.path.CompiledPath -- Evaluating path: $
09:48:38.485 [main] DEBUG com.jayway.jsonpath.internal.path.CompiledPath -- Evaluating path: $['targetId']
09:48:38.485 [main] DEBUG com.jayway.jsonpath.internal.path.CompiledPath -- Evaluating path: $
09:48:38.485 [main] DEBUG com.jayway.jsonpath.internal.path.CompiledPath -- Evaluating path: $
09:48:38.485 [main] DEBUG com.jayway.jsonpath.internal.JsonContext -- Put path $ key targetId value {}
09:48:38.485 [main] DEBUG com.jayway.jsonpath.internal.path.CompiledPath -- Evaluating path: $
09:48:38.485 [main] DEBUG com.jayway.jsonpath.internal.JsonContext -- Put path $ key targetId value 34AEB298D3BC54437D6A571F4AD4D6C3
09:48:38.485 [main] DEBUG com.jayway.jsonpath.internal.path.CompiledPath -- Evaluating path: $
09:48:38.485 [main] DEBUG com.intuit.karate.driver.DriverOptions -- >> {"id":6,"sessionId":"10F3B8FC195A95782EDFA19C4085692A","method":"Browser.getWindowForTarget","params":{"targetId":"34AEB298D3BC54437D6A571F4AD4D6C3"}}
09:48:38.489 [nioEventLoopGroup-2-1] DEBUG com.intuit.karate.driver.DriverOptions -- << {"id":6,"result":{"windowId":1821531237,"bounds":{"left":9,"top":9,"width":1051,"height":798,"windowState":"normal"}},"sessionId":"10F3B8FC195A95782EDFA19C4085692A"}
09:48:38.489 [nioEventLoopGroup-2-1] DEBUG com.jayway.jsonpath.internal.path.CompiledPath -- Evaluating path: $
09:48:38.762 [main] DEBUG com.jayway.jsonpath.internal.path.CompiledPath -- Evaluating path: $['url']
09:48:38.763 [main] DEBUG com.jayway.jsonpath.internal.path.CompiledPath -- Evaluating path: $
09:48:38.763 [main] DEBUG com.jayway.jsonpath.internal.path.CompiledPath -- Evaluating path: $
09:48:38.763 [main] DEBUG com.jayway.jsonpath.internal.JsonContext -- Put path $ key url value {}
09:48:38.763 [main] DEBUG com.jayway.jsonpath.internal.path.CompiledPath -- Evaluating path: $
09:48:38.763 [main] DEBUG com.jayway.jsonpath.internal.JsonContext -- Put path $ key url value https://rahulshettyacademy.com/AutomationPractice/
09:48:38.763 [main] DEBUG com.jayway.jsonpath.internal.path.CompiledPath -- Evaluating path: $
09:48:38.763 [main] DEBUG com.intuit.karate.driver.DriverOptions -- >> {"id":7,"sessionId":"10F3B8FC195A95782EDFA19C4085692A","method":"Page.navigate","params":{"url":"https:\/\/rahulshettyacademy.com\/AutomationPractice\/"}}
09:48:38.775 [nioEventLoopGroup-2-1] DEBUG com.intuit.karate.driver.DriverOptions -- << {"method":"Page.frameStartedLoading","params":{"frameId":"34AEB298D3BC54437D6A571F4AD4D6C3"},"sessionId":"10F3B8FC195A95782EDFA19C4085692A"}
09:48:38.776 [nioEventLoopGroup-2-1] DEBUG com.jayway.jsonpath.internal.path.CompiledPath -- Evaluating path: $
09:48:38.776 [nioEventLoopGroup-2-1] DEBUG com.jayway.jsonpath.internal.path.CompiledPath -- Evaluating path: $['frameId']
09:48:39.818 [nioEventLoopGroup-2-1] DEBUG com.intuit.karate.driver.DriverOptions -- << {"id":7,"result":{"frameId":"34AEB298D3BC54437D6A571F4AD4D6C3","loaderId":"8513C04965F68829FE9780D976BAA62B"},"sessionId":"10F3B8FC195A95782EDFA19C4085692A"}
09:48:39.818 [nioEventLoopGroup-2-1] DEBUG com.jayway.jsonpath.internal.path.CompiledPath -- Evaluating path: $
09:48:39.823 [nioEventLoopGroup-2-1] DEBUG com.intuit.karate.driver.DriverOptions -- << {"method":"Runtime.executionContextsCleared","params":{},"sessionId":"10F3B8FC195A95782EDFA19C4085692A"}
09:48:39.824 [nioEventLoopGroup-2-1] DEBUG com.jayway.jsonpath.internal.path.CompiledPath -- Evaluating path: $
09:48:39.826 [nioEventLoopGroup-2-1] DEBUG com.intuit.karate.driver.DriverOptions -- << {"method":"Runtime.executionContextsCleared","params":{},"sessionId":"10F3B8FC195A95782EDFA19C4085692A"}
09:48:39.826 [nioEventLoopGroup-2-1] DEBUG com.jayway.jsonpath.internal.path.CompiledPath -- Evaluating path: $
09:48:39.828 [nioEventLoopGroup-2-1] DEBUG com.intuit.karate.driver.DriverOptions -- << {"method":"Page.frameNavigated","params":{"frame":{"id":"34AEB298D3BC54437D6A571F4AD4D6C3","loaderId":"8513C04965F68829FE9780D976BAA62B","url":"https://rahulshettyacademy.com/AutomationPractice/","domainAndRegistry":"rahulshettyacademy.com","securityOrigin":"https://rahulshettyacademy.com","mimeType":"text/html","adFrameStatus":{"adFrameType":"none"},"secureContextType":"Secure","crossOriginIsolatedContextType":"NotIsolated","gatedAPIFeatures":[]},"type":"Navigation"},"sessionId":"10F3B8FC195A95782EDFA19C4085692A"}
09:48:39.828 [nioEventLoopGroup-2-1] DEBUG com.jayway.jsonpath.internal.path.CompiledPath -- Evaluating path: $
09:48:39.829 [nioEventLoopGroup-2-1] DEBUG com.jayway.jsonpath.internal.path.CompiledPath -- Evaluating path: $['frame']['id']
09:48:39.829 [nioEventLoopGroup-2-1] DEBUG com.jayway.jsonpath.internal.path.CompiledPath -- Evaluating path: $['frame']['url']
09:48:39.829 [nioEventLoopGroup-2-1] DEBUG com.jayway.jsonpath.internal.path.CompiledPath -- Evaluating path: $['frame']['name']
09:48:39.837 [nioEventLoopGroup-2-1] DEBUG com.intuit.karate.driver.DriverOptions -- << {"method":"Target.targetInfoChanged","params":{"targetInfo":{"targetId":"34AEB298D3BC54437D6A571F4AD4D6C3","type":"page","title":"rahulshettyacademy.com/AutomationPractice/","url":"https://rahulshettyacademy.com/AutomationPractice/","attached":true,"canAccessOpener":false,"browserContextId":"F8249C45A9160D14E16BA33614BC7CAC"}},"sessionId":"10F3B8FC195A95782EDFA19C4085692A"}
09:48:39.837 [nioEventLoopGroup-2-1] DEBUG com.jayway.jsonpath.internal.path.CompiledPath -- Evaluating path: $
09:48:39.837 [nioEventLoopGroup-2-1] DEBUG com.jayway.jsonpath.internal.path.CompiledPath -- Evaluating path: $['targetInfo']['targetId']
09:48:39.844 [nioEventLoopGroup-2-1] DEBUG com.intuit.karate.driver.DriverOptions -- << {"method":"Runtime.executionContextCreated","params":{"context":{"id":1,"origin":"https://rahulshettyacademy.com","name":"","uniqueId":"6480319158281134594.-9020890825817404212","auxData":{"isDefault":true,"type":"default","frameId":"34AEB298D3BC54437D6A571F4AD4D6C3"}}},"sessionId":"10F3B8FC195A95782EDFA19C4085692A"}
09:48:39.844 [nioEventLoopGroup-2-1] DEBUG com.jayway.jsonpath.internal.path.CompiledPath -- Evaluating path: $
09:48:39.844 [nioEventLoopGroup-2-1] DEBUG com.jayway.jsonpath.internal.path.CompiledPath -- Evaluating path: $['context']['auxData']['frameId']
09:48:39.844 [nioEventLoopGroup-2-1] DEBUG com.jayway.jsonpath.internal.path.CompiledPath -- Evaluating path: $['context']['id']
09:48:39.881 [nioEventLoopGroup-2-1] DEBUG com.intuit.karate.driver.DriverOptions -- << {"method":"Page.frameDetached","params":{"frameId":"3E284AF07571E276C47A6E1223DF5791","reason":"remove"},"sessionId":"10F3B8FC195A95782EDFA19C4085692A"}
09:48:39.882 [nioEventLoopGroup-2-1] DEBUG com.jayway.jsonpath.internal.path.CompiledPath -- Evaluating path: $
09:48:39.883 [nioEventLoopGroup-2-1] DEBUG com.intuit.karate.driver.DriverOptions -- << {"method":"Target.targetDestroyed","params":{"targetId":"3E284AF07571E276C47A6E1223DF5791"},"sessionId":"10F3B8FC195A95782EDFA19C4085692A"}
09:48:39.883 [nioEventLoopGroup-2-1] DEBUG com.jayway.jsonpath.internal.path.CompiledPath -- Evaluating path: $
09:48:40.473 [nioEventLoopGroup-2-1] DEBUG com.intuit.karate.driver.DriverOptions -- << {"method":"Page.frameAttached","params":{"frameId":"9408AC3CCFB4835700DB91C19335EC77","parentFrameId":"34AEB298D3BC54437D6A571F4AD4D6C3"},"sessionId":"10F3B8FC195A95782EDFA19C4085692A"}
09:48:40.473 [nioEventLoopGroup-2-1] DEBUG com.jayway.jsonpath.internal.path.CompiledPath -- Evaluating path: $
09:48:40.474 [nioEventLoopGroup-2-1] DEBUG com.intuit.karate.driver.DriverOptions -- << {"method":"Page.frameStartedLoading","params":{"frameId":"9408AC3CCFB4835700DB91C19335EC77"},"sessionId":"10F3B8FC195A95782EDFA19C4085692A"}
09:48:40.474 [nioEventLoopGroup-2-1] DEBUG com.jayway.jsonpath.internal.path.CompiledPath -- Evaluating path: $
09:48:40.474 [nioEventLoopGroup-2-1] DEBUG com.jayway.jsonpath.internal.path.CompiledPath -- Evaluating path: $['frameId']
09:48:40.562 [nioEventLoopGroup-2-1] DEBUG com.intuit.karate.driver.DriverOptions -- << {"method":"Page.domContentEventFired","params":{"timestamp":912997.719675},"sessionId":"10F3B8FC195A95782EDFA19C4085692A"}
09:48:40.563 [nioEventLoopGroup-2-1] DEBUG com.jayway.jsonpath.internal.path.CompiledPath -- Evaluating path: $
09:48:41.246 [nioEventLoopGroup-2-1] DEBUG com.intuit.karate.driver.DriverOptions -- << {"method":"Page.frameNavigated","params":{"frame":{"id":"9408AC3CCFB4835700DB91C19335EC77","parentId":"34AEB298D3BC54437D6A571F4AD4D6C3","loaderId":"9D80CD1817E1EC880BE9CCE3373C4F61","name":"iframe-name","url":"https://rahulshettyacademy.com/","domainAndRegistry":"rahulshettyacademy.com","securityOrigin":"https://rahulshettyacademy.com","mimeType":"text/html","adFrameStatus":{"adFrameType":"none","explanations":[]},"secureContextType":"Secure","crossOriginIsolatedContextType":"NotIsolated","gatedAPIFeatures":[]},"type":"Navigation"},"sessionId":"10F3B8FC195A95782EDFA19C4085692A"}
09:48:41.246 [nioEventLoopGroup-2-1] DEBUG com.jayway.jsonpath.internal.path.CompiledPath -- Evaluating path: $
09:48:41.246 [nioEventLoopGroup-2-1] DEBUG com.jayway.jsonpath.internal.path.CompiledPath -- Evaluating path: $['frame']['id']
09:48:41.246 [nioEventLoopGroup-2-1] DEBUG com.jayway.jsonpath.internal.path.CompiledPath -- Evaluating path: $['frame']['url']
09:48:41.246 [nioEventLoopGroup-2-1] DEBUG com.jayway.jsonpath.internal.path.CompiledPath -- Evaluating path: $['frame']['name']
09:48:41.249 [nioEventLoopGroup-2-1] DEBUG com.intuit.karate.driver.DriverOptions -- << {"method":"Runtime.executionContextCreated","params":{"context":{"id":2,"origin":"https://rahulshettyacademy.com","name":"","uniqueId":"6257173573212466867.-576130642962164087","auxData":{"isDefault":true,"type":"default","frameId":"9408AC3CCFB4835700DB91C19335EC77"}}},"sessionId":"10F3B8FC195A95782EDFA19C4085692A"}
09:48:41.250 [nioEventLoopGroup-2-1] DEBUG com.jayway.jsonpath.internal.path.CompiledPath -- Evaluating path: $
09:48:41.250 [nioEventLoopGroup-2-1] DEBUG com.jayway.jsonpath.internal.path.CompiledPath -- Evaluating path: $['context']['auxData']['frameId']
09:48:41.250 [nioEventLoopGroup-2-1] DEBUG com.jayway.jsonpath.internal.path.CompiledPath -- Evaluating path: $['context']['id']
09:48:42.146 [nioEventLoopGroup-2-1] DEBUG com.intuit.karate.driver.DriverOptions -- << {"method":"Target.targetCreated","params":{"targetInfo":{"targetId":"2C5DED203C6E73C4AB30E1AEC6DA8C45","type":"app","title":"Chrome Web Store Payments","url":"","attached":false,"canAccessOpener":false,"browserContextId":"F8249C45A9160D14E16BA33614BC7CAC"}},"sessionId":"10F3B8FC195A95782EDFA19C4085692A"}
09:48:42.147 [nioEventLoopGroup-2-1] DEBUG com.jayway.jsonpath.internal.path.CompiledPath -- Evaluating path: $
09:48:42.329 [nioEventLoopGroup-2-1] DEBUG com.intuit.karate.driver.DriverOptions -- << {"method":"Target.targetInfoChanged","params":{"targetInfo":{"targetId":"2C5DED203C6E73C4AB30E1AEC6DA8C45","type":"background_page","title":"Chrome Web Store Payments","url":"chrome-extension://nmmhkkegccagdldgiimedpiccmgmieda/_generated_background_page.html","attached":false,"canAccessOpener":false,"browserContextId":"F8249C45A9160D14E16BA33614BC7CAC"}},"sessionId":"10F3B8FC195A95782EDFA19C4085692A"}
09:48:42.329 [nioEventLoopGroup-2-1] DEBUG com.jayway.jsonpath.internal.path.CompiledPath -- Evaluating path: $
09:48:42.329 [nioEventLoopGroup-2-1] DEBUG com.jayway.jsonpath.internal.path.CompiledPath -- Evaluating path: $['targetInfo']['targetId']
09:48:42.636 [nioEventLoopGroup-2-1] DEBUG com.intuit.karate.driver.DriverOptions -- << {"method":"Target.targetCreated","params":{"targetInfo":{"targetId":"33D389A4F641CFE98BA6E873737D9ABC","type":"service_worker","title":"Service Worker chrome-extension://ghbmnnjooekpmoecnnnilnnbdlolhkhi/service_worker_bin_prod.js","url":"chrome-extension://ghbmnnjooekpmoecnnnilnnbdlolhkhi/service_worker_bin_prod.js","attached":false,"canAccessOpener":false,"browserContextId":"F8249C45A9160D14E16BA33614BC7CAC"}},"sessionId":"10F3B8FC195A95782EDFA19C4085692A"}
09:48:42.636 [nioEventLoopGroup-2-1] DEBUG com.jayway.jsonpath.internal.path.CompiledPath -- Evaluating path: $
09:48:43.370 [nioEventLoopGroup-2-1] DEBUG com.intuit.karate.driver.DriverOptions -- << {"method":"Page.frameAttached","params":{"frameId":"1D36EE1F8FA0E643621C1C212FF1D4C7","parentFrameId":"9408AC3CCFB4835700DB91C19335EC77","stack":{"callFrames":[{"functionName":"k_","scriptId":"27","url":"https://pagead2.googlesyndication.com/pagead/managed/js/adsense/m202409030101/show_ads_impl_fy2021.js","lineNumber":769,"columnNumber":315},{"functionName":"t_","scriptId":"27","url":"https://pagead2.googlesyndication.com/pagead/managed/js/adsense/m202409030101/show_ads_impl_fy2021.js","lineNumber":777,"columnNumber":105}]}},"sessionId":"10F3B8FC195A95782EDFA19C4085692A"}
09:48:43.371 [nioEventLoopGroup-2-1] DEBUG com.jayway.jsonpath.internal.path.CompiledPath -- Evaluating path: $
09:48:43.372 [nioEventLoopGroup-2-1] DEBUG com.intuit.karate.driver.DriverOptions -- << {"method":"Page.frameStartedLoading","params":{"frameId":"1D36EE1F8FA0E643621C1C212FF1D4C7"},"sessionId":"10F3B8FC195A95782EDFA19C4085692A"}
09:48:43.372 [nioEventLoopGroup-2-1] DEBUG com.jayway.jsonpath.internal.path.CompiledPath -- Evaluating path: $
09:48:43.372 [nioEventLoopGroup-2-1] DEBUG com.jayway.jsonpath.internal.path.CompiledPath -- Evaluating path: $['frameId']
09:48:43.389 [nioEventLoopGroup-2-1] DEBUG com.intuit.karate.driver.DriverOptions -- << {"method":"Page.frameAttached","params":{"frameId":"2997B7B73DC5D8883F1FD83913FAF544","parentFrameId":"9408AC3CCFB4835700DB91C19335EC77","stack":{"callFrames":[{"functionName":"j_","scriptId":"27","url":"https://pagead2.googlesyndication.com/pagead/managed/js/adsense/m202409030101/show_ads_impl_fy2021.js","lineNumber":768,"columnNumber":2},{"functionName":"k_","scriptId":"27","url":"https://pagead2.googlesyndication.com/pagead/managed/js/adsense/m202409030101/show_ads_impl_fy2021.js","lineNumber":771,"columnNumber":388}]}},"sessionId":"10F3B8FC195A95782EDFA19C4085692A"}
09:48:43.390 [nioEventLoopGroup-2-1] DEBUG com.jayway.jsonpath.internal.path.CompiledPath -- Evaluating path: $
09:48:43.392 [nioEventLoopGroup-2-1] DEBUG com.intuit.karate.driver.DriverOptions -- << {"method":"Page.frameStartedLoading","params":{"frameId":"2997B7B73DC5D8883F1FD83913FAF544"},"sessionId":"10F3B8FC195A95782EDFA19C4085692A"}
09:48:43.393 [nioEventLoopGroup-2-1] DEBUG com.jayway.jsonpath.internal.path.CompiledPath -- Evaluating path: $
09:48:43.393 [nioEventLoopGroup-2-1] DEBUG com.jayway.jsonpath.internal.path.CompiledPath -- Evaluating path: $['frameId']
09:48:43.400 [nioEventLoopGroup-2-1] DEBUG com.intuit.karate.driver.DriverOptions -- << {"method":"Runtime.executionContextCreated","params":{"context":{"id":3,"origin":"https://rahulshettyacademy.com","name":"","uniqueId":"-6172814537916785298.6624372121396416179","auxData":{"isDefault":true,"type":"default","frameId":"2997B7B73DC5D8883F1FD83913FAF544"}}},"sessionId":"10F3B8FC195A95782EDFA19C4085692A"}
09:48:43.401 [nioEventLoopGroup-2-1] DEBUG com.jayway.jsonpath.internal.path.CompiledPath -- Evaluating path: $
09:48:43.401 [nioEventLoopGroup-2-1] DEBUG com.jayway.jsonpath.internal.path.CompiledPath -- Evaluating path: $['context']['auxData']['frameId']
09:48:43.401 [nioEventLoopGroup-2-1] DEBUG com.jayway.jsonpath.internal.path.CompiledPath -- Evaluating path: $['context']['id']
09:48:43.982 [nioEventLoopGroup-2-1] DEBUG com.intuit.karate.driver.DriverOptions -- << {"method":"Target.targetCreated","params":{"targetInfo":{"targetId":"1D36EE1F8FA0E643621C1C212FF1D4C7","type":"iframe","title":"","url":"","attached":false,"canAccessOpener":false,"browserContextId":"F8249C45A9160D14E16BA33614BC7CAC"}},"sessionId":"10F3B8FC195A95782EDFA19C4085692A"}
09:48:43.983 [nioEventLoopGroup-2-1] DEBUG com.jayway.jsonpath.internal.path.CompiledPath -- Evaluating path: $
09:48:43.987 [nioEventLoopGroup-2-1] DEBUG com.intuit.karate.driver.DriverOptions -- << {"method":"Target.targetInfoChanged","params":{"targetInfo":{"targetId":"1D36EE1F8FA0E643621C1C212FF1D4C7","type":"iframe","title":"https://googleads.g.doubleclick.net/pagead/html/r20240904/r20110914/zrt_lookup_fy2021.html","url":"https://googleads.g.doubleclick.net/pagead/html/r20240904/r20110914/zrt_lookup_fy2021.html","attached":false,"canAccessOpener":false,"browserContextId":"F8249C45A9160D14E16BA33614BC7CAC"}},"sessionId":"10F3B8FC195A95782EDFA19C4085692A"}
09:48:43.988 [nioEventLoopGroup-2-1] DEBUG com.jayway.jsonpath.internal.path.CompiledPath -- Evaluating path: $
09:48:43.988 [nioEventLoopGroup-2-1] DEBUG com.jayway.jsonpath.internal.path.CompiledPath -- Evaluating path: $['targetInfo']['targetId']
09:48:43.989 [nioEventLoopGroup-2-1] DEBUG com.intuit.karate.driver.DriverOptions -- << {"method":"Page.frameDetached","params":{"frameId":"1D36EE1F8FA0E643621C1C212FF1D4C7","reason":"swap"},"sessionId":"10F3B8FC195A95782EDFA19C4085692A"}
09:48:43.989 [nioEventLoopGroup-2-1] DEBUG com.jayway.jsonpath.internal.path.CompiledPath -- Evaluating path: $
09:48:44.015 [nioEventLoopGroup-2-1] DEBUG com.intuit.karate.driver.DriverOptions -- << {"method":"Target.targetCreated","params":{"targetInfo":{"targetId":"2997B7B73DC5D8883F1FD83913FAF544","type":"iframe","title":"","url":"","attached":false,"canAccessOpener":false,"browserContextId":"F8249C45A9160D14E16BA33614BC7CAC"}},"sessionId":"10F3B8FC195A95782EDFA19C4085692A"}
09:48:44.016 [nioEventLoopGroup-2-1] DEBUG com.jayway.jsonpath.internal.path.CompiledPath -- Evaluating path: $
09:48:44.023 [nioEventLoopGroup-2-1] DEBUG com.intuit.karate.driver.DriverOptions -- << {"method":"Target.targetInfoChanged","params":{"targetInfo":{"targetId":"2997B7B73DC5D8883F1FD83913FAF544","type":"iframe","title":"https://googleads.g.doubleclick.net/pagead/ads?client=ca-pub-9851078085090971&output=html&adk=1812271804&adf=3279755397&abgtt=2&plat=3%3A65536%2C4%3A65536%2C9%3A32776%2C16%3A8388608%2C17%3A32%2C24%3A32%2C25%3A32%2C30%3A1048576%2C32%3A32%2C41%3A32%2C42%3A32&format=0x0&url=https%3A%2F%2Frahulshettyacademy.com%2FAutomationPractice%2F&pra=5&wgl=1&aihb=0&asro=0&ailel=1~2~4~6~7~8~9~10~11~12~13~14~15~16~17~18~19~20~21~24~29~30~34&aiael=1~2~4~6~7~8~9~10~11~12~13~14~15~16~17~18~19~20~21~24~29~30~34&aicel=33&aifxl=29_18~30_19&aiixl=29_5~30_6&aslmct=0.7&asamct=0.7&aiict=1&aiombap=1&uach=WyJXaW5kb3dzIiwiMTUuMC4wIiwieDg2IiwiIiwiMTI4LjAuNjYxMy4xMjAiLG51bGwsMCxudWxsLCI2NCIsW1siQ2hyb21pdW0iLCIxMjguMC42NjEzLjEyMCJdLFsiTm90O0E9QnJhbmQiLCIyNC4wLjAuMCJdLFsiR29vZ2xlIENocm9tZSIsIjEyOC4wLjY2MTMuMTIwIl1dLDBd&dt=1725596322902&bpp=3&bdt=1659&idt=460&shv=r20240904&mjsv=m202409030101&ptt=9&saldr=aa&cookie_e ...
09:48:44.024 [nioEventLoopGroup-2-1] DEBUG com.jayway.jsonpath.internal.path.CompiledPath -- Evaluating path: $
09:48:44.024 [nioEventLoopGroup-2-1] DEBUG com.jayway.jsonpath.internal.path.CompiledPath -- Evaluating path: $['targetInfo']['targetId']
09:48:44.025 [nioEventLoopGroup-2-1] DEBUG com.intuit.karate.driver.DriverOptions -- << {"method":"Page.frameDetached","params":{"frameId":"2997B7B73DC5D8883F1FD83913FAF544","reason":"swap"},"sessionId":"10F3B8FC195A95782EDFA19C4085692A"}
09:48:44.025 [nioEventLoopGroup-2-1] DEBUG com.jayway.jsonpath.internal.path.CompiledPath -- Evaluating path: $
09:48:44.026 [nioEventLoopGroup-2-1] DEBUG com.intuit.karate.driver.DriverOptions -- << {"method":"Runtime.executionContextDestroyed","params":{"executionContextId":3,"executionContextUniqueId":"-6172814537916785298.6624372121396416179"},"sessionId":"10F3B8FC195A95782EDFA19C4085692A"}
09:48:44.026 [nioEventLoopGroup-2-1] DEBUG com.jayway.jsonpath.internal.path.CompiledPath -- Evaluating path: $
09:48:44.035 [nioEventLoopGroup-2-1] DEBUG com.intuit.karate.driver.DriverOptions -- << {"method":"Page.frameStoppedLoading","params":{"frameId":"9408AC3CCFB4835700DB91C19335EC77"},"sessionId":"10F3B8FC195A95782EDFA19C4085692A"}
09:48:44.036 [nioEventLoopGroup-2-1] DEBUG com.jayway.jsonpath.internal.path.CompiledPath -- Evaluating path: $
09:48:44.036 [nioEventLoopGroup-2-1] DEBUG com.jayway.jsonpath.internal.path.CompiledPath -- Evaluating path: $['frameId']
09:48:44.037 [nioEventLoopGroup-2-1] DEBUG com.intuit.karate.driver.DriverOptions -- << {"method":"Page.loadEventFired","params":{"timestamp":913001.196054},"sessionId":"10F3B8FC195A95782EDFA19C4085692A"}
09:48:44.037 [nioEventLoopGroup-2-1] DEBUG com.jayway.jsonpath.internal.path.CompiledPath -- Evaluating path: $
09:48:44.038 [nioEventLoopGroup-2-1] DEBUG com.intuit.karate.driver.DriverOptions -- << {"method":"Page.frameStoppedLoading","params":{"frameId":"34AEB298D3BC54437D6A571F4AD4D6C3"},"sessionId":"10F3B8FC195A95782EDFA19C4085692A"}
09:48:44.038 [nioEventLoopGroup-2-1] DEBUG com.jayway.jsonpath.internal.path.CompiledPath -- Evaluating path: $
09:48:44.038 [nioEventLoopGroup-2-1] DEBUG com.jayway.jsonpath.internal.path.CompiledPath -- Evaluating path: $['frameId']
09:48:44.878 [nioEventLoopGroup-2-1] DEBUG com.intuit.karate.driver.DriverOptions -- << {"method":"Page.frameAttached","params":{"frameId":"C9E0C76E10F2D2D56BC05E14CBA54ECC","parentFrameId":"9408AC3CCFB4835700DB91C19335EC77","stack":{"callFrames":[{"functionName":"","scriptId":"28","url":"https://tpc.googlesyndication.com/sodar/sodar2.js","lineNumber":31,"columnNumber":245},{"functionName":"va","scriptId":"28","url":"https://tpc.googlesyndication.com/sodar/sodar2.js","lineNumber":31,"columnNumber":37},{"functionName":"","scriptId":"28","url":"https://tpc.googlesyndication.com/sodar/sodar2.js","lineNumber":41,"columnNumber":149},{"functionName":"G","scriptId":"28","url":"https://tpc.googlesyndication.com/sodar/sodar2.js","lineNumber":14,"columnNumber":293},{"functionName":"next","scriptId":"28","url":"https://tpc.googlesyndication.com/sodar/sodar2.js","lineNumber":15,"columnNumber":88},{"functionName":"","scriptId":"28","url":"https://tpc.googlesyndication.com/sodar/sodar2.js","lineNumber":15,"columnNumber":487},{"functionName":"ma","scriptId":"28","url":"https://tpc.googlesyndication.com/sodar/s ...
09:48:44.879 [nioEventLoopGroup-2-1] DEBUG com.jayway.jsonpath.internal.path.CompiledPath -- Evaluating path: $
09:48:44.885 [nioEventLoopGroup-2-1] DEBUG com.intuit.karate.driver.DriverOptions -- << {"method":"Page.frameStartedLoading","params":{"frameId":"C9E0C76E10F2D2D56BC05E14CBA54ECC"},"sessionId":"10F3B8FC195A95782EDFA19C4085692A"}
09:48:44.885 [nioEventLoopGroup-2-1] DEBUG com.jayway.jsonpath.internal.path.CompiledPath -- Evaluating path: $
09:48:44.886 [nioEventLoopGroup-2-1] DEBUG com.jayway.jsonpath.internal.path.CompiledPath -- Evaluating path: $['frameId']
09:48:44.889 [nioEventLoopGroup-2-1] DEBUG com.intuit.karate.driver.DriverOptions -- << {"method":"Page.frameAttached","params":{"frameId":"46E969739670E2D429006E1FA7D37A7F","parentFrameId":"9408AC3CCFB4835700DB91C19335EC77","stack":{"callFrames":[{"functionName":"","scriptId":"28","url":"https://tpc.googlesyndication.com/sodar/sodar2.js","lineNumber":31,"columnNumber":245},{"functionName":"va","scriptId":"28","url":"https://tpc.googlesyndication.com/sodar/sodar2.js","lineNumber":31,"columnNumber":37},{"functionName":"","scriptId":"28","url":"https://tpc.googlesyndication.com/sodar/sodar2.js","lineNumber":39,"columnNumber":202},{"functionName":"G","scriptId":"28","url":"https://tpc.googlesyndication.com/sodar/sodar2.js","lineNumber":14,"columnNumber":293},{"functionName":"next","scriptId":"28","url":"https://tpc.googlesyndication.com/sodar/sodar2.js","lineNumber":15,"columnNumber":88},{"functionName":"","scriptId":"28","url":"https://tpc.googlesyndication.com/sodar/sodar2.js","lineNumber":15,"columnNumber":487},{"functionName":"ma","scriptId":"28","url":"https://tpc.googlesyndication.com/sodar/s ...
09:48:44.891 [nioEventLoopGroup-2-1] DEBUG com.jayway.jsonpath.internal.path.CompiledPath -- Evaluating path: $
09:48:44.894 [nioEventLoopGroup-2-1] DEBUG com.intuit.karate.driver.DriverOptions -- << {"method":"Page.frameStartedLoading","params":{"frameId":"46E969739670E2D429006E1FA7D37A7F"},"sessionId":"10F3B8FC195A95782EDFA19C4085692A"}
09:48:44.895 [nioEventLoopGroup-2-1] DEBUG com.jayway.jsonpath.internal.path.CompiledPath -- Evaluating path: $
09:48:44.895 [nioEventLoopGroup-2-1] DEBUG com.jayway.jsonpath.internal.path.CompiledPath -- Evaluating path: $['frameId']
09:48:45.112 [nioEventLoopGroup-2-1] DEBUG com.intuit.karate.driver.DriverOptions -- << {"method":"Target.targetCreated","params":{"targetInfo":{"targetId":"C9E0C76E10F2D2D56BC05E14CBA54ECC","type":"iframe","title":"","url":"","attached":false,"canAccessOpener":false,"browserContextId":"F8249C45A9160D14E16BA33614BC7CAC"}},"sessionId":"10F3B8FC195A95782EDFA19C4085692A"}
09:48:45.113 [nioEventLoopGroup-2-1] DEBUG com.jayway.jsonpath.internal.path.CompiledPath -- Evaluating path: $
09:48:45.122 [nioEventLoopGroup-2-1] DEBUG com.intuit.karate.driver.DriverOptions -- << {"method":"Target.targetInfoChanged","params":{"targetInfo":{"targetId":"C9E0C76E10F2D2D56BC05E14CBA54ECC","type":"iframe","title":"https://tpc.googlesyndication.com/sodar/sodar2/225/runner.html","url":"https://tpc.googlesyndication.com/sodar/sodar2/225/runner.html","attached":false,"canAccessOpener":false,"browserContextId":"F8249C45A9160D14E16BA33614BC7CAC"}},"sessionId":"10F3B8FC195A95782EDFA19C4085692A"}
09:48:45.122 [nioEventLoopGroup-2-1] DEBUG com.jayway.jsonpath.internal.path.CompiledPath -- Evaluating path: $
09:48:45.122 [nioEventLoopGroup-2-1] DEBUG com.jayway.jsonpath.internal.path.CompiledPath -- Evaluating path: $['targetInfo']['targetId']
09:48:45.126 [nioEventLoopGroup-2-1] DEBUG com.intuit.karate.driver.DriverOptions -- << {"method":"Page.frameDetached","params":{"frameId":"C9E0C76E10F2D2D56BC05E14CBA54ECC","reason":"swap"},"sessionId":"10F3B8FC195A95782EDFA19C4085692A"}
09:48:45.126 [nioEventLoopGroup-2-1] DEBUG com.jayway.jsonpath.internal.path.CompiledPath -- Evaluating path: $
09:48:45.161 [nioEventLoopGroup-2-1] DEBUG com.intuit.karate.driver.DriverOptions -- << {"method":"Target.targetCreated","params":{"targetInfo":{"targetId":"46E969739670E2D429006E1FA7D37A7F","type":"iframe","title":"","url":"","attached":false,"canAccessOpener":false,"browserContextId":"F8249C45A9160D14E16BA33614BC7CAC"}},"sessionId":"10F3B8FC195A95782EDFA19C4085692A"}
09:48:45.161 [nioEventLoopGroup-2-1] DEBUG com.jayway.jsonpath.internal.path.CompiledPath -- Evaluating path: $
09:48:45.167 [nioEventLoopGroup-2-1] DEBUG com.intuit.karate.driver.DriverOptions -- << {"method":"Target.targetInfoChanged","params":{"targetInfo":{"targetId":"46E969739670E2D429006E1FA7D37A7F","type":"iframe","title":"https://www.google.com/recaptcha/api2/aframe","url":"https://www.google.com/recaptcha/api2/aframe","attached":false,"canAccessOpener":false,"browserContextId":"F8249C45A9160D14E16BA33614BC7CAC"}},"sessionId":"10F3B8FC195A95782EDFA19C4085692A"}
09:48:45.167 [nioEventLoopGroup-2-1] DEBUG com.jayway.jsonpath.internal.path.CompiledPath -- Evaluating path: $
09:48:45.167 [nioEventLoopGroup-2-1] DEBUG com.jayway.jsonpath.internal.path.CompiledPath -- Evaluating path: $['targetInfo']['targetId']
09:48:45.169 [nioEventLoopGroup-2-1] DEBUG com.intuit.karate.driver.DriverOptions -- << {"method":"Page.frameDetached","params":{"frameId":"46E969739670E2D429006E1FA7D37A7F","reason":"swap"},"sessionId":"10F3B8FC195A95782EDFA19C4085692A"}
09:48:45.169 [nioEventLoopGroup-2-1] DEBUG com.jayway.jsonpath.internal.path.CompiledPath -- Evaluating path: $
09:48:46.847 [nioEventLoopGroup-2-1] DEBUG com.intuit.karate.driver.DriverOptions -- << {"method":"Page.frameDetached","params":{"frameId":"C9E0C76E10F2D2D56BC05E14CBA54ECC","reason":"remove"},"sessionId":"10F3B8FC195A95782EDFA19C4085692A"}
09:48:46.848 [nioEventLoopGroup-2-1] DEBUG com.jayway.jsonpath.internal.path.CompiledPath -- Evaluating path: $
09:48:46.848 [nioEventLoopGroup-2-1] DEBUG com.intuit.karate.driver.DriverOptions -- << {"method":"Target.targetDestroyed","params":{"targetId":"C9E0C76E10F2D2D56BC05E14CBA54ECC"},"sessionId":"10F3B8FC195A95782EDFA19C4085692A"}
09:48:46.848 [nioEventLoopGroup-2-1] DEBUG com.jayway.jsonpath.internal.path.CompiledPath -- Evaluating path: $
09:48:51.797 [nioEventLoopGroup-2-1] DEBUG com.intuit.karate.driver.DriverOptions -- << {"method":"Target.targetDestroyed","params":{"targetId":"FF08899BDDD3AF3F9F0AD11A02E5E573"},"sessionId":"10F3B8FC195A95782EDFA19C4085692A"}
09:48:51.798 [nioEventLoopGroup-2-1] DEBUG com.jayway.jsonpath.internal.path.CompiledPath -- Evaluating path: $
09:48:51.825 [nioEventLoopGroup-2-1] DEBUG com.intuit.karate.driver.DriverOptions -- << {"method":"Target.targetDestroyed","params":{"targetId":"6E82695EDF744A9E9D4DA119C5839653"},"sessionId":"10F3B8FC195A95782EDFA19C4085692A"}
09:48:51.825 [nioEventLoopGroup-2-1] DEBUG com.jayway.jsonpath.internal.path.CompiledPath -- Evaluating path: $
09:48:56.491 [chrome_1725596314988-out] DEBUG com.intuit.karate.driver.chrome_1725596314988 -- Created TensorFlow Lite XNNPACK delegate for CPU.
09:48:57.415 [nioEventLoopGroup-2-1] DEBUG com.intuit.karate.driver.DriverOptions -- << {"method":"Target.targetDestroyed","params":{"targetId":"2C5DED203C6E73C4AB30E1AEC6DA8C45"},"sessionId":"10F3B8FC195A95782EDFA19C4085692A"}
09:48:57.415 [nioEventLoopGroup-2-1] DEBUG com.jayway.jsonpath.internal.path.CompiledPath -- Evaluating path: $
09:49:08.767 [main] ERROR com.intuit.karate.driver.DriverOptions -- << timed out after milliseconds: 30000 - [id: 7, sessionId: 10F3B8FC195A95782EDFA19C4085692A, method: Page.navigate, params: {"url":"https://rahulshettyacademy.com/AutomationPractice/"}]
09:49:08.768 [main] ERROR com.intuit.karate.driver.DriverOptions -- failed to get reply for :[id: 7, sessionId: 10F3B8FC195A95782EDFA19C4085692A, method: Page.navigate, params: {"url":"https://rahulshettyacademy.com/AutomationPractice/"}]. Will try to check by running a script.
09:49:08.769 [main] DEBUG com.jayway.jsonpath.internal.path.CompiledPath -- Evaluating path: $['expression']
09:49:08.770 [main] DEBUG com.jayway.jsonpath.internal.path.CompiledPath -- Evaluating path: $
09:49:08.770 [main] DEBUG com.jayway.jsonpath.internal.path.CompiledPath -- Evaluating path: $
09:49:08.770 [main] DEBUG com.jayway.jsonpath.internal.JsonContext -- Put path $ key expression value {}
09:49:08.770 [main] DEBUG com.jayway.jsonpath.internal.path.CompiledPath -- Evaluating path: $
09:49:08.771 [main] DEBUG com.jayway.jsonpath.internal.JsonContext -- Put path $ key expression value document.readyState === 'complete'
09:49:08.771 [main] DEBUG com.jayway.jsonpath.internal.path.CompiledPath -- Evaluating path: $['returnByValue']
09:49:08.771 [main] DEBUG com.jayway.jsonpath.internal.path.CompiledPath -- Evaluating path: $
09:49:08.771 [main] DEBUG com.jayway.jsonpath.internal.path.CompiledPath -- Evaluating path: $
09:49:08.771 [main] DEBUG com.jayway.jsonpath.internal.JsonContext -- Put path $ key returnByValue value {}
09:49:08.771 [main] DEBUG com.jayway.jsonpath.internal.path.CompiledPath -- Evaluating path: $
09:49:08.771 [main] DEBUG com.jayway.jsonpath.internal.JsonContext -- Put path $ key returnByValue value true
09:49:08.771 [main] DEBUG com.jayway.jsonpath.internal.path.CompiledPath -- Evaluating path: $
09:49:08.772 [main] DEBUG com.intuit.karate.driver.DriverOptions -- >> {"id":8,"sessionId":"10F3B8FC195A95782EDFA19C4085692A","method":"Runtime.evaluate","params":{"expression":"document.readyState === 'complete'","returnByValue":true}}
09:49:08.777 [nioEventLoopGroup-2-1] DEBUG com.intuit.karate.driver.DriverOptions -- << {"id":8,"result":{"result":{"type":"boolean","value":true}},"sessionId":"10F3B8FC195A95782EDFA19C4085692A"}
09:49:08.778 [nioEventLoopGroup-2-1] DEBUG com.jayway.jsonpath.internal.path.CompiledPath -- Evaluating path: $
09:49:08.779 [main] WARN com.intuit.karate.driver.DriverOptions -- document is ready, but no reply for: [id: 7, sessionId: 10F3B8FC195A95782EDFA19C4085692A, method: Page.navigate, params: {"url":"https://rahulshettyacademy.com/AutomationPractice/"}] with a ready event received. Will proceed.
09:49:08.903 [main] DEBUG com.jayway.jsonpath.internal.path.CompiledPath -- Evaluating path: $['expression']
09:49:08.903 [main] DEBUG com.jayway.jsonpath.internal.path.CompiledPath -- Evaluating path: $
09:49:08.904 [main] DEBUG com.jayway.jsonpath.internal.path.CompiledPath -- Evaluating path: $
09:49:08.904 [main] DEBUG com.jayway.jsonpath.internal.JsonContext -- Put path $ key expression value {}
09:49:08.904 [main] DEBUG com.jayway.jsonpath.internal.path.CompiledPath -- Evaluating path: $
09:49:08.904 [main] DEBUG com.jayway.jsonpath.internal.JsonContext -- Put path $ key expression value (document.querySelector("#checkBoxOption1") != null)
09:49:08.904 [main] DEBUG com.jayway.jsonpath.internal.path.CompiledPath -- Evaluating path: $['returnByValue']
09:49:08.904 [main] DEBUG com.jayway.jsonpath.internal.path.CompiledPath -- Evaluating path: $
09:49:08.904 [main] DEBUG com.jayway.jsonpath.internal.path.CompiledPath -- Evaluating path: $
09:49:08.904 [main] DEBUG com.jayway.jsonpath.internal.JsonContext -- Put path $ key returnByValue value {}
09:49:08.904 [main] DEBUG com.jayway.jsonpath.internal.path.CompiledPath -- Evaluating path: $
09:49:08.904 [main] DEBUG com.jayway.jsonpath.internal.JsonContext -- Put path $ key returnByValue value true
09:49:08.904 [main] DEBUG com.jayway.jsonpath.internal.path.CompiledPath -- Evaluating path: $
09:49:08.904 [main] DEBUG com.intuit.karate.driver.DriverOptions -- >> {"id":9,"sessionId":"10F3B8FC195A95782EDFA19C4085692A","method":"Runtime.evaluate","params":{"expression":"(document.querySelector(\"#checkBoxOption1\") != null)","returnByValue":true}}
09:49:08.909 [nioEventLoopGroup-2-1] DEBUG com.intuit.karate.driver.DriverOptions -- << {"id":9,"result":{"result":{"type":"boolean","value":true}},"sessionId":"10F3B8FC195A95782EDFA19C4085692A"}
09:49:08.909 [nioEventLoopGroup-2-1] DEBUG com.jayway.jsonpath.internal.path.CompiledPath -- Evaluating path: $
09:49:08.915 [main] DEBUG com.jayway.jsonpath.internal.path.CompiledPath -- Evaluating path: $['expression']
09:49:08.916 [main] DEBUG com.jayway.jsonpath.internal.path.CompiledPath -- Evaluating path: $
09:49:08.916 [main] DEBUG com.jayway.jsonpath.internal.path.CompiledPath -- Evaluating path: $
09:49:08.916 [main] DEBUG com.jayway.jsonpath.internal.JsonContext -- Put path $ key expression value {}
09:49:08.916 [main] DEBUG com.jayway.jsonpath.internal.path.CompiledPath -- Evaluating path: $
09:49:08.916 [main] DEBUG com.jayway.jsonpath.internal.JsonContext -- Put path $ key expression value document.querySelector("#checkBoxOption1").click()
09:49:08.916 [main] DEBUG com.jayway.jsonpath.internal.path.CompiledPath -- Evaluating path: $['returnByValue']
09:49:08.916 [main] DEBUG com.jayway.jsonpath.internal.path.CompiledPath -- Evaluating path: $
09:49:08.916 [main] DEBUG com.jayway.jsonpath.internal.path.CompiledPath -- Evaluating path: $
09:49:08.916 [main] DEBUG com.jayway.jsonpath.internal.JsonContext -- Put path $ key returnByValue value {}
09:49:08.916 [main] DEBUG com.jayway.jsonpath.internal.path.CompiledPath -- Evaluating path: $
09:49:08.916 [main] DEBUG com.jayway.jsonpath.internal.JsonContext -- Put path $ key returnByValue value true
09:49:08.916 [main] DEBUG com.jayway.jsonpath.internal.path.CompiledPath -- Evaluating path: $
09:49:08.916 [main] DEBUG com.intuit.karate.driver.DriverOptions -- >> {"id":10,"sessionId":"10F3B8FC195A95782EDFA19C4085692A","method":"Runtime.evaluate","params":{"expression":"document.querySelector(\"#checkBoxOption1\").click()","returnByValue":true}}
09:49:08.922 [nioEventLoopGroup-2-1] DEBUG com.intuit.karate.driver.DriverOptions -- << {"id":10,"result":{"result":{"type":"undefined"}},"sessionId":"10F3B8FC195A95782EDFA19C4085692A"}
09:49:08.922 [nioEventLoopGroup-2-1] DEBUG com.jayway.jsonpath.internal.path.CompiledPath -- Evaluating path: $
09:49:08.927 [main] DEBUG com.jayway.jsonpath.internal.path.CompiledPath -- Evaluating path: $['expression']
09:49:08.927 [main] DEBUG com.jayway.jsonpath.internal.path.CompiledPath -- Evaluating path: $
09:49:08.927 [main] DEBUG com.jayway.jsonpath.internal.path.CompiledPath -- Evaluating path: $
09:49:08.927 [main] DEBUG com.jayway.jsonpath.internal.JsonContext -- Put path $ key expression value {}
09:49:08.927 [main] DEBUG com.jayway.jsonpath.internal.path.CompiledPath -- Evaluating path: $
09:49:08.927 [main] DEBUG com.jayway.jsonpath.internal.JsonContext -- Put path $ key expression value document.querySelector("#checkBoxOption2").click()
09:49:08.927 [main] DEBUG com.jayway.jsonpath.internal.path.CompiledPath -- Evaluating path: $['returnByValue']
09:49:08.927 [main] DEBUG com.jayway.jsonpath.internal.path.CompiledPath -- Evaluating path: $
09:49:08.927 [main] DEBUG com.jayway.jsonpath.internal.path.CompiledPath -- Evaluating path: $
09:49:08.928 [main] DEBUG com.jayway.jsonpath.internal.JsonContext -- Put path $ key returnByValue value {}
09:49:08.928 [main] DEBUG com.jayway.jsonpath.internal.path.CompiledPath -- Evaluating path: $
09:49:08.928 [main] DEBUG com.jayway.jsonpath.internal.JsonContext -- Put path $ key returnByValue value true
09:49:08.928 [main] DEBUG com.jayway.jsonpath.internal.path.CompiledPath -- Evaluating path: $
09:49:08.928 [main] DEBUG com.intuit.karate.driver.DriverOptions -- >> {"id":11,"sessionId":"10F3B8FC195A95782EDFA19C4085692A","method":"Runtime.evaluate","params":{"expression":"document.querySelector(\"#checkBoxOption2\").click()","returnByValue":true}}
09:49:08.937 [nioEventLoopGroup-2-1] DEBUG com.intuit.karate.driver.DriverOptions -- << {"id":11,"result":{"result":{"type":"undefined"}},"sessionId":"10F3B8FC195A95782EDFA19C4085692A"}
09:49:08.938 [nioEventLoopGroup-2-1] DEBUG com.jayway.jsonpath.internal.path.CompiledPath -- Evaluating path: $
09:49:08.954 [main] DEBUG com.jayway.jsonpath.internal.path.CompiledPath -- Evaluating path: $['expression']
09:49:08.954 [main] DEBUG com.jayway.jsonpath.internal.path.CompiledPath -- Evaluating path: $
09:49:08.954 [main] DEBUG com.jayway.jsonpath.internal.path.CompiledPath -- Evaluating path: $
09:49:08.954 [main] DEBUG com.jayway.jsonpath.internal.JsonContext -- Put path $ key expression value {}
09:49:08.954 [main] DEBUG com.jayway.jsonpath.internal.path.CompiledPath -- Evaluating path: $
09:49:08.954 [main] DEBUG com.jayway.jsonpath.internal.JsonContext -- Put path $ key expression value var e = document.querySelector("#autocomplete"); e.focus(); try { e.selectionStart = e.selectionEnd = e.value.length } catch(x) {}
09:49:08.954 [main] DEBUG com.jayway.jsonpath.internal.path.CompiledPath -- Evaluating path: $['returnByValue']
09:49:08.954 [main] DEBUG com.jayway.jsonpath.internal.path.CompiledPath -- Evaluating path: $
09:49:08.954 [main] DEBUG com.jayway.jsonpath.internal.path.CompiledPath -- Evaluating path: $
09:49:08.954 [main] DEBUG com.jayway.jsonpath.internal.JsonContext -- Put path $ key returnByValue value {}
09:49:08.954 [main] DEBUG com.jayway.jsonpath.internal.path.CompiledPath -- Evaluating path: $
09:49:08.955 [main] DEBUG com.jayway.jsonpath.internal.JsonContext -- Put path $ key returnByValue value true
09:49:08.955 [main] DEBUG com.jayway.jsonpath.internal.path.CompiledPath -- Evaluating path: $
09:49:08.955 [main] DEBUG com.intuit.karate.driver.DriverOptions -- >> {"id":12,"sessionId":"10F3B8FC195A95782EDFA19C4085692A","method":"Runtime.evaluate","params":{"expression":"var e = document.querySelector(\"#autocomplete\"); e.focus(); try { e.selectionStart = e.selectionEnd = e.value.length } catch(x) {}","returnByValue":true}}
09:49:08.960 [nioEventLoopGroup-2-1] DEBUG com.intuit.karate.driver.DriverOptions -- << {"id":12,"result":{"result":{"type":"number","value":0,"description":"0"}},"sessionId":"10F3B8FC195A95782EDFA19C4085692A"}
09:49:08.960 [nioEventLoopGroup-2-1] DEBUG com.jayway.jsonpath.internal.path.CompiledPath -- Evaluating path: $
09:49:08.962 [main] DEBUG com.jayway.jsonpath.internal.path.CompiledPath -- Evaluating path: $['modifiers']
09:49:08.962 [main] DEBUG com.jayway.jsonpath.internal.path.CompiledPath -- Evaluating path: $
09:49:08.962 [main] DEBUG com.jayway.jsonpath.internal.path.CompiledPath -- Evaluating path: $
09:49:08.962 [main] DEBUG com.jayway.jsonpath.internal.JsonContext -- Put path $ key modifiers value {}
09:49:08.962 [main] DEBUG com.jayway.jsonpath.internal.path.CompiledPath -- Evaluating path: $
09:49:08.962 [main] DEBUG com.jayway.jsonpath.internal.JsonContext -- Put path $ key modifiers value 0
09:49:08.962 [main] DEBUG com.jayway.jsonpath.internal.path.CompiledPath -- Evaluating path: $['type']
09:49:08.962 [main] DEBUG com.jayway.jsonpath.internal.path.CompiledPath -- Evaluating path: $
09:49:08.962 [main] DEBUG com.jayway.jsonpath.internal.path.CompiledPath -- Evaluating path: $
09:49:08.963 [main] DEBUG com.jayway.jsonpath.internal.JsonContext -- Put path $ key type value {}
09:49:08.963 [main] DEBUG com.jayway.jsonpath.internal.path.CompiledPath -- Evaluating path: $
09:49:08.963 [main] DEBUG com.jayway.jsonpath.internal.JsonContext -- Put path $ key type value rawKeyDown
09:49:08.963 [main] DEBUG com.jayway.jsonpath.internal.path.CompiledPath -- Evaluating path: $['text']
09:49:08.963 [main] DEBUG com.jayway.jsonpath.internal.path.CompiledPath -- Evaluating path: $
09:49:08.963 [main] DEBUG com.jayway.jsonpath.internal.path.CompiledPath -- Evaluating path: $
[...]
[THYMELEAF]             * [* {th:formtarget,data-th-formtarget}] [1000]: org.thymeleaf.standard.processor.StandardRemovableAttributeTagProcessor
[THYMELEAF]             * [* {th:scrolling,data-th-scrolling}] [1000]: org.thymeleaf.standard.processor.StandardRemovableAttributeTagProcessor
[THYMELEAF]             * [* {th:compact,data-th-compact}] [1000]: org.thymeleaf.standard.processor.StandardRemovableAttributeTagProcessor
[THYMELEAF]             * [* {th:preload,data-th-preload}] [1000]: org.thymeleaf.standard.processor.StandardRemovableAttributeTagProcessor
[THYMELEAF]             * [* {th:spellcheck,data-th-spellcheck}] [1000]: org.thymeleaf.standard.processor.StandardRemovableAttributeTagProcessor
[THYMELEAF]             * [* {th:accept-charset,data-th-accept-charset}] [1000]: org.thymeleaf.standard.processor.StandardRemovableAttributeTagProcessor
[THYMELEAF]             * [* {th:class,data-th-class}] [1000]: org.thymeleaf.standard.processor.StandardRemovableAttributeTagProcessor
[THYMELEAF]             * [* {th:formaction,data-th-formaction}] [1000]: org.thymeleaf.standard.processor.StandardRemovableAttributeTagProcessor
[THYMELEAF]             * [* {th:bgcolor,data-th-bgcolor}] [1000]: org.thymeleaf.standard.processor.StandardRemovableAttributeTagProcessor
[THYMELEAF]             * [* {th:step,data-th-step}] [1000]: org.thymeleaf.standard.processor.StandardRemovableAttributeTagProcessor
[THYMELEAF]             * [* {th:frame,data-th-frame}] [1000]: org.thymeleaf.standard.processor.StandardRemovableAttributeTagProcessor
[THYMELEAF]             * [* {th:max,data-th-max}] [1000]: org.thymeleaf.standard.processor.StandardRemovableAttributeTagProcessor
[THYMELEAF]             * [* {th:sizes,data-th-sizes}] [1000]: org.thymeleaf.standard.processor.StandardRemovableAttributeTagProcessor
[THYMELEAF]             * [* {th:codetype,data-th-codetype}] [1000]: org.thymeleaf.standard.processor.StandardRemovableAttributeTagProcessor
[THYMELEAF]             * [* {th:longdesc,data-th-longdesc}] [1000]: org.thymeleaf.standard.processor.StandardRemovableAttributeTagProcessor
[THYMELEAF]             * [* {th:dropzone,data-th-dropzone}] [1000]: org.thymeleaf.standard.processor.StandardRemovableAttributeTagProcessor
[THYMELEAF]             * [* {th:min,data-th-min}] [1000]: org.thymeleaf.standard.processor.StandardRemovableAttributeTagProcessor
[THYMELEAF]             * [* {th:rows,data-th-rows}] [1000]: org.thymeleaf.standard.processor.StandardRemovableAttributeTagProcessor
[THYMELEAF]             * [* {th:content,data-th-content}] [1000]: org.thymeleaf.standard.processor.StandardRemovableAttributeTagProcessor
[THYMELEAF]             * [* {th:cols,data-th-cols}] [1000]: org.thymeleaf.standard.processor.StandardRemovableAttributeTagProcessor
[THYMELEAF]             * [* {th:data,data-th-data}] [1000]: org.thymeleaf.standard.processor.StandardRemovableAttributeTagProcessor
[THYMELEAF]             * [* {th:rel,data-th-rel}] [1000]: org.thymeleaf.standard.processor.StandardRemovableAttributeTagProcessor
[THYMELEAF]             * [* {th:abbr,data-th-abbr}] [1000]: org.thymeleaf.standard.processor.StandardRemovableAttributeTagProcessor
[THYMELEAF]             * [* {th:marginheight,data-th-marginheight}] [1000]: org.thymeleaf.standard.processor.StandardRemovableAttributeTagProcessor
[THYMELEAF]             * [* {th:marginwidth,data-th-marginwidth}] [1000]: org.thymeleaf.standard.processor.StandardRemovableAttributeTagProcessor
[THYMELEAF]             * [* {th:span,data-th-span}] [1000]: org.thymeleaf.standard.processor.StandardRemovableAttributeTagProcessor
[THYMELEAF]             * [* {th:vspace,data-th-vspace}] [1000]: org.thymeleaf.standard.processor.StandardRemovableAttributeTagProcessor
[THYMELEAF]             * [* {th:wrap,data-th-wrap}] [1000]: org.thymeleaf.standard.processor.StandardRemovableAttributeTagProcessor
[THYMELEAF]             * [* {th:title,data-th-title}] [1000]: org.thymeleaf.standard.processor.StandardRemovableAttributeTagProcessor
[THYMELEAF]             * [* {th:standby,data-th-standby}] [1000]: org.thymeleaf.standard.processor.StandardRemovableAttributeTagProcessor
[THYMELEAF]             * [* {th:pattern,data-th-pattern}] [1000]: org.thymeleaf.standard.processor.StandardRemovableAttributeTagProcessor
[THYMELEAF]             * [* {th:hreflang,data-th-hreflang}] [1000]: org.thymeleaf.standard.processor.StandardRemovableAttributeTagProcessor
[THYMELEAF]             * [* {th:tabindex,data-th-tabindex}] [1000]: org.thymeleaf.standard.processor.StandardRemovableAttributeTagProcessor
[THYMELEAF]             * [* {th:classid,data-th-classid}] [1000]: org.thymeleaf.standard.processor.StandardRemovableAttributeTagProcessor
[THYMELEAF]             * [* {th:cellspacing,data-th-cellspacing}] [1000]: org.thymeleaf.standard.processor.StandardRemovableAttributeTagProcessor
[THYMELEAF]             * [* {th:cellpadding,data-th-cellpadding}] [1000]: org.thymeleaf.standard.processor.StandardRemovableAttributeTagProcessor
[THYMELEAF]             * [* {th:low,data-th-low}] [1000]: org.thymeleaf.standard.processor.StandardRemovableAttributeTagProcessor
[THYMELEAF]             * [* {th:size,data-th-size}] [1000]: org.thymeleaf.standard.processor.StandardRemovableAttributeTagProcessor
[THYMELEAF]             * [* {th:draggable,data-th-draggable}] [1000]: org.thymeleaf.standard.processor.StandardRemovableAttributeTagProcessor
[THYMELEAF]             * [* {th:src,data-th-src}] [1000]: org.thymeleaf.standard.processor.StandardSrcTagProcessor
[THYMELEAF]             * [* {th:value,data-th-value}] [1000]: org.thymeleaf.standard.processor.StandardValueTagProcessor
[THYMELEAF]             * [* {th:xmlbase,data-th-xmlbase}] [1000]: org.thymeleaf.standard.processor.StandardXmlBaseTagProcessor
[THYMELEAF]             * [* {th:xmllang,data-th-xmllang}] [1000]: org.thymeleaf.standard.processor.StandardXmlLangTagProcessor
[THYMELEAF]             * [* {xmlns:th}] [1000]: org.thymeleaf.standard.processor.StandardXmlNsTagProcessor
[THYMELEAF]             * [* {th:xmlspace,data-th-xmlspace}] [1000]: org.thymeleaf.standard.processor.StandardXmlSpaceTagProcessor
[THYMELEAF]             * [* {th:classappend,data-th-classappend}] [1100]: org.thymeleaf.standard.processor.StandardClassappendTagProcessor
[THYMELEAF]             * [* {th:styleappend,data-th-styleappend}] [1100]: org.thymeleaf.standard.processor.StandardStyleappendTagProcessor
[THYMELEAF]             * [* {th:text,data-th-text}] [1300]: org.thymeleaf.standard.processor.StandardTextTagProcessor
[THYMELEAF]             * [* {th:utext,data-th-utext}] [1400]: org.thymeleaf.standard.processor.StandardUtextTagProcessor
[THYMELEAF]             * [* {th:fragment,data-th-fragment}] [1500]: org.thymeleaf.standard.processor.StandardFragmentTagProcessor
[THYMELEAF]             * [* {th:assert,data-th-assert}] [1550]: org.thymeleaf.standard.processor.StandardAssertTagProcessor
[THYMELEAF]             * [* {th:remove,data-th-remove}] [1600]: org.thymeleaf.standard.processor.StandardRemoveTagProcessor
[THYMELEAF]             * [* {th:ref,data-th-ref}] [10000]: org.thymeleaf.standard.processor.StandardRefAttributeTagProcessor
[THYMELEAF]             * [{th:block,th-block} *] [100000]: org.thymeleaf.standard.processor.StandardBlockTagProcessor
[THYMELEAF]             * [* th:*] [2147483647]: org.thymeleaf.standard.processor.StandardDefaultAttributesTagProcessor
[THYMELEAF]         * Text Processors by [precedence]:
[THYMELEAF]             * [1000]: org.thymeleaf.standard.processor.StandardInliningTextProcessor
[THYMELEAF]         * DOCTYPE Processors by [precedence]:
[THYMELEAF]             * [1000]: org.thymeleaf.standard.processor.StandardTranslationDocTypeProcessor
[THYMELEAF]         * CDATA Section Processors by [precedence]:
[THYMELEAF]             * [1000]: org.thymeleaf.standard.processor.StandardInliningCDATASectionProcessor
[THYMELEAF]         * Comment Processors by [precedence]:
[THYMELEAF]             * [1000]: org.thymeleaf.standard.processor.StandardInliningCommentProcessor
[THYMELEAF]             * [1100]: org.thymeleaf.standard.processor.StandardConditionalCommentProcessor
[THYMELEAF]     * Processors for Template Mode: XML
[THYMELEAF]         * Element Tag Processors by [matching element and attribute name] [precedence]:
[THYMELEAF]             * [* {th:include}] [100]: org.thymeleaf.standard.processor.StandardIncludeTagProcessor
[THYMELEAF]             * [* {th:insert}] [100]: org.thymeleaf.standard.processor.StandardInsertTagProcessor
[THYMELEAF]             * [* {th:replace}] [100]: org.thymeleaf.standard.processor.StandardReplaceTagProcessor
[THYMELEAF]             * [* {th:each}] [200]: com.intuit.karate.template.KarateEachTagProcessor
[THYMELEAF]             * [* {th:switch}] [250]: org.thymeleaf.standard.processor.StandardSwitchTagProcessor
[THYMELEAF]             * [* {th:case}] [275]: org.thymeleaf.standard.processor.StandardCaseTagProcessor
[THYMELEAF]             * [* {th:if}] [300]: org.thymeleaf.standard.processor.StandardIfTagProcessor
[THYMELEAF]             * [* {th:unless}] [400]: org.thymeleaf.standard.processor.StandardUnlessTagProcessor
[THYMELEAF]             * [* {th:object}] [500]: org.thymeleaf.standard.processor.StandardObjectTagProcessor
[THYMELEAF]             * [* {th:with}] [600]: com.intuit.karate.template.KarateWithTagProcessor
[THYMELEAF]             * [* {th:attr}] [700]: com.intuit.karate.template.KarateAttributeTagProcessor.KarateAttrTagProcessor
[THYMELEAF]             * [* {th:attrappend}] [900]: com.intuit.karate.template.KarateAttributeTagProcessor.KarateAttrappendTagProcessor
[THYMELEAF]             * [* {th:attrprepend}] [900]: com.intuit.karate.template.KarateAttributeTagProcessor.KarateAttrprependTagProcessor
[THYMELEAF]             * [* {th:inline}] [1000]: org.thymeleaf.standard.processor.StandardInlineXMLTagProcessor
[THYMELEAF]             * [* {xmlns:th}] [1000]: org.thymeleaf.standard.processor.StandardXmlNsTagProcessor
[THYMELEAF]             * [* {th:text}] [1300]: org.thymeleaf.standard.processor.StandardTextTagProcessor
[THYMELEAF]             * [* {th:utext}] [1400]: org.thymeleaf.standard.processor.StandardUtextTagProcessor
[THYMELEAF]             * [* {th:fragment}] [1500]: org.thymeleaf.standard.processor.StandardFragmentTagProcessor
[THYMELEAF]             * [* {th:assert}] [1550]: org.thymeleaf.standard.processor.StandardAssertTagProcessor
[THYMELEAF]             * [* {th:remove}] [1600]: org.thymeleaf.standard.processor.StandardRemoveTagProcessor
[THYMELEAF]             * [* {th:ref}] [10000]: org.thymeleaf.standard.processor.StandardRefAttributeTagProcessor
[THYMELEAF]             * [{th:block} *] [100000]: org.thymeleaf.standard.processor.StandardBlockTagProcessor
[THYMELEAF]             * [* th:*] [2147483647]: org.thymeleaf.standard.processor.StandardDefaultAttributesTagProcessor
[THYMELEAF]         * Text Processors by [precedence]:
[THYMELEAF]             * [1000]: org.thymeleaf.standard.processor.StandardInliningTextProcessor
[THYMELEAF]         * CDATA Section Processors by [precedence]:
[THYMELEAF]             * [1000]: org.thymeleaf.standard.processor.StandardInliningCDATASectionProcessor
[THYMELEAF]         * Comment Processors by [precedence]:
[THYMELEAF]             * [1000]: org.thymeleaf.standard.processor.StandardInliningCommentProcessor
[THYMELEAF]     * Processors for Template Mode: TEXT
[THYMELEAF]         * Element Tag Processors by [matching element and attribute name] [precedence]:
[THYMELEAF]             * [* {th:insert}] [100]: org.thymeleaf.standard.processor.StandardInsertTagProcessor
[THYMELEAF]             * [* {th:replace}] [100]: org.thymeleaf.standard.processor.StandardReplaceTagProcessor
[THYMELEAF]             * [* {th:each}] [200]: com.intuit.karate.template.KarateEachTagProcessor
[THYMELEAF]             * [* {th:switch}] [250]: org.thymeleaf.standard.processor.StandardSwitchTagProcessor
[THYMELEAF]             * [* {th:case}] [275]: org.thymeleaf.standard.processor.StandardCaseTagProcessor
[THYMELEAF]             * [* {th:if}] [300]: org.thymeleaf.standard.processor.StandardIfTagProcessor
[THYMELEAF]             * [* {th:unless}] [400]: org.thymeleaf.standard.processor.StandardUnlessTagProcessor
[THYMELEAF]             * [* {th:object}] [500]: org.thymeleaf.standard.processor.StandardObjectTagProcessor
[THYMELEAF]             * [* {th:with}] [600]: com.intuit.karate.template.KarateWithTagProcessor
[THYMELEAF]             * [* {th:inline}] [1000]: org.thymeleaf.standard.processor.StandardInlineTextualTagProcessor
[THYMELEAF]             * [* {th:text}] [1300]: org.thymeleaf.standard.processor.StandardTextTagProcessor
[THYMELEAF]             * [* {th:utext}] [1400]: org.thymeleaf.standard.processor.StandardUtextTagProcessor
[THYMELEAF]             * [* {th:assert}] [1550]: org.thymeleaf.standard.processor.StandardAssertTagProcessor
[THYMELEAF]             * [* {th:remove}] [1600]: org.thymeleaf.standard.processor.StandardRemoveTagProcessor
[THYMELEAF]             * [* 100000] [org.thymeleaf.standard.processor.StandardBlockTagProcessor]: {}
[THYMELEAF]             * [{th:block} *] [100000]: org.thymeleaf.standard.processor.StandardBlockTagProcessor
[THYMELEAF]         * Text Processors by [precedence]:
[THYMELEAF]             * [1000]: org.thymeleaf.standard.processor.StandardInliningTextProcessor
[THYMELEAF]     * Processors for Template Mode: JAVASCRIPT
[THYMELEAF]         * Element Tag Processors by [matching element and attribute name] [precedence]:
[THYMELEAF]             * [* {th:insert}] [100]: org.thymeleaf.standard.processor.StandardInsertTagProcessor
[THYMELEAF]             * [* {th:replace}] [100]: org.thymeleaf.standard.processor.StandardReplaceTagProcessor
[THYMELEAF]             * [* {th:each}] [200]: com.intuit.karate.template.KarateEachTagProcessor
[THYMELEAF]             * [* {th:switch}] [250]: org.thymeleaf.standard.processor.StandardSwitchTagProcessor
[THYMELEAF]             * [* {th:case}] [275]: org.thymeleaf.standard.processor.StandardCaseTagProcessor
[THYMELEAF]             * [* {th:if}] [300]: org.thymeleaf.standard.processor.StandardIfTagProcessor
[THYMELEAF]             * [* {th:unless}] [400]: org.thymeleaf.standard.processor.StandardUnlessTagProcessor
[THYMELEAF]             * [* {th:object}] [500]: org.thymeleaf.standard.processor.StandardObjectTagProcessor
[THYMELEAF]             * [* {th:with}] [600]: com.intuit.karate.template.KarateWithTagProcessor
[THYMELEAF]             * [* {th:inline}] [1000]: org.thymeleaf.standard.processor.StandardInlineTextualTagProcessor
[THYMELEAF]             * [* {th:text}] [1300]: org.thymeleaf.standard.processor.StandardTextTagProcessor
[THYMELEAF]             * [* {th:utext}] [1400]: org.thymeleaf.standard.processor.StandardUtextTagProcessor
[THYMELEAF]             * [* {th:assert}] [1550]: org.thymeleaf.standard.processor.StandardAssertTagProcessor
[THYMELEAF]             * [* {th:remove}] [1600]: org.thymeleaf.standard.processor.StandardRemoveTagProcessor
[THYMELEAF]             * [{th:block} *] [100000]: org.thymeleaf.standard.processor.StandardBlockTagProcessor
[THYMELEAF]             * [* 100000] [org.thymeleaf.standard.processor.StandardBlockTagProcessor]: {}
[THYMELEAF]         * Text Processors by [precedence]:
[THYMELEAF]             * [1000]: org.thymeleaf.standard.processor.StandardInliningTextProcessor
[THYMELEAF]     * Processors for Template Mode: CSS
[THYMELEAF]         * Element Tag Processors by [matching element and attribute name] [precedence]:
[THYMELEAF]             * [* {th:insert}] [100]: org.thymeleaf.standard.processor.StandardInsertTagProcessor
[THYMELEAF]             * [* {th:replace}] [100]: org.thymeleaf.standard.processor.StandardReplaceTagProcessor
[THYMELEAF]             * [* {th:each}] [200]: com.intuit.karate.template.KarateEachTagProcessor
[THYMELEAF]             * [* {th:switch}] [250]: org.thymeleaf.standard.processor.StandardSwitchTagProcessor
[THYMELEAF]             * [* {th:case}] [275]: org.thymeleaf.standard.processor.StandardCaseTagProcessor
[THYMELEAF]             * [* {th:if}] [300]: org.thymeleaf.standard.processor.StandardIfTagProcessor
[THYMELEAF]             * [* {th:unless}] [400]: org.thymeleaf.standard.processor.StandardUnlessTagProcessor
[THYMELEAF]             * [* {th:object}] [500]: org.thymeleaf.standard.processor.StandardObjectTagProcessor
[THYMELEAF]             * [* {th:with}] [600]: com.intuit.karate.template.KarateWithTagProcessor
[THYMELEAF]             * [* {th:inline}] [1000]: org.thymeleaf.standard.processor.StandardInlineTextualTagProcessor
[THYMELEAF]             * [* {th:text}] [1300]: org.thymeleaf.standard.processor.StandardTextTagProcessor
[THYMELEAF]             * [* {th:utext}] [1400]: org.thymeleaf.standard.processor.StandardUtextTagProcessor
[THYMELEAF]             * [* {th:assert}] [1550]: org.thymeleaf.standard.processor.StandardAssertTagProcessor
[THYMELEAF]             * [* {th:remove}] [1600]: org.thymeleaf.standard.processor.StandardRemoveTagProcessor
[THYMELEAF]             * [{th:block} *] [100000]: org.thymeleaf.standard.processor.StandardBlockTagProcessor
[THYMELEAF]             * [* 100000] [org.thymeleaf.standard.processor.StandardBlockTagProcessor]: {}
[THYMELEAF]         * Text Processors by [precedence]:
[THYMELEAF]             * [1000]: org.thymeleaf.standard.processor.StandardInliningTextProcessor
[THYMELEAF]     * Expression Objects:
[THYMELEAF]         * #ctx
[THYMELEAF]         * #root
[THYMELEAF]         * #vars
[THYMELEAF]         * #object
[THYMELEAF]         * #locale
[THYMELEAF]         * #conversions
[THYMELEAF]         * #uris
[THYMELEAF]         * #temporals
[THYMELEAF]         * #calendars
[THYMELEAF]         * #dates
[THYMELEAF]         * #bools
[THYMELEAF]         * #numbers
[THYMELEAF]         * #objects
[THYMELEAF]         * #strings
[THYMELEAF]         * #arrays
[THYMELEAF]         * #lists
[THYMELEAF]         * #sets
[THYMELEAF]         * #maps
[THYMELEAF]         * #aggregates
[THYMELEAF]         * #messages
[THYMELEAF]         * #ids
[THYMELEAF]         * #execInfo
[THYMELEAF]         * #request
[THYMELEAF]         * #response
[THYMELEAF]         * #session
[THYMELEAF]         * #servletContext
[THYMELEAF]     * Execution Attributes:
[THYMELEAF]         * "StandardExpressionParser": com.intuit.karate.template.KarateStandardDialect@d7055be
[THYMELEAF]         * "StandardJavaScriptSerializer": org.thymeleaf.standard.serializer.StandardJavaScriptSerializer@526893f
[THYMELEAF]         * "StandardCSSSerializer": org.thymeleaf.standard.serializer.StandardCSSSerializer@3de45b6c
[THYMELEAF]         * "StandardVariableExpressionEvaluator": com.intuit.karate.template.KarateStandardDialect@d7055be
[THYMELEAF]         * "StandardConversionService": org.thymeleaf.standard.expression.StandardConversionService@37caecda
[THYMELEAF] * Dialect [2 of 2]: karate (com.intuit.karate.template.KarateScriptDialect)
[THYMELEAF]     * Prefix: "ka"
[THYMELEAF]     * Processors for Template Mode: HTML
[THYMELEAF]         * Element Tag Processors by [matching element and attribute name] [precedence]:
[THYMELEAF]             * [* {src}] [1000]: com.intuit.karate.template.KaScriptAttrProcessor
[THYMELEAF]         * Element Model Processors by [matching element and attribute name] [precedence]:
[THYMELEAF]             * [{script} {ka:scope,data-ka-scope}] [1000]: com.intuit.karate.template.KaScriptElemProcessor
[THYMELEAF]             * [* {ka:set,data-ka-set}] [1000]: com.intuit.karate.template.KaSetElemProcessor
[THYMELEAF] TEMPLATE ENGINE CONFIGURED OK
09:49:25.079 [main] DEBUG org.thymeleaf.TemplateEngine -- [THYMELEAF] TEMPLATE ENGINE INITIALIZED

HTML report: (paste into browser to view) | Karate version: 1.4.1
file:///C:/Users/swats/Mani%20Eclipse%20New%20Workspace/Karate/target/karate-reports/karate-summary.html
===================================================================

]]></system-out>
  </testcase>
</testsuite>